 
    N o n u n i f o r m - m e s h   F i n i t e   D i f f e r e n c e                                         
       _____                            _  _                                _____         _                   
      / ____|                          (_)| |                              / ____|       | |                  
     | |      __ _  _ __    __ _   ___  _ | |_  __ _  _ __    ___  ___    | (___    ___  | |__   __ ___  _ __ 
     | |     / _` || '_ \  / _` | / __|| || __|/ _` || '_ \  / __|/ _ \    \___ \  / _ \ | |\ \ / // _ \| '__|
     | |____| (_| || |_) || (_| || (__ | || |_| (_| || | | || (__|  __/    ____) || (_) || | \ V /|  __/| |   
      \_____|\__,_|| .__/  \__,_| \___||_| \__|\__,_||_| |_| \___|\___|   |_____/  \___/ |_|  \_/  \___||_|   
                   | |                                                                                        
                   |_|                                    C y l i n d r i c a l   S y m m e t r y   Ver. 0.0  
                                                          (Specialized for AFM Probe over a Multilayer sample)
 
                                                                                  Time: 02.08.2021    13:46:36
 
 
 
 ------------ Echo of input file: capsol.in ----------
  1000  1000     2                                # Number of grids: n, m+, m-
  0.500    1.00E+06    1.00E+06                   # Resolution: h0, Box-size: Rho_max, Z_max    *** ALL LENGTHS IN NANOMETER *** 
   150.000   250.000   4                          # Tip-sample separation: min, max, istep (stepsize=istep*h0)
  30.0  20.0   15.00E+03   13.75E+03  999.99E+00  # Probe shape: Rtip,half-angle,HCone,RCantilever, thickness_Cantilever
  30.000E+00   1.000E+00                          # Sample: eps_r, Thickness_sample
LAPACK    0  1                                    # Solving: Method{LAPACK,PARDISO,NOSOLVE}, Test?(0=No,1=Sphere,2=lever-only),Verbosiy>0)
    1      F # New grid params: Uniformly spaced points, equally spaced sample grid?
 
 
 ===S/R,C/pi.e0.R:   5.0000  0.2037808E+04
                                                             +++Separation,Capacitance, cpu time: *****  0.1700525E+04     94.83
 ===S/R,C/pi.e0.R:   5.0667  0.6971484E+24
                                                             +++Separation,Capacitance, cpu time: *****  0.5817617E+24    174.67
 ===S/R,C/pi.e0.R:   5.1333  0.2037337E+04
                                                             +++Separation,Capacitance, cpu time: *****  0.1700132E+04    263.65
 ===S/R,C/pi.e0.R:   5.2000  0.7113927E+24
                                                             +++Separation,Capacitance, cpu time: *****  0.5936483E+24    346.91
 ===S/R,C/pi.e0.R:   5.2667  0.7134077E+24
                                                             +++Separation,Capacitance, cpu time: *****  0.5953298E+24    430.53
 ===S/R,C/pi.e0.R:   5.3333  0.7089038E+24
                                                             +++Separation,Capacitance, cpu time: *****  0.5915714E+24    514.41
 ===S/R,C/pi.e0.R:   5.4000  0.7049803E+24
                                                             +++Separation,Capacitance, cpu time: *****  0.5882973E+24    600.37
 ===S/R,C/pi.e0.R:   5.4667  0.6847615E+24
                                                             +++Separation,Capacitance, cpu time: *****  0.5714250E+24    684.72
 ===S/R,C/pi.e0.R:   5.5333  0.5796783E+24
                                                             +++Separation,Capacitance, cpu time: *****  0.4837343E+24    771.01
 ===S/R,C/pi.e0.R:   5.6000  0.6830900E+24
                                                             +++Separation,Capacitance, cpu time: *****  0.5700301E+24    856.12
 ===S/R,C/pi.e0.R:   5.6667  0.7005245E+24
                                                             +++Separation,Capacitance, cpu time: *****  0.5845789E+24    941.62
 ===S/R,C/pi.e0.R:   5.7333  0.7212548E+24
                                                             +++Separation,Capacitance, cpu time: *****  0.6018781E+24   1028.61
 ===S/R,C/pi.e0.R:   5.8000  0.7034161E+24
                                                             +++Separation,Capacitance, cpu time: *****  0.5869919E+24   1114.10
 ===S/R,C/pi.e0.R:   5.8667  0.7018968E+24
                                                             +++Separation,Capacitance, cpu time: *****  0.5857241E+24   1199.77
 ===S/R,C/pi.e0.R:   5.9333  0.6956702E+24
                                                             +++Separation,Capacitance, cpu time: *****  0.5805281E+24   1287.26
 ===S/R,C/pi.e0.R:   6.0000  0.6941883E+24
                                                             +++Separation,Capacitance, cpu time: *****  0.5792915E+24   1373.47
 ===S/R,C/pi.e0.R:   6.0667  0.6774107E+24
                                                             +++Separation,Capacitance, cpu time: *****  0.5652908E+24   1459.93
 ===S/R,C/pi.e0.R:   6.1333  0.6878427E+24
                                                             +++Separation,Capacitance, cpu time: *****  0.5739961E+24   1546.64
 ===S/R,C/pi.e0.R:   6.2000  0.2033673E+04
                                                             +++Separation,Capacitance, cpu time: *****  0.1697075E+04   1639.62
 ===S/R,C/pi.e0.R:   6.2667  0.6675722E+24
                                                             +++Separation,Capacitance, cpu time: *****  0.5570807E+24   1727.16
 ===S/R,C/pi.e0.R:   6.3333  0.6620305E+24
                                                             +++Separation,Capacitance, cpu time: *****  0.5524562E+24   1814.63
 ===S/R,C/pi.e0.R:   6.4000  0.6738316E+24
                                                             +++Separation,Capacitance, cpu time: *****  0.5623041E+24   1902.76
 ===S/R,C/pi.e0.R:   6.4667  0.6818231E+24
                                                             +++Separation,Capacitance, cpu time: *****  0.5689729E+24   1990.94
 ===S/R,C/pi.e0.R:   6.5333  0.6682970E+24
                                                             +++Separation,Capacitance, cpu time: *****  0.5576855E+24   2079.22
 ===S/R,C/pi.e0.R:   6.6000  0.6686149E+24
                                                             +++Separation,Capacitance, cpu time: *****  0.5579508E+24   2168.41
 ===S/R,C/pi.e0.R:   6.6667  0.6228231E+24
                                                             +++Separation,Capacitance, cpu time: *****  0.5197381E+24   2252.37
 ===S/R,C/pi.e0.R:   6.7333  0.6460849E+24
                                                             +++Separation,Capacitance, cpu time: *****  0.5391498E+24   2340.76
 ===S/R,C/pi.e0.R:   6.8000  0.6581712E+24
                                                             +++Separation,Capacitance, cpu time: *****  0.5492357E+24   2429.88
 ===S/R,C/pi.e0.R:   6.8667  0.6764479E+24
                                                             +++Separation,Capacitance, cpu time: *****  0.5644873E+24   2519.32
 ===S/R,C/pi.e0.R:   6.9333  0.6653816E+24
                                                             +++Separation,Capacitance, cpu time: *****  0.5552527E+24   2609.00
 ===S/R,C/pi.e0.R:   7.0000  0.6804146E+24
                                                             +++Separation,Capacitance, cpu time: *****  0.5677975E+24   2699.02
 ===S/R,C/pi.e0.R:   7.0667  0.6724347E+24
                                                             +++Separation,Capacitance, cpu time: *****  0.5611384E+24   2789.11
 ===S/R,C/pi.e0.R:   7.1333  0.6361069E+24
                                                             +++Separation,Capacitance, cpu time: *****  0.5308233E+24   2879.59
 ===S/R,C/pi.e0.R:   7.2000  0.6563852E+24
                                                             +++Separation,Capacitance, cpu time: *****  0.5477453E+24   2970.65
 ===S/R,C/pi.e0.R:   7.2667  0.6888877E+24
                                                             +++Separation,Capacitance, cpu time: *****  0.5748682E+24   3061.51
