Capsol Py
[150. 152. 154. 156. 158. 160. 162. 164. 166. 168. 170. 172. 174. 176.
 178. 180. 182. 184. 186. 188. 190. 192. 194. 196. 198. 200. 202. 204.
 206. 208. 210. 212. 214. 216. 218. 220. 222. 224. 226. 228. 230. 232.
 234. 236. 238. 240. 242. 244. 246. 248.]
0:00:46.477217
0:00:45.907109
0:00:46.158231
0:00:45.634276
0:00:47.132138
0:00:46.655284
0:00:48.221062
0:00:48.818727
0:00:48.255622
0:00:47.713139
0:00:47.939018
0:00:49.065598
0:00:48.656456
0:00:49.251255
0:00:47.246793
0:00:51.119231
0:00:48.842801
0:00:49.814238
0:00:50.209335
0:00:47.663247
0:00:45.585150
0:00:47.955530
0:00:46.185475
0:00:46.022987
0:00:46.389626
0:00:48.146934
0:00:47.646477
0:00:47.736258
0:00:49.014014
0:00:46.362874
0:00:47.570198
0:00:47.432554
0:00:50.838069
0:00:49.557406
0:00:47.418605
0:00:49.313649
0:00:49.354988
0:00:47.913961
0:00:48.893566
0:00:50.696532
0:00:50.171835
0:00:47.911519
0:00:49.365336
0:00:50.582918
0:00:50.122014
0:00:50.537646
0:00:51.006480
0:00:49.775199
0:00:52.817113
0:00:51.120177
Exiting...
