 
    N o n u n i f o r m - m e s h   F i n i t e   D i f f e r e n c e                                         
       _____                            _  _                                _____         _                   
      / ____|                          (_)| |                              / ____|       | |                  
     | |      __ _  _ __    __ _   ___  _ | |_  __ _  _ __    ___  ___    | (___    ___  | |__   __ ___  _ __ 
     | |     / _` || '_ \  / _` | / __|| || __|/ _` || '_ \  / __|/ _ \    \___ \  / _ \ | |\ \ / // _ \| '__|
     | |____| (_| || |_) || (_| || (__ | || |_| (_| || | | || (__|  __/    ____) || (_) || | \ V /|  __/| |   
      \_____|\__,_|| .__/  \__,_| \___||_| \__|\__,_||_| |_| \___|\___|   |_____/  \___/ |_|  \_/  \___||_|   
                   | |                                                                                        
                   |_|                                    C y l i n d r i c a l   S y m m e t r y   Ver. 0.0  
                                                          (Specialized for AFM Probe over a Multilayer sample)
 
                                                                                  Time: 04.08.2021    14:35:12
 
 
 
 ------------ Echo of input file: capsol.in ----------
   500   500    10                                # Number of grids: n, m+, m-
  0.500    1.00E+06    1.00E+06                   # Resolution: h0, Box-size: Rho_max, Z_max    *** ALL LENGTHS IN NANOMETER *** 
     2.000    20.000   2                          # Tip-sample separation: min, max, istep (stepsize=istep*h0)
  20.0  15.0   15.00E+03   40.00E+03  500.00E+00  # Probe shape: Rtip,half-angle,HCone,RCantilever, thickness_Cantilever
   3.000E+00 500.000E-03                          # Sample: eps_r, Thickness_sample
LAPACK    0  0                                    # Solving: Method{LAPACK,PARDISO,NOSOLVE}, Test?(0=No,1=Sphere,2=lever-only),Verbosiy>0)
    1      F # New grid params: Uniformly spaced points, equally spaced sample grid?
 
 
 ===S/R,C/pi.e0.R:   0.1000  0.1133488E+05
                                                             +++Separation,Capacitance, cpu time:  2.00  0.6305876E+04      9.01
 ===S/R,C/pi.e0.R:   0.1500  0.1133368E+05
                                                             +++Separation,Capacitance, cpu time:  3.00  0.6305210E+04     17.60
 ===S/R,C/pi.e0.R:   0.2000  0.1133267E+05
                                                             +++Separation,Capacitance, cpu time:  4.00  0.6304647E+04     27.04
 ===S/R,C/pi.e0.R:   0.2500  0.1133176E+05
                                                             +++Separation,Capacitance, cpu time:  5.00  0.6304143E+04     36.46
 ===S/R,C/pi.e0.R:   0.3000  0.1133092E+05
                                                             +++Separation,Capacitance, cpu time:  6.00  0.6303677E+04     45.16
 ===S/R,C/pi.e0.R:   0.3500  0.1133014E+05
                                                             +++Separation,Capacitance, cpu time:  7.00  0.6303238E+04     53.86
 ===S/R,C/pi.e0.R:   0.4000  0.1132938E+05
                                                             +++Separation,Capacitance, cpu time:  8.00  0.6302819E+04     62.64
 ===S/R,C/pi.e0.R:   0.4500  0.1132866E+05
                                                             +++Separation,Capacitance, cpu time:  9.00  0.6302416E+04     71.39
 ===S/R,C/pi.e0.R:   0.5000  0.1132796E+05
                                                             +++Separation,Capacitance, cpu time: 10.00  0.6302026E+04     81.79
 ===S/R,C/pi.e0.R:   0.5500  0.1132727E+05
                                                             +++Separation,Capacitance, cpu time: 11.00  0.6301645E+04     91.38
 ===S/R,C/pi.e0.R:   0.6000  0.1132660E+05
                                                             +++Separation,Capacitance, cpu time: 12.00  0.6301272E+04    100.27
 ===S/R,C/pi.e0.R:   0.6500  0.1132595E+05
                                                             +++Separation,Capacitance, cpu time: 13.00  0.6300907E+04    110.79
 ===S/R,C/pi.e0.R:   0.7000  0.1132530E+05
                                                             +++Separation,Capacitance, cpu time: 14.00  0.6300548E+04    120.63
 ===S/R,C/pi.e0.R:   0.7500  0.1132466E+05
                                                             +++Separation,Capacitance, cpu time: 15.00  0.6300194E+04    131.23
 ===S/R,C/pi.e0.R:   0.8000  0.1132404E+05
                                                             +++Separation,Capacitance, cpu time: 16.00  0.6299844E+04    140.98
 ===S/R,C/pi.e0.R:   0.8500  0.1132341E+05
                                                             +++Separation,Capacitance, cpu time: 17.00  0.6299499E+04    150.76
 ===S/R,C/pi.e0.R:   0.9000  0.1132280E+05
                                                             +++Separation,Capacitance, cpu time: 18.00  0.6299157E+04    159.75
 ===S/R,C/pi.e0.R:   0.9500  0.1132219E+05
                                                             +++Separation,Capacitance, cpu time: 19.00  0.6298819E+04    170.40
 ===S/R,C/pi.e0.R:   1.0000  0.1132159E+05
                                                             +++Separation,Capacitance, cpu time: 20.00  0.6298484E+04    180.54

                                                           G O O D   B Y E !      Time: 04.08.2021    14:35:59

