 
    N o n u n i f o r m - m e s h   F i n i t e   D i f f e r e n c e                                         
       _____                            _  _                                _____         _                   
      / ____|                          (_)| |                              / ____|       | |                  
     | |      __ _  _ __    __ _   ___  _ | |_  __ _  _ __    ___  ___    | (___    ___  | |__   __ ___  _ __ 
     | |     / _` || '_ \  / _` | / __|| || __|/ _` || '_ \  / __|/ _ \    \___ \  / _ \ | |\ \ / // _ \| '__|
     | |____| (_| || |_) || (_| || (__ | || |_| (_| || | | || (__|  __/    ____) || (_) || | \ V /|  __/| |   
      \_____|\__,_|| .__/  \__,_| \___||_| \__|\__,_||_| |_| \___|\___|   |_____/  \___/ |_|  \_/  \___||_|   
                   | |                                                                                        
                   |_|                                    C y l i n d r i c a l   S y m m e t r y   Ver. 0.0  
                                                          (Specialized for AFM Probe over a Multilayer sample)
 
                                                                                  Time: 07.09.2021    10:10:35
 
 
 
 ------------ Echo of input file: capsol.in ----------
   900   900    90                                # Number of grids: n, m+, m-
  0.500    1.00E+06    1.00E+06                   # Resolution: h0, Box-size: Rho_max, Z_max    *** ALL LENGTHS IN NANOMETER *** 
   100.000   200.000   2                          # Tip-sample separation: min, max, istep (stepsize=istep*h0)
  20.0  15.0   15.00E+03   40.00E+03  500.00E+00  # Probe shape: Rtip,half-angle,HCone,RCantilever, thickness_Cantilever
   3.000E+00   1.000E+00                          # Sample: eps_r, Thickness_sample
LAPACK    0  0                                    # Solving: Method{LAPACK,PARDISO,NOSOLVE}, Test?(0=No,1=Sphere,2=lever-only),Verbosiy>0)
    1      F # New grid params: Uniformly spaced points, equally spaced sample grid?
 
 
 ===S/R,C/pi.e0.R:   5.0000  0.1136648E+05
                                                             +++Separation,Capacitance, cpu time: *****  0.6323460E+04     58.13
 ===S/R,C/pi.e0.R:   5.0500  0.4675613E+25
                                                             +++Separation,Capacitance, cpu time: *****  0.2601160E+25    117.34
 ===S/R,C/pi.e0.R:   5.1000  0.4630851E+25
                                                             +++Separation,Capacitance, cpu time: *****  0.2576258E+25    174.77
 ===S/R,C/pi.e0.R:   5.1500  0.4560951E+25
                                                             +++Separation,Capacitance, cpu time: *****  0.2537371E+25    232.34
 ===S/R,C/pi.e0.R:   5.2000  0.4376453E+25
                                                             +++Separation,Capacitance, cpu time: *****  0.2434730E+25    289.96
 ===S/R,C/pi.e0.R:   5.2500  0.3992000E+25
                                                             +++Separation,Capacitance, cpu time: *****  0.2220849E+25    347.29
 ===S/R,C/pi.e0.R:   5.3000  0.3952537E+25
                                                             +++Separation,Capacitance, cpu time: *****  0.2198895E+25    404.59
 ===S/R,C/pi.e0.R:   5.3500  0.4286012E+25
                                                             +++Separation,Capacitance, cpu time: *****  0.2384416E+25    462.04
 ===S/R,C/pi.e0.R:   5.4000  0.4449385E+25
                                                             +++Separation,Capacitance, cpu time: *****  0.2475304E+25    519.73
 ===S/R,C/pi.e0.R:   5.4500  0.4547857E+25
                                                             +++Separation,Capacitance, cpu time: *****  0.2530087E+25    577.47
 ===S/R,C/pi.e0.R:   5.5000  0.4457949E+25
                                                             +++Separation,Capacitance, cpu time: *****  0.2480069E+25    635.27
 ===S/R,C/pi.e0.R:   5.5500  0.4624873E+25
                                                             +++Separation,Capacitance, cpu time: *****  0.2572933E+25    693.26
 ===S/R,C/pi.e0.R:   5.6000  0.4539273E+25
                                                             +++Separation,Capacitance, cpu time: *****  0.2525311E+25    751.31
 ===S/R,C/pi.e0.R:   5.6500  0.4576278E+25
                                                             +++Separation,Capacitance, cpu time: *****  0.2545898E+25    809.47
 ===S/R,C/pi.e0.R:   5.7000  0.4417482E+25
                                                             +++Separation,Capacitance, cpu time: *****  0.2457556E+25    867.82
 ===S/R,C/pi.e0.R:   5.7500  0.4741794E+25
                                                             +++Separation,Capacitance, cpu time: *****  0.2637979E+25    926.39
 ===S/R,C/pi.e0.R:   5.8000  0.4798856E+25
                                                             +++Separation,Capacitance, cpu time: *****  0.2669724E+25    985.04
 ===S/R,C/pi.e0.R:   5.8500  0.4704733E+25
                                                             +++Separation,Capacitance, cpu time: *****  0.2617361E+25   1043.58
 ===S/R,C/pi.e0.R:   5.9000  0.4737478E+25
                                                             +++Separation,Capacitance, cpu time: *****  0.2635577E+25   1102.24
 ===S/R,C/pi.e0.R:   5.9500  0.4697116E+25
                                                             +++Separation,Capacitance, cpu time: *****  0.2613123E+25   1160.92
 ===S/R,C/pi.e0.R:   6.0000  0.4592330E+25
                                                             +++Separation,Capacitance, cpu time: *****  0.2554828E+25   1219.73
 ===S/R,C/pi.e0.R:   6.0500  0.4536710E+25
                                                             +++Separation,Capacitance, cpu time: *****  0.2523885E+25   1278.67
 ===S/R,C/pi.e0.R:   6.1000  0.4547355E+25
                                                             +++Separation,Capacitance, cpu time: *****  0.2529807E+25   1337.63
 ===S/R,C/pi.e0.R:   6.1500  0.1135487E+05
                                                             +++Separation,Capacitance, cpu time: *****  0.6316998E+04   1401.34
 ===S/R,C/pi.e0.R:   6.2000  0.4594229E+25
                                                             +++Separation,Capacitance, cpu time: *****  0.2555885E+25   1460.54
 ===S/R,C/pi.e0.R:   6.2500  0.4508118E+25
                                                             +++Separation,Capacitance, cpu time: *****  0.2507979E+25   1519.85
 ===S/R,C/pi.e0.R:   6.3000  0.4580121E+25
                                                             +++Separation,Capacitance, cpu time: *****  0.2548036E+25   1579.02
 ===S/R,C/pi.e0.R:   6.3500  0.4518020E+25
                                                             +++Separation,Capacitance, cpu time: *****  0.2513487E+25   1638.30
 ===S/R,C/pi.e0.R:   6.4000  0.4573804E+25
                                                             +++Separation,Capacitance, cpu time: *****  0.2544522E+25   1697.48
 ===S/R,C/pi.e0.R:   6.4500  0.4577229E+25
                                                             +++Separation,Capacitance, cpu time: *****  0.2546427E+25   1760.57
 ===S/R,C/pi.e0.R:   6.5000  0.4538547E+25
                                                             +++Separation,Capacitance, cpu time: *****  0.2524907E+25   1821.65
 ===S/R,C/pi.e0.R:   6.5500  0.4591446E+25
                                                             +++Separation,Capacitance, cpu time: *****  0.2554336E+25   1884.39
 ===S/R,C/pi.e0.R:   6.6000  0.4632845E+25
                                                             +++Separation,Capacitance, cpu time: *****  0.2577367E+25   1944.27
 ===S/R,C/pi.e0.R:   6.6500  0.4560771E+25
                                                             +++Separation,Capacitance, cpu time: *****  0.2537271E+25   2004.17
 ===S/R,C/pi.e0.R:   6.7000  0.4573854E+25
                                                             +++Separation,Capacitance, cpu time: *****  0.2544549E+25   2064.37
 ===S/R,C/pi.e0.R:   6.7500  0.4386017E+25
                                                             +++Separation,Capacitance, cpu time: *****  0.2440051E+25   2124.00
 ===S/R,C/pi.e0.R:   6.8000  0.4252472E+25
                                                             +++Separation,Capacitance, cpu time: *****  0.2365757E+25   2184.33
 ===S/R,C/pi.e0.R:   6.8500  0.4363236E+25
                                                             +++Separation,Capacitance, cpu time: *****  0.2427378E+25   2244.93
 ===S/R,C/pi.e0.R:   6.9000  0.4359812E+25
                                                             +++Separation,Capacitance, cpu time: *****  0.2425473E+25   2304.88
 ===S/R,C/pi.e0.R:   6.9500  0.4497394E+25
                                                             +++Separation,Capacitance, cpu time: *****  0.2502013E+25   2364.98
 ===S/R,C/pi.e0.R:   7.0000  0.4436414E+25
                                                             +++Separation,Capacitance, cpu time: *****  0.2468088E+25   2425.21
 ===S/R,C/pi.e0.R:   7.0500  0.4392531E+25
                                                             +++Separation,Capacitance, cpu time: *****  0.2443675E+25   2485.51
 ===S/R,C/pi.e0.R:   7.1000  0.4542690E+25
                                                             +++Separation,Capacitance, cpu time: *****  0.2527212E+25   2545.90
 ===S/R,C/pi.e0.R:   7.1500  0.4589360E+25
                                                             +++Separation,Capacitance, cpu time: *****  0.2553176E+25   2606.59
 ===S/R,C/pi.e0.R:   7.2000  0.4566900E+25
                                                             +++Separation,Capacitance, cpu time: *****  0.2540681E+25   2667.22
 ===S/R,C/pi.e0.R:   7.2500  0.4479529E+25
                                                             +++Separation,Capacitance, cpu time: *****  0.2492074E+25   2727.90
 ===S/R,C/pi.e0.R:   7.3000  0.4531637E+25
                                                             +++Separation,Capacitance, cpu time: *****  0.2521063E+25   2788.64
 ===S/R,C/pi.e0.R:   7.3500  0.4554430E+25
                                                             +++Separation,Capacitance, cpu time: *****  0.2533744E+25   2849.50
 ===S/R,C/pi.e0.R:   7.4000  0.4487152E+25
                                                             +++Separation,Capacitance, cpu time: *****  0.2496315E+25   2910.43
 ===S/R,C/pi.e0.R:   7.4500  0.4381379E+25
                                                             +++Separation,Capacitance, cpu time: *****  0.2437471E+25   2971.48
 ===S/R,C/pi.e0.R:   7.5000  0.4386183E+25
                                                             +++Separation,Capacitance, cpu time: *****  0.2440144E+25   3032.75
 ===S/R,C/pi.e0.R:   7.5500  0.4420456E+25
                                                             +++Separation,Capacitance, cpu time: *****  0.2459210E+25   3093.88
 ===S/R,C/pi.e0.R:   7.6000  0.4324475E+25
                                                             +++Separation,Capacitance, cpu time: *****  0.2405814E+25   3155.32
 ===S/R,C/pi.e0.R:   7.6500  0.4520459E+25
                                                             +++Separation,Capacitance, cpu time: *****  0.2514844E+25   3216.58
 ===S/R,C/pi.e0.R:   7.7000  0.4575535E+25
                                                             +++Separation,Capacitance, cpu time: *****  0.2545485E+25   3277.95
 ===S/R,C/pi.e0.R:   7.7500  0.3845016E+25
                                                             +++Separation,Capacitance, cpu time: *****  0.2139078E+25   3339.41
 ===S/R,C/pi.e0.R:   7.8000  0.4503028E+25
                                                             +++Separation,Capacitance, cpu time: *****  0.2505147E+25   3400.90
 ===S/R,C/pi.e0.R:   7.8500  0.4379243E+25
                                                             +++Separation,Capacitance, cpu time: *****  0.2436282E+25   3462.61
 ===S/R,C/pi.e0.R:   7.9000  0.4165818E+25
                                                             +++Separation,Capacitance, cpu time: *****  0.2317549E+25   3524.42
 ===S/R,C/pi.e0.R:   7.9500  0.4255146E+25
                                                             +++Separation,Capacitance, cpu time: *****  0.2367244E+25   3586.50
 ===S/R,C/pi.e0.R:   8.0000  0.1133654E+05
                                                             +++Separation,Capacitance, cpu time: *****  0.6306799E+04   3677.18
 ===S/R,C/pi.e0.R:   8.0500  0.4420089E+25
                                                             +++Separation,Capacitance, cpu time: *****  0.2459006E+25   3739.18
 ===S/R,C/pi.e0.R:   8.1000  0.4410533E+25
                                                             +++Separation,Capacitance, cpu time: *****  0.2453690E+25   3801.30
 ===S/R,C/pi.e0.R:   8.1500  0.4577950E+25
                                                             +++Separation,Capacitance, cpu time: *****  0.2546828E+25   3863.50
 ===S/R,C/pi.e0.R:   8.2000  0.4436366E+25
                                                             +++Separation,Capacitance, cpu time: *****  0.2468061E+25   3925.92
 ===S/R,C/pi.e0.R:   8.2500  0.4377729E+25
                                                             +++Separation,Capacitance, cpu time: *****  0.2435440E+25   3988.36
 ===S/R,C/pi.e0.R:   8.3000  0.4481213E+25
                                                             +++Separation,Capacitance, cpu time: *****  0.2493011E+25   4050.88
 ===S/R,C/pi.e0.R:   8.3500  0.4377921E+25
                                                             +++Separation,Capacitance, cpu time: *****  0.2435547E+25   4113.52
 ===S/R,C/pi.e0.R:   8.4000  0.4478113E+25
                                                             +++Separation,Capacitance, cpu time: *****  0.2491287E+25   4176.31
 ===S/R,C/pi.e0.R:   8.4500  0.4495962E+25
                                                             +++Separation,Capacitance, cpu time: *****  0.2501216E+25   4239.56
 ===S/R,C/pi.e0.R:   8.5000  0.4513192E+25
                                                             +++Separation,Capacitance, cpu time: *****  0.2510801E+25   4302.40
 ===S/R,C/pi.e0.R:   8.5500  0.4488530E+25
                                                             +++Separation,Capacitance, cpu time: *****  0.2497082E+25   4365.71
 ===S/R,C/pi.e0.R:   8.6000  0.4453936E+25
                                                             +++Separation,Capacitance, cpu time: *****  0.2477836E+25   4429.41
 ===S/R,C/pi.e0.R:   8.6500  0.4470915E+25
                                                             +++Separation,Capacitance, cpu time: *****  0.2487282E+25   4492.58
 ===S/R,C/pi.e0.R:   8.7000  0.4425171E+25
                                                             +++Separation,Capacitance, cpu time: *****  0.2461833E+25   4555.89
 ===S/R,C/pi.e0.R:   8.7500  0.4389302E+25
                                                             +++Separation,Capacitance, cpu time: *****  0.2441879E+25   4619.21
 ===S/R,C/pi.e0.R:   8.8000  0.4317522E+25
                                                             +++Separation,Capacitance, cpu time: *****  0.2401945E+25   4682.69
 ===S/R,C/pi.e0.R:   8.8500  0.4221975E+25
                                                             +++Separation,Capacitance, cpu time: *****  0.2348790E+25   4746.17
 ===S/R,C/pi.e0.R:   8.9000  0.4054492E+25
                                                             +++Separation,Capacitance, cpu time: *****  0.2255616E+25   4809.89
 ===S/R,C/pi.e0.R:   8.9500  0.3753464E+25
                                                             +++Separation,Capacitance, cpu time: *****  0.2088146E+25   4873.65
 ===S/R,C/pi.e0.R:   9.0000  0.3276212E+25
                                                             +++Separation,Capacitance, cpu time: *****  0.1822639E+25   4937.43
 ===S/R,C/pi.e0.R:   9.0500  0.3123878E+25
                                                             +++Separation,Capacitance, cpu time: *****  0.1737892E+25   5001.45
 ===S/R,C/pi.e0.R:   9.1000  0.3741798E+25
                                                             +++Separation,Capacitance, cpu time: *****  0.2081656E+25   5065.41
 ===S/R,C/pi.e0.R:   9.1500  0.4072673E+25
                                                             +++Separation,Capacitance, cpu time: *****  0.2265730E+25   5129.53
 ===S/R,C/pi.e0.R:   9.2000  0.4361600E+25
                                                             +++Separation,Capacitance, cpu time: *****  0.2426467E+25   5193.96
 ===S/R,C/pi.e0.R:   9.2500  0.4272443E+25
                                                             +++Separation,Capacitance, cpu time: *****  0.2376867E+25   5258.26
 ===S/R,C/pi.e0.R:   9.3000  0.4439100E+25
                                                             +++Separation,Capacitance, cpu time: *****  0.2469582E+25   5322.79
 ===S/R,C/pi.e0.R:   9.3500  0.4370381E+25
                                                             +++Separation,Capacitance, cpu time: *****  0.2431352E+25   5387.22
 ===S/R,C/pi.e0.R:   9.4000  0.4612522E+25
                                                             +++Separation,Capacitance, cpu time: *****  0.2566061E+25   5451.92
 ===S/R,C/pi.e0.R:   9.4500  0.3251021E+25
                                                             +++Separation,Capacitance, cpu time: *****  0.1808625E+25   5516.54
 ===S/R,C/pi.e0.R:   9.5000  0.4660169E+25
                                                             +++Separation,Capacitance, cpu time: *****  0.2592569E+25   5581.53
 ===S/R,C/pi.e0.R:   9.5500  0.4649357E+25
                                                             +++Separation,Capacitance, cpu time: *****  0.2586554E+25   5646.37
 ===S/R,C/pi.e0.R:   9.6000  0.4041560E+25
                                                             +++Separation,Capacitance, cpu time: *****  0.2248421E+25   5711.37
 ===S/R,C/pi.e0.R:   9.6500  0.4661789E+25
                                                             +++Separation,Capacitance, cpu time: *****  0.2593470E+25   5776.34
 ===S/R,C/pi.e0.R:   9.7000  0.4249239E+25
                                                             +++Separation,Capacitance, cpu time: *****  0.2363958E+25   5841.33
 ===S/R,C/pi.e0.R:   9.7500  0.4289839E+25
                                                             +++Separation,Capacitance, cpu time: *****  0.2386545E+25   5906.60
 ===S/R,C/pi.e0.R:   9.8000  0.1131903E+05
                                                             +++Separation,Capacitance, cpu time: *****  0.6297058E+04   5976.90
 ===S/R,C/pi.e0.R:   9.8500  0.4576213E+25
                                                             +++Separation,Capacitance, cpu time: *****  0.2545862E+25   6042.30
 ===S/R,C/pi.e0.R:   9.9000  0.4634373E+25
                                                             +++Separation,Capacitance, cpu time: *****  0.2578218E+25   6107.90
 ===S/R,C/pi.e0.R:   9.9500  0.4592569E+25
                                                             +++Separation,Capacitance, cpu time: *****  0.2554961E+25   6173.37
 ===S/R,C/pi.e0.R:  10.0000  0.4631585E+25
                                                             +++Separation,Capacitance, cpu time: *****  0.2576667E+25   6239.07

                                                           G O O D   B Y E !      Time: 07.09.2021    10:39:18

