set verbose

squeue -j $SLURM_JOB_ID
squeue -j 14817384
             JOBID PARTITION     NAME     USER ST       TIME  NODES NODELIST(REASON)
          14817384    serial   CapSol maroniea  R       0:02      1 o0330









cd $TMPDIR
cd /tmp/slurmtmp.14817384
cp -p "$SLURM_SUBMIT_DIR/NewTirmzi_large_range-0002.in" capsol.in
cp -p /fs/ess/PSS0003/Output-Fortran/0399-NewTirmzi_large_range-0002/NewTirmzi_large_range-0002.in capsol.in



/fs/ess/PSS0003/bin/capsol > "$SLURM_SUBMIT_DIR/NewTirmzi_large_range-0002.in.out"
/fs/ess/PSS0003/bin/capsol
ls -al
ls -al
total 28712
drwx------  3 maroniea2023 PSS0003     4096 Sep  6 21:29 .
drwxrwxrwt 27 root         root        8192 Sep  6 22:44 ..
-rw-r--r--  1 maroniea2023 PSS0003      539 Sep  6 21:09 capsol.in
-rw-r--r--  1 maroniea2023 PSS0003 23988195 Sep  6 22:44 ElecField_gap.dat
-rw-r--r--  1 maroniea2023 PSS0003    34615 Sep  6 22:44 ElecField_mid.dat
-rw-r--r--  1 maroniea2023 PSS0003    66671 Sep  6 22:44 Fz.dat******
-rw-r--r--  1 maroniea2023 PSS0003    66671 Sep  6 21:09 Fz.dat5.0000
-rw-r--r--  1 maroniea2023 PSS0003    66671 Sep  6 21:10 Fz.dat5.0667
-rw-r--r--  1 maroniea2023 PSS0003    66671 Sep  6 21:10 Fz.dat5.1333
-rw-r--r--  1 maroniea2023 PSS0003    66671 Sep  6 21:10 Fz.dat5.2000
-rw-r--r--  1 maroniea2023 PSS0003    66671 Sep  6 21:10 Fz.dat5.2667
-rw-r--r--  1 maroniea2023 PSS0003    66671 Sep  6 21:11 Fz.dat5.3333
-rw-r--r--  1 maroniea2023 PSS0003    66671 Sep  6 21:11 Fz.dat5.4000
-rw-r--r--  1 maroniea2023 PSS0003    66671 Sep  6 21:11 Fz.dat5.4667
-rw-r--r--  1 maroniea2023 PSS0003    66671 Sep  6 21:11 Fz.dat5.5333
-rw-r--r--  1 maroniea2023 PSS0003    66671 Sep  6 21:12 Fz.dat5.6000
-rw-r--r--  1 maroniea2023 PSS0003    66671 Sep  6 21:12 Fz.dat5.6667
-rw-r--r--  1 maroniea2023 PSS0003    66671 Sep  6 21:12 Fz.dat5.7333
-rw-r--r--  1 maroniea2023 PSS0003    66671 Sep  6 21:12 Fz.dat5.8000
-rw-r--r--  1 maroniea2023 PSS0003    66671 Sep  6 21:13 Fz.dat5.8667
-rw-r--r--  1 maroniea2023 PSS0003    66671 Sep  6 21:13 Fz.dat5.9333
-rw-r--r--  1 maroniea2023 PSS0003    66671 Sep  6 21:13 Fz.dat6.0000
-rw-r--r--  1 maroniea2023 PSS0003    66671 Sep  6 21:13 Fz.dat6.0667
-rw-r--r--  1 maroniea2023 PSS0003    66671 Sep  6 21:14 Fz.dat6.1333
-rw-r--r--  1 maroniea2023 PSS0003    66671 Sep  6 21:14 Fz.dat6.2000
-rw-r--r--  1 maroniea2023 PSS0003    66671 Sep  6 21:14 Fz.dat6.2667
-rw-r--r--  1 maroniea2023 PSS0003    66671 Sep  6 21:14 Fz.dat6.3333
-rw-r--r--  1 maroniea2023 PSS0003    66671 Sep  6 21:15 Fz.dat6.4000
-rw-r--r--  1 maroniea2023 PSS0003    66671 Sep  6 21:15 Fz.dat6.4667
-rw-r--r--  1 maroniea2023 PSS0003    66671 Sep  6 21:15 Fz.dat6.5333
-rw-r--r--  1 maroniea2023 PSS0003    66671 Sep  6 21:15 Fz.dat6.6000
-rw-r--r--  1 maroniea2023 PSS0003    66671 Sep  6 21:16 Fz.dat6.6667
-rw-r--r--  1 maroniea2023 PSS0003    66671 Sep  6 21:16 Fz.dat6.7333
-rw-r--r--  1 maroniea2023 PSS0003    66671 Sep  6 21:16 Fz.dat6.8000
-rw-r--r--  1 maroniea2023 PSS0003    66671 Sep  6 21:16 Fz.dat6.8667
-rw-r--r--  1 maroniea2023 PSS0003    66671 Sep  6 21:17 Fz.dat6.9333
-rw-r--r--  1 maroniea2023 PSS0003    66671 Sep  6 21:17 Fz.dat7.0000
-rw-r--r--  1 maroniea2023 PSS0003    66671 Sep  6 21:17 Fz.dat7.0667
-rw-r--r--  1 maroniea2023 PSS0003    66671 Sep  6 21:17 Fz.dat7.1333
-rw-r--r--  1 maroniea2023 PSS0003    66671 Sep  6 21:18 Fz.dat7.2000
-rw-r--r--  1 maroniea2023 PSS0003    66671 Sep  6 21:18 Fz.dat7.2667
-rw-r--r--  1 maroniea2023 PSS0003    66671 Sep  6 21:18 Fz.dat7.3333
-rw-r--r--  1 maroniea2023 PSS0003    66671 Sep  6 21:18 Fz.dat7.4000
-rw-r--r--  1 maroniea2023 PSS0003    66671 Sep  6 21:19 Fz.dat7.4667
-rw-r--r--  1 maroniea2023 PSS0003    66671 Sep  6 21:19 Fz.dat7.5333
-rw-r--r--  1 maroniea2023 PSS0003    66671 Sep  6 21:19 Fz.dat7.6000
-rw-r--r--  1 maroniea2023 PSS0003    66671 Sep  6 21:19 Fz.dat7.6667
-rw-r--r--  1 maroniea2023 PSS0003    66671 Sep  6 21:20 Fz.dat7.7333
-rw-r--r--  1 maroniea2023 PSS0003    66671 Sep  6 21:20 Fz.dat7.8000
-rw-r--r--  1 maroniea2023 PSS0003    66671 Sep  6 21:20 Fz.dat7.8667
-rw-r--r--  1 maroniea2023 PSS0003    66671 Sep  6 21:20 Fz.dat7.9333
-rw-r--r--  1 maroniea2023 PSS0003    66671 Sep  6 21:21 Fz.dat8.0000
-rw-r--r--  1 maroniea2023 PSS0003    66671 Sep  6 21:21 Fz.dat8.0667
-rw-r--r--  1 maroniea2023 PSS0003    66671 Sep  6 21:21 Fz.dat8.1333
-rw-r--r--  1 maroniea2023 PSS0003    66671 Sep  6 21:22 Fz.dat8.2000
-rw-r--r--  1 maroniea2023 PSS0003    66671 Sep  6 21:22 Fz.dat8.2667
-rw-r--r--  1 maroniea2023 PSS0003    66671 Sep  6 21:22 Fz.dat8.3333
-rw-r--r--  1 maroniea2023 PSS0003    66671 Sep  6 21:22 Fz.dat8.4000
-rw-r--r--  1 maroniea2023 PSS0003    66671 Sep  6 21:23 Fz.dat8.4667
-rw-r--r--  1 maroniea2023 PSS0003    66671 Sep  6 21:23 Fz.dat8.5333
-rw-r--r--  1 maroniea2023 PSS0003    66671 Sep  6 21:23 Fz.dat8.6000
-rw-r--r--  1 maroniea2023 PSS0003    66671 Sep  6 21:23 Fz.dat8.6667
-rw-r--r--  1 maroniea2023 PSS0003    66671 Sep  6 21:24 Fz.dat8.7333
-rw-r--r--  1 maroniea2023 PSS0003    66671 Sep  6 21:24 Fz.dat8.8000
-rw-r--r--  1 maroniea2023 PSS0003    66671 Sep  6 21:24 Fz.dat8.8667
-rw-r--r--  1 maroniea2023 PSS0003    66671 Sep  6 21:25 Fz.dat8.9333
-rw-r--r--  1 maroniea2023 PSS0003    66671 Sep  6 21:25 Fz.dat9.0000
-rw-r--r--  1 maroniea2023 PSS0003    66671 Sep  6 21:25 Fz.dat9.0667
-rw-r--r--  1 maroniea2023 PSS0003    66671 Sep  6 21:25 Fz.dat9.1333
-rw-r--r--  1 maroniea2023 PSS0003    66671 Sep  6 21:26 Fz.dat9.2000
-rw-r--r--  1 maroniea2023 PSS0003    66671 Sep  6 21:26 Fz.dat9.2667
-rw-r--r--  1 maroniea2023 PSS0003    66671 Sep  6 21:26 Fz.dat9.3333
-rw-r--r--  1 maroniea2023 PSS0003    66671 Sep  6 21:26 Fz.dat9.4000
-rw-r--r--  1 maroniea2023 PSS0003    66671 Sep  6 21:27 Fz.dat9.4667
-rw-r--r--  1 maroniea2023 PSS0003    66671 Sep  6 21:27 Fz.dat9.5333
-rw-r--r--  1 maroniea2023 PSS0003    66671 Sep  6 21:27 Fz.dat9.6000
-rw-r--r--  1 maroniea2023 PSS0003    66671 Sep  6 21:27 Fz.dat9.6667
-rw-r--r--  1 maroniea2023 PSS0003    66671 Sep  6 21:28 Fz.dat9.7333
-rw-r--r--  1 maroniea2023 PSS0003    66671 Sep  6 21:28 Fz.dat9.8000
-rw-r--r--  1 maroniea2023 PSS0003    66671 Sep  6 21:28 Fz.dat9.8667
-rw-r--r--  1 maroniea2023 PSS0003    66671 Sep  6 21:28 Fz.dat9.9333
drwxr-xr-x  2 maroniea2023 PSS0003       22 Sep  6 21:09 .jobdata
-rw-r--r--  1 maroniea2023 PSS0003    43183 Sep  6 21:09 ProbeGeometry.dat
-rw-r--r--  1 maroniea2023 PSS0003    12399 Sep  6 22:44 Z-U.dat


cp * $SLURM_SUBMIT_DIR
cp capsol.in ElecField_gap.dat ElecField_mid.dat Fz.dat****** Fz.dat5.0000 Fz.dat5.0667 Fz.dat5.1333 Fz.dat5.2000 Fz.dat5.2667 Fz.dat5.3333 Fz.dat5.4000 Fz.dat5.4667 Fz.dat5.5333 Fz.dat5.6000 Fz.dat5.6667 Fz.dat5.7333 Fz.dat5.8000 Fz.dat5.8667 Fz.dat5.9333 Fz.dat6.0000 Fz.dat6.0667 Fz.dat6.1333 Fz.dat6.2000 Fz.dat6.2667 Fz.dat6.3333 Fz.dat6.4000 Fz.dat6.4667 Fz.dat6.5333 Fz.dat6.6000 Fz.dat6.6667 Fz.dat6.7333 Fz.dat6.8000 Fz.dat6.8667 Fz.dat6.9333 Fz.dat7.0000 Fz.dat7.0667 Fz.dat7.1333 Fz.dat7.2000 Fz.dat7.2667 Fz.dat7.3333 Fz.dat7.4000 Fz.dat7.4667 Fz.dat7.5333 Fz.dat7.6000 Fz.dat7.6667 Fz.dat7.7333 Fz.dat7.8000 Fz.dat7.8667 Fz.dat7.9333 Fz.dat8.0000 Fz.dat8.0667 Fz.dat8.1333 Fz.dat8.2000 Fz.dat8.2667 Fz.dat8.3333 Fz.dat8.4000 Fz.dat8.4667 Fz.dat8.5333 Fz.dat8.6000 Fz.dat8.6667 Fz.dat8.7333 Fz.dat8.8000 Fz.dat8.8667 Fz.dat8.9333 Fz.dat9.0000 Fz.dat9.0667 Fz.dat9.1333 Fz.dat9.2000 Fz.dat9.2667 Fz.dat9.3333 Fz.dat9.4000 Fz.dat9.4667 Fz.dat9.5333 Fz.dat9.6000 Fz.dat9.6667 Fz.dat9.7333 Fz.dat9.8000 Fz.dat9.8667 Fz.dat9.9333 ProbeGeometry.dat Z-U.dat /fs/ess/PSS0003/Output-Fortran/0399-NewTirmzi_large_range-0002
