 
    N o n u n i f o r m - m e s h   F i n i t e   D i f f e r e n c e                                         
       _____                            _  _                                _____         _                   
      / ____|                          (_)| |                              / ____|       | |                  
     | |      __ _  _ __    __ _   ___  _ | |_  __ _  _ __    ___  ___    | (___    ___  | |__   __ ___  _ __ 
     | |     / _` || '_ \  / _` | / __|| || __|/ _` || '_ \  / __|/ _ \    \___ \  / _ \ | |\ \ / // _ \| '__|
     | |____| (_| || |_) || (_| || (__ | || |_| (_| || | | || (__|  __/    ____) || (_) || | \ V /|  __/| |   
      \_____|\__,_|| .__/  \__,_| \___||_| \__|\__,_||_| |_| \___|\___|   |_____/  \___/ |_|  \_/  \___||_|   
                   | |                                                                                        
                   |_|                                    C y l i n d r i c a l   S y m m e t r y   Ver. 0.0  
                                                          (Specialized for AFM Probe over a Multilayer sample)
 
                                                                                  Time: 06.09.2021    21:07:30
 
 
 
 ------------ Echo of input file: capsol.in ----------
   750   750    88                                # Number of grids: n, m+, m-
  0.500    1.00E+06    1.00E+06                   # Resolution: h0, Box-size: Rho_max, Z_max    *** ALL LENGTHS IN NANOMETER *** 
   100.000   249.990   4                          # Tip-sample separation: min, max, istep (stepsize=istep*h0)
  30.0  20.0   12.00E+03   13.75E+03    1.00E+03  # Probe shape: Rtip,half-angle,HCone,RCantilever, thickness_Cantilever
  29.980E+00  10.000E+00                          # Sample: eps_r, Thickness_sample
LAPACK    0  0                                    # Solving: Method{LAPACK,PARDISO,NOSOLVE}, Test?(0=No,1=Sphere,2=lever-only),Verbosiy>0)
    1      T # New grid params: Uniformly spaced points, equally spaced sample grid?
 
 
 ===S/R,C/pi.e0.R:   3.3333  0.2105724E+04
                                                             +++Separation,Capacitance, cpu time: *****  0.1757200E+04     31.81
 ===S/R,C/pi.e0.R:   3.4000  0.2105430E+04
                                                             +++Separation,Capacitance, cpu time: *****  0.1756955E+04     63.89
 ===S/R,C/pi.e0.R:   3.4667  0.2105138E+04
                                                             +++Separation,Capacitance, cpu time: *****  0.1756712E+04     93.72
 ===S/R,C/pi.e0.R:   3.5333  0.2104848E+04
                                                             +++Separation,Capacitance, cpu time: *****  0.1756469E+04    123.82
 ===S/R,C/pi.e0.R:   3.6000  0.2104559E+04
                                                             +++Separation,Capacitance, cpu time: *****  0.1756228E+04    151.66
 ===S/R,C/pi.e0.R:   3.6667  0.2104271E+04
                                                             +++Separation,Capacitance, cpu time: *****  0.1755988E+04    184.18
 ===S/R,C/pi.e0.R:   3.7333  0.2103984E+04
                                                             +++Separation,Capacitance, cpu time: *****  0.1755748E+04    212.28
 ===S/R,C/pi.e0.R:   3.8000  0.2103698E+04
                                                             +++Separation,Capacitance, cpu time: *****  0.1755510E+04    240.56
 ===S/R,C/pi.e0.R:   3.8667  0.2103414E+04
                                                             +++Separation,Capacitance, cpu time: *****  0.1755273E+04    268.81
 ===S/R,C/pi.e0.R:   3.9333  0.2103130E+04
                                                             +++Separation,Capacitance, cpu time: *****  0.1755036E+04    299.56
 ===S/R,C/pi.e0.R:   4.0000  0.2102848E+04
                                                             +++Separation,Capacitance, cpu time: *****  0.1754801E+04    330.27
 ===S/R,C/pi.e0.R:   4.0667  0.2102567E+04
                                                             +++Separation,Capacitance, cpu time: *****  0.1754566E+04    358.98
 ===S/R,C/pi.e0.R:   4.1333  0.2102287E+04
                                                             +++Separation,Capacitance, cpu time: *****  0.1754332E+04    387.82
 ===S/R,C/pi.e0.R:   4.2000  0.2102008E+04
                                                             +++Separation,Capacitance, cpu time: *****  0.1754100E+04    419.14
 ===S/R,C/pi.e0.R:   4.2667  0.2101730E+04
                                                             +++Separation,Capacitance, cpu time: *****  0.1753868E+04    454.89
 ===S/R,C/pi.e0.R:   4.3333  0.2101453E+04
                                                             +++Separation,Capacitance, cpu time: *****  0.1753637E+04    484.05
 ===S/R,C/pi.e0.R:   4.4000  0.2101177E+04
                                                             +++Separation,Capacitance, cpu time: *****  0.1753406E+04    515.43
 ===S/R,C/pi.e0.R:   4.4667  0.2100903E+04
                                                             +++Separation,Capacitance, cpu time: *****  0.1753177E+04    549.32
 ===S/R,C/pi.e0.R:   4.5333  0.2100629E+04
                                                             +++Separation,Capacitance, cpu time: *****  0.1752948E+04    578.57
 ===S/R,C/pi.e0.R:   4.6000  0.2100355E+04
                                                             +++Separation,Capacitance, cpu time: *****  0.1752720E+04    608.12
 ===S/R,C/pi.e0.R:   4.6667  0.2100083E+04
                                                             +++Separation,Capacitance, cpu time: *****  0.1752493E+04    639.95
 ===S/R,C/pi.e0.R:   4.7333  0.2099812E+04
                                                             +++Separation,Capacitance, cpu time: *****  0.1752267E+04    672.04
 ===S/R,C/pi.e0.R:   4.8000  0.2099542E+04
                                                             +++Separation,Capacitance, cpu time: *****  0.1752041E+04    704.09
 ===S/R,C/pi.e0.R:   4.8667  0.2099272E+04
                                                             +++Separation,Capacitance, cpu time: *****  0.1751816E+04    734.10
 ===S/R,C/pi.e0.R:   4.9333  0.2099003E+04
                                                             +++Separation,Capacitance, cpu time: *****  0.1751592E+04    764.05
 ===S/R,C/pi.e0.R:   5.0000  0.2098736E+04
                                                             +++Separation,Capacitance, cpu time: *****  0.1751369E+04    794.30
 ===S/R,C/pi.e0.R:   5.0667  0.2098469E+04
                                                             +++Separation,Capacitance, cpu time: *****  0.1751146E+04    824.46
 ===S/R,C/pi.e0.R:   5.1333  0.2098202E+04
                                                             +++Separation,Capacitance, cpu time: *****  0.1750924E+04    859.63
 ===S/R,C/pi.e0.R:   5.2000  0.2097937E+04
                                                             +++Separation,Capacitance, cpu time: *****  0.1750702E+04    897.19
 ===S/R,C/pi.e0.R:   5.2667  0.2097672E+04
                                                             +++Separation,Capacitance, cpu time: *****  0.1750482E+04    927.77
 ===S/R,C/pi.e0.R:   5.3333  0.2097409E+04
                                                             +++Separation,Capacitance, cpu time: *****  0.1750261E+04    958.42
 ===S/R,C/pi.e0.R:   5.4000  0.2097146E+04
                                                             +++Separation,Capacitance, cpu time: *****  0.1750042E+04    989.18
 ===S/R,C/pi.e0.R:   5.4667  0.2096883E+04
                                                             +++Separation,Capacitance, cpu time: *****  0.1749823E+04   1020.02
 ===S/R,C/pi.e0.R:   5.5333  0.2096622E+04
                                                             +++Separation,Capacitance, cpu time: *****  0.1749605E+04   1051.07
 ===S/R,C/pi.e0.R:   5.6000  0.2096361E+04
                                                             +++Separation,Capacitance, cpu time: *****  0.1749387E+04   1082.18
 ===S/R,C/pi.e0.R:   5.6667  0.2096101E+04
                                                             +++Separation,Capacitance, cpu time: *****  0.1749170E+04   1115.84
 ===S/R,C/pi.e0.R:   5.7333  0.2095841E+04
                                                             +++Separation,Capacitance, cpu time: *****  0.1748953E+04   1147.15
 ===S/R,C/pi.e0.R:   5.8000  0.2095583E+04
                                                             +++Separation,Capacitance, cpu time: *****  0.1748738E+04   1178.64
 ===S/R,C/pi.e0.R:   5.8667  0.2095324E+04
                                                             +++Separation,Capacitance, cpu time: *****  0.1748522E+04   1210.18
 ===S/R,C/pi.e0.R:   5.9333  0.2095067E+04
                                                             +++Separation,Capacitance, cpu time: *****  0.1748307E+04   1241.85
 ===S/R,C/pi.e0.R:   6.0000  0.2094810E+04
                                                             +++Separation,Capacitance, cpu time: *****  0.1748093E+04   1276.06
 ===S/R,C/pi.e0.R:   6.0667  0.2094554E+04
                                                             +++Separation,Capacitance, cpu time: *****  0.1747880E+04   1317.88
 ===S/R,C/pi.e0.R:   6.1333  0.2094299E+04
                                                             +++Separation,Capacitance, cpu time: *****  0.1747666E+04   1349.71
 ===S/R,C/pi.e0.R:   6.2000  0.2094044E+04
                                                             +++Separation,Capacitance, cpu time: *****  0.1747454E+04   1381.67
 ===S/R,C/pi.e0.R:   6.2667  0.2093790E+04
                                                             +++Separation,Capacitance, cpu time: *****  0.1747242E+04   1416.29
 ===S/R,C/pi.e0.R:   6.3333  0.2093537E+04
                                                             +++Separation,Capacitance, cpu time: *****  0.1747030E+04   1453.62
 ===S/R,C/pi.e0.R:   6.4000  0.2093284E+04
                                                             +++Separation,Capacitance, cpu time: *****  0.1746819E+04   1485.73
 ===S/R,C/pi.e0.R:   6.4667  0.2093031E+04
                                                             +++Separation,Capacitance, cpu time: *****  0.1746609E+04   1517.97
 ===S/R,C/pi.e0.R:   6.5333  0.2092780E+04
                                                             +++Separation,Capacitance, cpu time: *****  0.1746399E+04   1557.81
 ===S/R,C/pi.e0.R:   6.6000  0.2092529E+04
                                                             +++Separation,Capacitance, cpu time: *****  0.1746189E+04   1590.36
 ===S/R,C/pi.e0.R:   6.6667  0.2092278E+04
                                                             +++Separation,Capacitance, cpu time: *****  0.1745980E+04   1622.92
 ===S/R,C/pi.e0.R:   6.7333  0.2092028E+04
                                                             +++Separation,Capacitance, cpu time: *****  0.1745772E+04   1655.73
 ===S/R,C/pi.e0.R:   6.8000  0.2091779E+04
                                                             +++Separation,Capacitance, cpu time: *****  0.1745564E+04   1693.37
 ===S/R,C/pi.e0.R:   6.8667  0.2091530E+04
                                                             +++Separation,Capacitance, cpu time: *****  0.1745356E+04   1728.86
 ===S/R,C/pi.e0.R:   6.9333  0.2091282E+04
                                                             +++Separation,Capacitance, cpu time: *****  0.1745149E+04   1761.66
 ===S/R,C/pi.e0.R:   7.0000  0.2091034E+04
                                                             +++Separation,Capacitance, cpu time: *****  0.1744942E+04   1794.69
 ===S/R,C/pi.e0.R:   7.0667  0.2090787E+04
                                                             +++Separation,Capacitance, cpu time: *****  0.1744736E+04   1832.88
 ===S/R,C/pi.e0.R:   7.1333  0.2090541E+04
                                                             +++Separation,Capacitance, cpu time: *****  0.1744530E+04   1866.15
 ===S/R,C/pi.e0.R:   7.2000  0.2090295E+04
                                                             +++Separation,Capacitance, cpu time: *****  0.1744325E+04   1902.05
 ===S/R,C/pi.e0.R:   7.2667  0.2090049E+04
                                                             +++Separation,Capacitance, cpu time: *****  0.1744120E+04   1938.20
 ===S/R,C/pi.e0.R:   7.3333  0.2089804E+04
                                                             +++Separation,Capacitance, cpu time: *****  0.1743916E+04   1971.65
 ===S/R,C/pi.e0.R:   7.4000  0.2089560E+04
                                                             +++Separation,Capacitance, cpu time: *****  0.1743712E+04   2005.38
 ===S/R,C/pi.e0.R:   7.4667  0.2089316E+04
                                                             +++Separation,Capacitance, cpu time: *****  0.1743508E+04   2041.64
 ===S/R,C/pi.e0.R:   7.5333  0.2089073E+04
                                                             +++Separation,Capacitance, cpu time: *****  0.1743305E+04   2080.74
 ===S/R,C/pi.e0.R:   7.6000  0.2088830E+04
                                                             +++Separation,Capacitance, cpu time: *****  0.1743102E+04   2114.63
 ===S/R,C/pi.e0.R:   7.6667  0.2088587E+04
                                                             +++Separation,Capacitance, cpu time: *****  0.1742900E+04   2148.80
 ===S/R,C/pi.e0.R:   7.7333  0.2088345E+04
                                                             +++Separation,Capacitance, cpu time: *****  0.1742698E+04   2185.60
 ===S/R,C/pi.e0.R:   7.8000  0.2088104E+04
                                                             +++Separation,Capacitance, cpu time: *****  0.1742497E+04   2222.59
 ===S/R,C/pi.e0.R:   7.8667  0.2087863E+04
                                                             +++Separation,Capacitance, cpu time: *****  0.1742296E+04   2256.94
 ===S/R,C/pi.e0.R:   7.9333  0.2087622E+04
                                                             +++Separation,Capacitance, cpu time: *****  0.1742095E+04   2291.48
 ===S/R,C/pi.e0.R:   8.0000  0.2087382E+04
                                                             +++Separation,Capacitance, cpu time: *****  0.1741895E+04   2328.73
 ===S/R,C/pi.e0.R:   8.0667  0.2087143E+04
                                                             +++Separation,Capacitance, cpu time: *****  0.1741695E+04   2363.47
 ===S/R,C/pi.e0.R:   8.1333  0.2086904E+04
                                                             +++Separation,Capacitance, cpu time: *****  0.1741495E+04   2409.00
 ===S/R,C/pi.e0.R:   8.2000  0.2086665E+04
                                                             +++Separation,Capacitance, cpu time: *****  0.1741296E+04   2443.90
 ===S/R,C/pi.e0.R:   8.2667  0.2086427E+04
                                                             +++Separation,Capacitance, cpu time: *****  0.1741098E+04   2481.56

                                                           G O O D   B Y E !      Time: 06.09.2021    21:19:01

