 
    N o n u n i f o r m - m e s h   F i n i t e   D i f f e r e n c e                                         
       _____                            _  _                                _____         _                   
      / ____|                          (_)| |                              / ____|       | |                  
     | |      __ _  _ __    __ _   ___  _ | |_  __ _  _ __    ___  ___    | (___    ___  | |__   __ ___  _ __ 
     | |     / _` || '_ \  / _` | / __|| || __|/ _` || '_ \  / __|/ _ \    \___ \  / _ \ | |\ \ / // _ \| '__|
     | |____| (_| || |_) || (_| || (__ | || |_| (_| || | | || (__|  __/    ____) || (_) || | \ V /|  __/| |   
      \_____|\__,_|| .__/  \__,_| \___||_| \__|\__,_||_| |_| \___|\___|   |_____/  \___/ |_|  \_/  \___||_|   
                   | |                                                                                        
                   |_|                                    C y l i n d r i c a l   S y m m e t r y   Ver. 0.0  
                                                          (Specialized for AFM Probe over a Multilayer sample)
 
                                                                                  Time: 06.09.2021    21:07:34
 
 
 
 ------------ Echo of input file: capsol.in ----------
   750   750    88                                # Number of grids: n, m+, m-
  0.500    1.00E+06    1.00E+06                   # Resolution: h0, Box-size: Rho_max, Z_max    *** ALL LENGTHS IN NANOMETER *** 
   100.000   249.990   4                          # Tip-sample separation: min, max, istep (stepsize=istep*h0)
  30.0  20.0   12.00E+03   13.75E+03    1.00E+03  # Probe shape: Rtip,half-angle,HCone,RCantilever, thickness_Cantilever
  60.000E+00   9.980E+00                          # Sample: eps_r, Thickness_sample
LAPACK    0  0                                    # Solving: Method{LAPACK,PARDISO,NOSOLVE}, Test?(0=No,1=Sphere,2=lever-only),Verbosiy>0)
    1      T # New grid params: Uniformly spaced points, equally spaced sample grid?
 
 
 ===S/R,C/pi.e0.R:   3.3333  0.2105748E+04
                                                             +++Separation,Capacitance, cpu time: *****  0.1757221E+04     48.54
 ===S/R,C/pi.e0.R:   3.4000  0.2105455E+04
                                                             +++Separation,Capacitance, cpu time: *****  0.1756976E+04     85.36
 ===S/R,C/pi.e0.R:   3.4667  0.2105163E+04
                                                             +++Separation,Capacitance, cpu time: *****  0.1756732E+04    121.96
 ===S/R,C/pi.e0.R:   3.5333  0.2104872E+04
                                                             +++Separation,Capacitance, cpu time: *****  0.1756490E+04    169.85
 ===S/R,C/pi.e0.R:   3.6000  0.2104583E+04
                                                             +++Separation,Capacitance, cpu time: *****  0.1756248E+04    212.17
 ===S/R,C/pi.e0.R:   3.6667  0.2104295E+04
                                                             +++Separation,Capacitance, cpu time: *****  0.1756008E+04    251.96
 ===S/R,C/pi.e0.R:   3.7333  0.2104008E+04
                                                             +++Separation,Capacitance, cpu time: *****  0.1755768E+04    288.98
 ===S/R,C/pi.e0.R:   3.8000  0.2103722E+04
                                                             +++Separation,Capacitance, cpu time: *****  0.1755530E+04    326.22
 ===S/R,C/pi.e0.R:   3.8667  0.2103437E+04
                                                             +++Separation,Capacitance, cpu time: *****  0.1755292E+04    366.39
 ===S/R,C/pi.e0.R:   3.9333  0.2103154E+04
                                                             +++Separation,Capacitance, cpu time: *****  0.1755056E+04    409.80
 ===S/R,C/pi.e0.R:   4.0000  0.2102872E+04
                                                             +++Separation,Capacitance, cpu time: *****  0.1754820E+04    453.54
 ===S/R,C/pi.e0.R:   4.0667  0.2102591E+04
                                                             +++Separation,Capacitance, cpu time: *****  0.1754586E+04    497.30
 ===S/R,C/pi.e0.R:   4.1333  0.2102311E+04
                                                             +++Separation,Capacitance, cpu time: *****  0.1754352E+04    546.94
 ===S/R,C/pi.e0.R:   4.2000  0.2102031E+04
                                                             +++Separation,Capacitance, cpu time: *****  0.1754119E+04    591.36
 ===S/R,C/pi.e0.R:   4.2667  0.2101753E+04
                                                             +++Separation,Capacitance, cpu time: *****  0.1753887E+04    632.60
 ===S/R,C/pi.e0.R:   4.3333  0.2101476E+04
                                                             +++Separation,Capacitance, cpu time: *****  0.1753656E+04    670.97
 ===S/R,C/pi.e0.R:   4.4000  0.2101200E+04
                                                             +++Separation,Capacitance, cpu time: *****  0.1753426E+04    715.86
 ===S/R,C/pi.e0.R:   4.4667  0.2100925E+04
                                                             +++Separation,Capacitance, cpu time: *****  0.1753196E+04    754.80
 ===S/R,C/pi.e0.R:   4.5333  0.2100651E+04
                                                             +++Separation,Capacitance, cpu time: *****  0.1752967E+04    796.39
 ===S/R,C/pi.e0.R:   4.6000  0.2100378E+04
                                                             +++Separation,Capacitance, cpu time: *****  0.1752739E+04    835.24
 ===S/R,C/pi.e0.R:   4.6667  0.2100106E+04
                                                             +++Separation,Capacitance, cpu time: *****  0.1752512E+04    877.24
 ===S/R,C/pi.e0.R:   4.7333  0.2099835E+04
                                                             +++Separation,Capacitance, cpu time: *****  0.1752286E+04    916.85
 ===S/R,C/pi.e0.R:   4.8000  0.2099564E+04
                                                             +++Separation,Capacitance, cpu time: *****  0.1752060E+04    961.82
 ===S/R,C/pi.e0.R:   4.8667  0.2099295E+04
                                                             +++Separation,Capacitance, cpu time: *****  0.1751835E+04   1003.66
 ===S/R,C/pi.e0.R:   4.9333  0.2099026E+04
                                                             +++Separation,Capacitance, cpu time: *****  0.1751611E+04   1045.47
 ===S/R,C/pi.e0.R:   5.0000  0.2098758E+04
                                                             +++Separation,Capacitance, cpu time: *****  0.1751387E+04   1093.90
 ===S/R,C/pi.e0.R:   5.0667  0.2098491E+04
                                                             +++Separation,Capacitance, cpu time: *****  0.1751165E+04   1136.16
 ===S/R,C/pi.e0.R:   5.1333  0.2098225E+04
                                                             +++Separation,Capacitance, cpu time: *****  0.1750942E+04   1181.89
 ===S/R,C/pi.e0.R:   5.2000  0.2097959E+04
                                                             +++Separation,Capacitance, cpu time: *****  0.1750721E+04   1224.32
 ===S/R,C/pi.e0.R:   5.2667  0.2097695E+04
                                                             +++Separation,Capacitance, cpu time: *****  0.1750500E+04   1267.03
 ===S/R,C/pi.e0.R:   5.3333  0.2097431E+04
                                                             +++Separation,Capacitance, cpu time: *****  0.1750280E+04   1313.08
 ===S/R,C/pi.e0.R:   5.4000  0.2097168E+04
                                                             +++Separation,Capacitance, cpu time: *****  0.1750060E+04   1355.98
 ===S/R,C/pi.e0.R:   5.4667  0.2096905E+04
                                                             +++Separation,Capacitance, cpu time: *****  0.1749841E+04   1398.88
 ===S/R,C/pi.e0.R:   5.5333  0.2096644E+04
                                                             +++Separation,Capacitance, cpu time: *****  0.1749623E+04   1448.34
 ===S/R,C/pi.e0.R:   5.6000  0.2096383E+04
                                                             +++Separation,Capacitance, cpu time: *****  0.1749405E+04   1491.95
 ===S/R,C/pi.e0.R:   5.6667  0.2096122E+04
                                                             +++Separation,Capacitance, cpu time: *****  0.1749188E+04   1541.93
 ===S/R,C/pi.e0.R:   5.7333  0.2095863E+04
                                                             +++Separation,Capacitance, cpu time: *****  0.1748972E+04   1585.67
 ===S/R,C/pi.e0.R:   5.8000  0.2095604E+04
                                                             +++Separation,Capacitance, cpu time: *****  0.1748756E+04   1629.70
 ===S/R,C/pi.e0.R:   5.8667  0.2095346E+04
                                                             +++Separation,Capacitance, cpu time: *****  0.1748540E+04   1679.38
 ===S/R,C/pi.e0.R:   5.9333  0.2095089E+04
                                                             +++Separation,Capacitance, cpu time: *****  0.1748325E+04   1720.96
 ===S/R,C/pi.e0.R:   6.0000  0.2094832E+04
                                                             +++Separation,Capacitance, cpu time: *****  0.1748111E+04   1765.69
 ===S/R,C/pi.e0.R:   6.0667  0.2094576E+04
                                                             +++Separation,Capacitance, cpu time: *****  0.1747897E+04   1817.13
 ===S/R,C/pi.e0.R:   6.1333  0.2094320E+04
                                                             +++Separation,Capacitance, cpu time: *****  0.1747684E+04   1859.12
 ===S/R,C/pi.e0.R:   6.2000  0.2094065E+04
                                                             +++Separation,Capacitance, cpu time: *****  0.1747472E+04   1907.72
 ===S/R,C/pi.e0.R:   6.2667  0.2093811E+04
                                                             +++Separation,Capacitance, cpu time: *****  0.1747259E+04   1956.29
 ===S/R,C/pi.e0.R:   6.3333  0.2093558E+04
                                                             +++Separation,Capacitance, cpu time: *****  0.1747048E+04   2001.95
 ===S/R,C/pi.e0.R:   6.4000  0.2093305E+04
                                                             +++Separation,Capacitance, cpu time: *****  0.1746837E+04   2044.38
 ===S/R,C/pi.e0.R:   6.4667  0.2093053E+04
                                                             +++Separation,Capacitance, cpu time: *****  0.1746626E+04   2096.46
 ===S/R,C/pi.e0.R:   6.5333  0.2092801E+04
                                                             +++Separation,Capacitance, cpu time: *****  0.1746416E+04   2139.07
 ===S/R,C/pi.e0.R:   6.6000  0.2092550E+04
                                                             +++Separation,Capacitance, cpu time: *****  0.1746207E+04   2188.46
 ===S/R,C/pi.e0.R:   6.6667  0.2092299E+04
                                                             +++Separation,Capacitance, cpu time: *****  0.1745998E+04   2231.62
 ===S/R,C/pi.e0.R:   6.7333  0.2092049E+04
                                                             +++Separation,Capacitance, cpu time: *****  0.1745789E+04   2278.14
 ===S/R,C/pi.e0.R:   6.8000  0.2091800E+04
                                                             +++Separation,Capacitance, cpu time: *****  0.1745581E+04   2325.00
 ===S/R,C/pi.e0.R:   6.8667  0.2091551E+04
                                                             +++Separation,Capacitance, cpu time: *****  0.1745373E+04   2368.43
 ===S/R,C/pi.e0.R:   6.9333  0.2091303E+04
                                                             +++Separation,Capacitance, cpu time: *****  0.1745166E+04   2415.56
 ===S/R,C/pi.e0.R:   7.0000  0.2091055E+04
                                                             +++Separation,Capacitance, cpu time: *****  0.1744959E+04   2466.20
 ===S/R,C/pi.e0.R:   7.0667  0.2090808E+04
                                                             +++Separation,Capacitance, cpu time: *****  0.1744753E+04   2510.07
 ===S/R,C/pi.e0.R:   7.1333  0.2090561E+04
                                                             +++Separation,Capacitance, cpu time: *****  0.1744547E+04   2557.79
 ===S/R,C/pi.e0.R:   7.2000  0.2090315E+04
                                                             +++Separation,Capacitance, cpu time: *****  0.1744342E+04   2605.35
 ===S/R,C/pi.e0.R:   7.2667  0.2090070E+04
                                                             +++Separation,Capacitance, cpu time: *****  0.1744137E+04   2659.87
 ===S/R,C/pi.e0.R:   7.3333  0.2089825E+04
                                                             +++Separation,Capacitance, cpu time: *****  0.1743933E+04   2711.61
 ===S/R,C/pi.e0.R:   7.4000  0.2089580E+04
                                                             +++Separation,Capacitance, cpu time: *****  0.1743729E+04   2759.94
 ===S/R,C/pi.e0.R:   7.4667  0.2089336E+04
                                                             +++Separation,Capacitance, cpu time: *****  0.1743525E+04   2811.51
 ===S/R,C/pi.e0.R:   7.5333  0.2089093E+04
                                                             +++Separation,Capacitance, cpu time: *****  0.1743322E+04   2863.37
 ===S/R,C/pi.e0.R:   7.6000  0.2088850E+04
                                                             +++Separation,Capacitance, cpu time: *****  0.1743119E+04   2911.76
 ===S/R,C/pi.e0.R:   7.6667  0.2088607E+04
                                                             +++Separation,Capacitance, cpu time: *****  0.1742917E+04   2960.46
 ===S/R,C/pi.e0.R:   7.7333  0.2088366E+04
                                                             +++Separation,Capacitance, cpu time: *****  0.1742715E+04   3005.67
 ===S/R,C/pi.e0.R:   7.8000  0.2088124E+04
                                                             +++Separation,Capacitance, cpu time: *****  0.1742514E+04   3054.54
 ===S/R,C/pi.e0.R:   7.8667  0.2087883E+04
                                                             +++Separation,Capacitance, cpu time: *****  0.1742312E+04   3106.96
 ===S/R,C/pi.e0.R:   7.9333  0.2087643E+04
                                                             +++Separation,Capacitance, cpu time: *****  0.1742112E+04   3156.27
 ===S/R,C/pi.e0.R:   8.0000  0.2087403E+04
                                                             +++Separation,Capacitance, cpu time: *****  0.1741911E+04   3209.14
 ===S/R,C/pi.e0.R:   8.0667  0.2087163E+04
                                                             +++Separation,Capacitance, cpu time: *****  0.1741712E+04   3255.20
 ===S/R,C/pi.e0.R:   8.1333  0.2086924E+04
                                                             +++Separation,Capacitance, cpu time: *****  0.1741512E+04   3304.86
 ===S/R,C/pi.e0.R:   8.2000  0.2086685E+04
                                                             +++Separation,Capacitance, cpu time: *****  0.1741313E+04   3351.15
 ===S/R,C/pi.e0.R:   8.2667  0.2086447E+04
                                                             +++Separation,Capacitance, cpu time: *****  0.1741114E+04   3397.62

                                                           G O O D   B Y E !      Time: 06.09.2021    21:23:53

