Capsol Py
[100. 102. 104. 106. 108. 110. 112. 114. 116. 118. 120. 122. 124. 126.
 128. 130. 132. 134. 136. 138. 140. 142. 144. 146. 148. 150. 152. 154.
 156. 158. 160. 162. 164. 166. 168. 170. 172. 174. 176. 178. 180. 182.
 184. 186. 188. 190. 192. 194. 196. 198. 200. 202. 204. 206. 208. 210.
 212. 214. 216. 218. 220. 222. 224. 226. 228. 230. 232. 234. 236. 238.
 240. 242. 244. 246. 248.]
Distance 100.0 nm (0/75)
Grids:
r_ratio = 1.014, z_ratio = 1.014
Setting up matrices:
Solving...
C = 1.67039e-15 F
Done!
0:00:16.928577
Distance 102.0 nm (1/75)
Grids:
r_ratio = 1.014, z_ratio = 1.014
Setting up matrices:
Solving...
C = 1.67016e-15 F
Done!
0:00:17.929136
Distance 104.0 nm (2/75)
Grids:
r_ratio = 1.014, z_ratio = 1.014
Setting up matrices:
Solving...
C = 1.66994e-15 F
Done!
0:00:16.866465
Distance 106.0 nm (3/75)
Grids:
r_ratio = 1.014, z_ratio = 1.014
Setting up matrices:
Solving...
C = 1.66971e-15 F
Done!
0:00:17.191400
Distance 108.0 nm (4/75)
Grids:
r_ratio = 1.014, z_ratio = 1.014
Setting up matrices:
Solving...
C = 1.66949e-15 F
Done!
0:00:17.482107
Distance 110.0 nm (5/75)
Grids:
r_ratio = 1.014, z_ratio = 1.014
Setting up matrices:
Solving...
C = 1.66927e-15 F
Done!
0:00:17.013338
Distance 112.0 nm (6/75)
Grids:
r_ratio = 1.014, z_ratio = 1.014
Setting up matrices:
Solving...
C = 1.66904e-15 F
Done!
0:00:18.041730
Distance 114.0 nm (7/75)
Grids:
r_ratio = 1.014, z_ratio = 1.014
Setting up matrices:
Solving...
C = 1.66882e-15 F
Done!
0:00:18.139246
Distance 116.0 nm (8/75)
Grids:
r_ratio = 1.014, z_ratio = 1.014
Setting up matrices:
Solving...
C = 1.66860e-15 F
Done!
0:00:17.319944
Distance 118.0 nm (9/75)
Grids:
r_ratio = 1.014, z_ratio = 1.014
Setting up matrices:
Solving...
C = 1.66838e-15 F
Done!
0:00:17.420579
Distance 120.0 nm (10/75)
Grids:
r_ratio = 1.014, z_ratio = 1.014
Setting up matrices:
Solving...
C = 1.66816e-15 F
Done!
0:00:17.963043
Distance 122.0 nm (11/75)
Grids:
r_ratio = 1.014, z_ratio = 1.014
Setting up matrices:
Solving...
C = 1.66795e-15 F
Done!
0:00:17.749455
Distance 124.0 nm (12/75)
Grids:
r_ratio = 1.014, z_ratio = 1.014
Setting up matrices:
Solving...
C = 1.66773e-15 F
Done!
0:00:18.197960
Distance 126.0 nm (13/75)
Grids:
r_ratio = 1.014, z_ratio = 1.014
Setting up matrices:
Solving...
C = 1.66751e-15 F
Done!
0:00:18.731990
Distance 128.0 nm (14/75)
Grids:
r_ratio = 1.014, z_ratio = 1.014
Setting up matrices:
Solving...
C = 1.66730e-15 F
Done!
0:00:18.028706
Distance 130.0 nm (15/75)
Grids:
r_ratio = 1.014, z_ratio = 1.014
Setting up matrices:
Solving...
C = 1.66708e-15 F
Done!
0:00:18.328269
Distance 132.0 nm (16/75)
Grids:
r_ratio = 1.014, z_ratio = 1.014
Setting up matrices:
Solving...
C = 1.66687e-15 F
Done!
0:00:18.325164
Distance 134.0 nm (17/75)
Grids:
r_ratio = 1.014, z_ratio = 1.014
Setting up matrices:
Solving...
C = 1.66665e-15 F
Done!
0:00:18.057175
Distance 136.0 nm (18/75)
Grids:
r_ratio = 1.014, z_ratio = 1.014
Setting up matrices:
Solving...
C = 1.66644e-15 F
Done!
0:00:17.955751
Distance 138.0 nm (19/75)
Grids:
r_ratio = 1.014, z_ratio = 1.014
Setting up matrices:
Solving...
C = 1.66623e-15 F
Done!
0:00:18.618797
Distance 140.0 nm (20/75)
Grids:
r_ratio = 1.014, z_ratio = 1.014
Setting up matrices:
Solving...
C = 1.66602e-15 F
Done!
0:00:17.951723
Distance 142.0 nm (21/75)
Grids:
r_ratio = 1.014, z_ratio = 1.014
Setting up matrices:
Solving...
C = 1.66581e-15 F
Done!
0:00:18.435461
Distance 144.0 nm (22/75)
Grids:
r_ratio = 1.014, z_ratio = 1.014
Setting up matrices:
Solving...
C = 1.66560e-15 F
Done!
0:00:18.181101
Distance 146.0 nm (23/75)
Grids:
r_ratio = 1.014, z_ratio = 1.014
Setting up matrices:
Solving...
C = 1.66539e-15 F
Done!
0:00:18.126210
Distance 148.0 nm (24/75)
Grids:
r_ratio = 1.014, z_ratio = 1.014
Setting up matrices:
Solving...
C = 1.66518e-15 F
Done!
0:00:19.132613
Distance 150.0 nm (25/75)
Grids:
r_ratio = 1.014, z_ratio = 1.014
Setting up matrices:
Solving...
C = 1.66497e-15 F
Done!
0:00:18.663411
Distance 152.0 nm (26/75)
Grids:
r_ratio = 1.014, z_ratio = 1.014
Setting up matrices:
Solving...
C = 1.66477e-15 F
Done!
0:00:18.630648
Distance 154.0 nm (27/75)
Grids:
r_ratio = 1.014, z_ratio = 1.014
Setting up matrices:
Solving...
C = 1.66456e-15 F
Done!
0:00:18.965265
Distance 156.0 nm (28/75)
Grids:
r_ratio = 1.014, z_ratio = 1.014
Setting up matrices:
Solving...
C = 1.66436e-15 F
Done!
0:00:18.784176
Distance 158.0 nm (29/75)
Grids:
r_ratio = 1.014, z_ratio = 1.014
Setting up matrices:
Solving...
C = 1.66415e-15 F
Done!
0:00:19.167091
Distance 160.0 nm (30/75)
Grids:
r_ratio = 1.014, z_ratio = 1.014
Setting up matrices:
Solving...
C = 1.66395e-15 F
Done!
0:00:18.909682
Distance 162.0 nm (31/75)
Grids:
r_ratio = 1.014, z_ratio = 1.014
Setting up matrices:
Solving...
C = 1.66374e-15 F
Done!
0:00:20.340583
Distance 164.0 nm (32/75)
Grids:
r_ratio = 1.014, z_ratio = 1.014
Setting up matrices:
Solving...
C = 1.66354e-15 F
Done!
0:00:19.533991
Distance 166.0 nm (33/75)
Grids:
r_ratio = 1.014, z_ratio = 1.014
Setting up matrices:
Solving...
C = 1.66334e-15 F
Done!
0:00:21.054820
Distance 168.0 nm (34/75)
Grids:
r_ratio = 1.014, z_ratio = 1.014
Setting up matrices:
Solving...
C = 1.66313e-15 F
Done!
0:00:20.238022
Distance 170.0 nm (35/75)
Grids:
r_ratio = 1.014, z_ratio = 1.014
Setting up matrices:
Solving...
C = 1.66293e-15 F
Done!
0:00:19.483496
Distance 172.0 nm (36/75)
Grids:
r_ratio = 1.014, z_ratio = 1.014
Setting up matrices:
Solving...
C = 1.66273e-15 F
Done!
0:00:20.823329
Distance 174.0 nm (37/75)
Grids:
r_ratio = 1.014, z_ratio = 1.014
Setting up matrices:
Solving...
C = 1.66253e-15 F
Done!
0:00:20.447114
Distance 176.0 nm (38/75)
Grids:
r_ratio = 1.014, z_ratio = 1.014
Setting up matrices:
Solving...
C = 1.66233e-15 F
Done!
0:00:19.244744
Distance 178.0 nm (39/75)
Grids:
r_ratio = 1.014, z_ratio = 1.014
Setting up matrices:
Solving...
C = 1.66213e-15 F
Done!
0:00:18.241514
Distance 180.0 nm (40/75)
Grids:
r_ratio = 1.014, z_ratio = 1.014
Setting up matrices:
Solving...
C = 1.66193e-15 F
Done!
0:00:18.451366
Distance 182.0 nm (41/75)
Grids:
r_ratio = 1.014, z_ratio = 1.014
Setting up matrices:
Solving...
C = 1.66173e-15 F
Done!
0:00:19.615113
Distance 184.0 nm (42/75)
Grids:
r_ratio = 1.014, z_ratio = 1.014
Setting up matrices:
Solving...
C = 1.66153e-15 F
Done!
0:00:18.719886
Distance 186.0 nm (43/75)
Grids:
r_ratio = 1.014, z_ratio = 1.014
Setting up matrices:
Solving...
C = 1.66134e-15 F
Done!
0:00:19.530120
Distance 188.0 nm (44/75)
Grids:
r_ratio = 1.014, z_ratio = 1.014
Setting up matrices:
Solving...
C = 1.66114e-15 F
Done!
0:00:18.857675
Distance 190.0 nm (45/75)
Grids:
r_ratio = 1.014, z_ratio = 1.014
Setting up matrices:
Solving...
C = 1.66094e-15 F
Done!
0:00:19.315676
Distance 192.0 nm (46/75)
Grids:
r_ratio = 1.014, z_ratio = 1.014
Setting up matrices:
Solving...
C = 1.66075e-15 F
Done!
0:00:18.856451
Distance 194.0 nm (47/75)
Grids:
r_ratio = 1.014, z_ratio = 1.014
Setting up matrices:
Solving...
C = 1.66055e-15 F
Done!
0:00:19.389352
Distance 196.0 nm (48/75)
Grids:
r_ratio = 1.014, z_ratio = 1.014
Setting up matrices:
Solving...
C = 1.66036e-15 F
Done!
0:00:19.421780
Distance 198.0 nm (49/75)
Grids:
r_ratio = 1.014, z_ratio = 1.014
Setting up matrices:
Solving...
C = 1.66016e-15 F
Done!
0:00:20.676695
Distance 200.0 nm (50/75)
Grids:
r_ratio = 1.014, z_ratio = 1.014
Setting up matrices:
Solving...
C = 1.65997e-15 F
Done!
0:00:20.314290
Distance 202.0 nm (51/75)
Grids:
r_ratio = 1.014, z_ratio = 1.014
Setting up matrices:
Solving...
C = 1.65977e-15 F
Done!
0:00:20.274995
Distance 204.0 nm (52/75)
Grids:
r_ratio = 1.014, z_ratio = 1.014
Setting up matrices:
Solving...
C = 1.65958e-15 F
Done!
0:00:19.880789
Distance 206.0 nm (53/75)
Grids:
r_ratio = 1.014, z_ratio = 1.014
Setting up matrices:
Solving...
C = 1.65939e-15 F
Done!
0:00:20.495743
Distance 208.0 nm (54/75)
Grids:
r_ratio = 1.014, z_ratio = 1.014
Setting up matrices:
Solving...
C = 1.65919e-15 F
Done!
0:00:20.818408
Distance 210.0 nm (55/75)
Grids:
r_ratio = 1.014, z_ratio = 1.014
Setting up matrices:
Solving...
C = 1.65900e-15 F
Done!
0:00:20.869238
Distance 212.0 nm (56/75)
Grids:
r_ratio = 1.014, z_ratio = 1.014
Setting up matrices:
Solving...
C = 1.65881e-15 F
Done!
0:00:20.588285
Distance 214.0 nm (57/75)
Grids:
r_ratio = 1.014, z_ratio = 1.014
Setting up matrices:
Solving...
C = 1.65862e-15 F
Done!
0:00:19.498428
Distance 216.0 nm (58/75)
Grids:
r_ratio = 1.014, z_ratio = 1.014
Setting up matrices:
Solving...
C = 1.65843e-15 F
Done!
0:00:19.821181
Distance 218.0 nm (59/75)
Grids:
r_ratio = 1.014, z_ratio = 1.014
Setting up matrices:
Solving...
C = 1.65824e-15 F
Done!
0:00:20.454082
Distance 220.0 nm (60/75)
Grids:
r_ratio = 1.014, z_ratio = 1.014
Setting up matrices:
Solving...
C = 1.65805e-15 F
Done!
0:00:20.615462
Distance 222.0 nm (61/75)
Grids:
r_ratio = 1.014, z_ratio = 1.014
Setting up matrices:
Solving...
C = 1.65786e-15 F
Done!
0:00:21.278801
Distance 224.0 nm (62/75)
Grids:
r_ratio = 1.014, z_ratio = 1.014
Setting up matrices:
Solving...
C = 1.65767e-15 F
Done!
0:00:20.200525
Distance 226.0 nm (63/75)
Grids:
r_ratio = 1.014, z_ratio = 1.014
Setting up matrices:
Solving...
C = 1.65748e-15 F
Done!
0:00:20.974553
Distance 228.0 nm (64/75)
Grids:
r_ratio = 1.014, z_ratio = 1.014
Setting up matrices:
Solving...
C = 1.65729e-15 F
Done!
0:00:22.358778
Distance 230.0 nm (65/75)
Grids:
r_ratio = 1.014, z_ratio = 1.014
Setting up matrices:
Solving...
C = 1.65710e-15 F
Done!
0:00:21.095634
Distance 232.0 nm (66/75)
Grids:
r_ratio = 1.014, z_ratio = 1.014
Setting up matrices:
Solving...
C = 1.65692e-15 F
Done!
0:00:22.101462
Distance 234.0 nm (67/75)
Grids:
r_ratio = 1.014, z_ratio = 1.014
Setting up matrices:
Solving...
C = 1.65673e-15 F
Done!
0:00:21.955873
Distance 236.0 nm (68/75)
Grids:
r_ratio = 1.014, z_ratio = 1.014
Setting up matrices:
Solving...
C = 1.65654e-15 F
Done!
0:00:20.941850
Distance 238.0 nm (69/75)
Grids:
r_ratio = 1.014, z_ratio = 1.014
Setting up matrices:
Solving...
C = 1.65636e-15 F
Done!
0:00:21.381488
Distance 240.0 nm (70/75)
Grids:
r_ratio = 1.014, z_ratio = 1.014
Setting up matrices:
Solving...
C = 1.65617e-15 F
Done!
0:00:23.255325
Distance 242.0 nm (71/75)
Grids:
r_ratio = 1.014, z_ratio = 1.014
Setting up matrices:
Solving...
C = 1.65598e-15 F
Done!
0:00:23.554607
Distance 244.0 nm (72/75)
Grids:
r_ratio = 1.014, z_ratio = 1.014
Setting up matrices:
Solving...
C = 1.65580e-15 F
Done!
0:00:21.382773
Distance 246.0 nm (73/75)
Grids:
r_ratio = 1.014, z_ratio = 1.014
Setting up matrices:
Solving...
C = 1.65561e-15 F
Done!
0:00:22.293815
Distance 248.0 nm (74/75)
Grids:
r_ratio = 1.014, z_ratio = 1.014
Setting up matrices:
Solving...
C = 1.65543e-15 F
Done!
0:00:22.468309
Exiting...
