set verbose

squeue -j $SLURM_JOB_ID
squeue -j 14817366
             JOBID PARTITION     NAME     USER ST       TIME  NODES NODELIST(REASON)
          14817366    serial   CapSol maroniea  R       0:02      1 o0462









cd $TMPDIR
cd /tmp/slurmtmp.14817366
cp -p "$SLURM_SUBMIT_DIR/NewTirmzi_variedthickness-0000.in" capsol.in
cp -p /fs/ess/PSS0003/Output-Fortran/0381-NewTirmzi_variedthickness-0000/NewTirmzi_variedthickness-0000.in capsol.in



/fs/ess/PSS0003/bin/capsol > "$SLURM_SUBMIT_DIR/NewTirmzi_variedthickness-0000.in.out"
/fs/ess/PSS0003/bin/capsol
ls -al
ls -al
total 5956
drwx------  3 maroniea2023 PSS0003    4096 Sep  6 21:12 .
drwxrwxrwt 17 root         root      16384 Sep  6 21:12 ..
-rw-r--r--  1 maroniea2023 PSS0003     539 Sep  6 21:07 capsol.in
-rw-r--r--  1 maroniea2023 PSS0003 2333925 Sep  6 21:12 ElecField_gap.dat
-rw-r--r--  1 maroniea2023 PSS0003    8625 Sep  6 21:12 ElecField_mid.dat
-rw-r--r--  1 maroniea2023 PSS0003   45833 Sep  6 21:07 Fz.dat3.3333
-rw-r--r--  1 maroniea2023 PSS0003   45833 Sep  6 21:07 Fz.dat3.4000
-rw-r--r--  1 maroniea2023 PSS0003   45833 Sep  6 21:07 Fz.dat3.4667
-rw-r--r--  1 maroniea2023 PSS0003   45833 Sep  6 21:07 Fz.dat3.5333
-rw-r--r--  1 maroniea2023 PSS0003   45833 Sep  6 21:07 Fz.dat3.6000
-rw-r--r--  1 maroniea2023 PSS0003   45833 Sep  6 21:07 Fz.dat3.6667
-rw-r--r--  1 maroniea2023 PSS0003   45833 Sep  6 21:07 Fz.dat3.7333
-rw-r--r--  1 maroniea2023 PSS0003   45833 Sep  6 21:07 Fz.dat3.8000
-rw-r--r--  1 maroniea2023 PSS0003   45833 Sep  6 21:08 Fz.dat3.8667
-rw-r--r--  1 maroniea2023 PSS0003   45833 Sep  6 21:08 Fz.dat3.9333
-rw-r--r--  1 maroniea2023 PSS0003   45833 Sep  6 21:08 Fz.dat4.0000
-rw-r--r--  1 maroniea2023 PSS0003   45833 Sep  6 21:08 Fz.dat4.0667
-rw-r--r--  1 maroniea2023 PSS0003   45833 Sep  6 21:08 Fz.dat4.1333
-rw-r--r--  1 maroniea2023 PSS0003   45833 Sep  6 21:08 Fz.dat4.2000
-rw-r--r--  1 maroniea2023 PSS0003   45833 Sep  6 21:08 Fz.dat4.2667
-rw-r--r--  1 maroniea2023 PSS0003   45833 Sep  6 21:08 Fz.dat4.3333
-rw-r--r--  1 maroniea2023 PSS0003   45833 Sep  6 21:08 Fz.dat4.4000
-rw-r--r--  1 maroniea2023 PSS0003   45833 Sep  6 21:08 Fz.dat4.4667
-rw-r--r--  1 maroniea2023 PSS0003   45833 Sep  6 21:08 Fz.dat4.5333
-rw-r--r--  1 maroniea2023 PSS0003   45833 Sep  6 21:08 Fz.dat4.6000
-rw-r--r--  1 maroniea2023 PSS0003   45833 Sep  6 21:08 Fz.dat4.6667
-rw-r--r--  1 maroniea2023 PSS0003   45833 Sep  6 21:08 Fz.dat4.7333
-rw-r--r--  1 maroniea2023 PSS0003   45833 Sep  6 21:08 Fz.dat4.8000
-rw-r--r--  1 maroniea2023 PSS0003   45833 Sep  6 21:08 Fz.dat4.8667
-rw-r--r--  1 maroniea2023 PSS0003   45833 Sep  6 21:08 Fz.dat4.9333
-rw-r--r--  1 maroniea2023 PSS0003   45833 Sep  6 21:08 Fz.dat5.0000
-rw-r--r--  1 maroniea2023 PSS0003   45833 Sep  6 21:09 Fz.dat5.0667
-rw-r--r--  1 maroniea2023 PSS0003   45833 Sep  6 21:09 Fz.dat5.1333
-rw-r--r--  1 maroniea2023 PSS0003   45833 Sep  6 21:09 Fz.dat5.2000
-rw-r--r--  1 maroniea2023 PSS0003   45833 Sep  6 21:09 Fz.dat5.2667
-rw-r--r--  1 maroniea2023 PSS0003   45833 Sep  6 21:09 Fz.dat5.3333
-rw-r--r--  1 maroniea2023 PSS0003   45833 Sep  6 21:09 Fz.dat5.4000
-rw-r--r--  1 maroniea2023 PSS0003   45833 Sep  6 21:09 Fz.dat5.4667
-rw-r--r--  1 maroniea2023 PSS0003   45833 Sep  6 21:09 Fz.dat5.5333
-rw-r--r--  1 maroniea2023 PSS0003   45833 Sep  6 21:09 Fz.dat5.6000
-rw-r--r--  1 maroniea2023 PSS0003   45833 Sep  6 21:09 Fz.dat5.6667
-rw-r--r--  1 maroniea2023 PSS0003   45833 Sep  6 21:09 Fz.dat5.7333
-rw-r--r--  1 maroniea2023 PSS0003   45833 Sep  6 21:09 Fz.dat5.8000
-rw-r--r--  1 maroniea2023 PSS0003   45833 Sep  6 21:09 Fz.dat5.8667
-rw-r--r--  1 maroniea2023 PSS0003   45833 Sep  6 21:09 Fz.dat5.9333
-rw-r--r--  1 maroniea2023 PSS0003   45833 Sep  6 21:09 Fz.dat6.0000
-rw-r--r--  1 maroniea2023 PSS0003   45833 Sep  6 21:09 Fz.dat6.0667
-rw-r--r--  1 maroniea2023 PSS0003   45833 Sep  6 21:10 Fz.dat6.1333
-rw-r--r--  1 maroniea2023 PSS0003   45833 Sep  6 21:10 Fz.dat6.2000
-rw-r--r--  1 maroniea2023 PSS0003   45833 Sep  6 21:10 Fz.dat6.2667
-rw-r--r--  1 maroniea2023 PSS0003   45833 Sep  6 21:10 Fz.dat6.3333
-rw-r--r--  1 maroniea2023 PSS0003   45833 Sep  6 21:10 Fz.dat6.4000
-rw-r--r--  1 maroniea2023 PSS0003   45833 Sep  6 21:10 Fz.dat6.4667
-rw-r--r--  1 maroniea2023 PSS0003   45833 Sep  6 21:10 Fz.dat6.5333
-rw-r--r--  1 maroniea2023 PSS0003   45833 Sep  6 21:10 Fz.dat6.6000
-rw-r--r--  1 maroniea2023 PSS0003   45833 Sep  6 21:10 Fz.dat6.6667
-rw-r--r--  1 maroniea2023 PSS0003   45833 Sep  6 21:10 Fz.dat6.7333
-rw-r--r--  1 maroniea2023 PSS0003   45833 Sep  6 21:10 Fz.dat6.8000
-rw-r--r--  1 maroniea2023 PSS0003   45833 Sep  6 21:10 Fz.dat6.8667
-rw-r--r--  1 maroniea2023 PSS0003   45833 Sep  6 21:10 Fz.dat6.9333
-rw-r--r--  1 maroniea2023 PSS0003   45833 Sep  6 21:10 Fz.dat7.0000
-rw-r--r--  1 maroniea2023 PSS0003   45833 Sep  6 21:10 Fz.dat7.0667
-rw-r--r--  1 maroniea2023 PSS0003   45833 Sep  6 21:11 Fz.dat7.1333
-rw-r--r--  1 maroniea2023 PSS0003   45833 Sep  6 21:11 Fz.dat7.2000
-rw-r--r--  1 maroniea2023 PSS0003   45833 Sep  6 21:11 Fz.dat7.2667
-rw-r--r--  1 maroniea2023 PSS0003   45833 Sep  6 21:11 Fz.dat7.3333
-rw-r--r--  1 maroniea2023 PSS0003   45833 Sep  6 21:11 Fz.dat7.4000
-rw-r--r--  1 maroniea2023 PSS0003   45833 Sep  6 21:11 Fz.dat7.4667
-rw-r--r--  1 maroniea2023 PSS0003   45833 Sep  6 21:11 Fz.dat7.5333
-rw-r--r--  1 maroniea2023 PSS0003   45833 Sep  6 21:11 Fz.dat7.6000
-rw-r--r--  1 maroniea2023 PSS0003   45833 Sep  6 21:11 Fz.dat7.6667
-rw-r--r--  1 maroniea2023 PSS0003   45833 Sep  6 21:11 Fz.dat7.7333
-rw-r--r--  1 maroniea2023 PSS0003   45833 Sep  6 21:11 Fz.dat7.8000
-rw-r--r--  1 maroniea2023 PSS0003   45833 Sep  6 21:11 Fz.dat7.8667
-rw-r--r--  1 maroniea2023 PSS0003   45833 Sep  6 21:11 Fz.dat7.9333
-rw-r--r--  1 maroniea2023 PSS0003   45833 Sep  6 21:11 Fz.dat8.0000
-rw-r--r--  1 maroniea2023 PSS0003   45833 Sep  6 21:12 Fz.dat8.0667
-rw-r--r--  1 maroniea2023 PSS0003   45833 Sep  6 21:12 Fz.dat8.1333
-rw-r--r--  1 maroniea2023 PSS0003   45833 Sep  6 21:12 Fz.dat8.2000
-rw-r--r--  1 maroniea2023 PSS0003   45833 Sep  6 21:12 Fz.dat8.2667
drwxr-xr-x  2 maroniea2023 PSS0003      22 Sep  6 21:07 .jobdata
-rw-r--r--  1 maroniea2023 PSS0003   29659 Sep  6 21:07 ProbeGeometry.dat
-rw-r--r--  1 maroniea2023 PSS0003    3133 Sep  6 21:12 Z-U.dat


cp * $SLURM_SUBMIT_DIR
cp capsol.in ElecField_gap.dat ElecField_mid.dat Fz.dat3.3333 Fz.dat3.4000 Fz.dat3.4667 Fz.dat3.5333 Fz.dat3.6000 Fz.dat3.6667 Fz.dat3.7333 Fz.dat3.8000 Fz.dat3.8667 Fz.dat3.9333 Fz.dat4.0000 Fz.dat4.0667 Fz.dat4.1333 Fz.dat4.2000 Fz.dat4.2667 Fz.dat4.3333 Fz.dat4.4000 Fz.dat4.4667 Fz.dat4.5333 Fz.dat4.6000 Fz.dat4.6667 Fz.dat4.7333 Fz.dat4.8000 Fz.dat4.8667 Fz.dat4.9333 Fz.dat5.0000 Fz.dat5.0667 Fz.dat5.1333 Fz.dat5.2000 Fz.dat5.2667 Fz.dat5.3333 Fz.dat5.4000 Fz.dat5.4667 Fz.dat5.5333 Fz.dat5.6000 Fz.dat5.6667 Fz.dat5.7333 Fz.dat5.8000 Fz.dat5.8667 Fz.dat5.9333 Fz.dat6.0000 Fz.dat6.0667 Fz.dat6.1333 Fz.dat6.2000 Fz.dat6.2667 Fz.dat6.3333 Fz.dat6.4000 Fz.dat6.4667 Fz.dat6.5333 Fz.dat6.6000 Fz.dat6.6667 Fz.dat6.7333 Fz.dat6.8000 Fz.dat6.8667 Fz.dat6.9333 Fz.dat7.0000 Fz.dat7.0667 Fz.dat7.1333 Fz.dat7.2000 Fz.dat7.2667 Fz.dat7.3333 Fz.dat7.4000 Fz.dat7.4667 Fz.dat7.5333 Fz.dat7.6000 Fz.dat7.6667 Fz.dat7.7333 Fz.dat7.8000 Fz.dat7.8667 Fz.dat7.9333 Fz.dat8.0000 Fz.dat8.0667 Fz.dat8.1333 Fz.dat8.2000 Fz.dat8.2667 ProbeGeometry.dat Z-U.dat /fs/ess/PSS0003/Output-Fortran/0381-NewTirmzi_variedthickness-0000
