Capsol Py
[150. 152. 154. 156. 158. 160. 162. 164. 166. 168. 170. 172. 174. 176.
 178. 180. 182. 184. 186. 188. 190. 192. 194. 196. 198. 200. 202. 204.
 206. 208. 210. 212. 214. 216. 218. 220. 222. 224. 226. 228. 230. 232.
 234. 236. 238. 240. 242. 244. 246. 248.]
0:00:43.472767
0:00:42.364605
0:00:43.389033
0:00:43.249118
0:00:40.723093
0:00:42.057024
0:00:42.883859
0:00:42.056506
0:00:40.506771
0:00:41.757648
0:00:41.505377
0:00:42.462900
0:00:44.718869
0:00:43.741484
0:00:41.675819
0:00:42.742749
0:00:44.847913
0:00:43.396201
0:00:42.604282
0:00:45.971655
0:00:43.537958
0:00:45.076039
0:00:46.609985
0:00:46.256082
0:00:46.043894
0:00:45.964402
0:00:46.591265
0:00:44.304489
0:00:46.690461
0:00:47.063005
0:00:46.322630
0:00:48.852311
0:00:47.454707
0:00:49.259915
0:00:49.693555
0:00:47.933558
0:00:47.131686
0:00:48.613267
0:00:47.786651
0:00:47.846876
0:00:49.443620
0:00:49.894945
0:00:49.003522
0:00:50.490059
0:00:49.679015
0:00:48.501180
0:00:49.480676
0:00:49.668251
0:00:50.075803
0:00:50.416548
Exiting...
