 
    N o n u n i f o r m - m e s h   F i n i t e   D i f f e r e n c e                                         
       _____                            _  _                                _____         _                   
      / ____|                          (_)| |                              / ____|       | |                  
     | |      __ _  _ __    __ _   ___  _ | |_  __ _  _ __    ___  ___    | (___    ___  | |__   __ ___  _ __ 
     | |     / _` || '_ \  / _` | / __|| || __|/ _` || '_ \  / __|/ _ \    \___ \  / _ \ | |\ \ / // _ \| '__|
     | |____| (_| || |_) || (_| || (__ | || |_| (_| || | | || (__|  __/    ____) || (_) || | \ V /|  __/| |   
      \_____|\__,_|| .__/  \__,_| \___||_| \__|\__,_||_| |_| \___|\___|   |_____/  \___/ |_|  \_/  \___||_|   
                   | |                                                                                        
                   |_|                                    C y l i n d r i c a l   S y m m e t r y   Ver. 0.0  
                                                          (Specialized for AFM Probe over a Multilayer sample)
 
                                                                                  Time: 02.08.2021    15:13:43
 
 
 
 ------------ Echo of input file: capsol.in ----------
  1000  1000     2                                # Number of grids: n, m+, m-
  0.500    1.00E+06    1.00E+06                   # Resolution: h0, Box-size: Rho_max, Z_max    *** ALL LENGTHS IN NANOMETER *** 
   150.000   250.000   4                          # Tip-sample separation: min, max, istep (stepsize=istep*h0)
  30.0  20.0   15.00E+03   13.75E+03  999.99E+00  # Probe shape: Rtip,half-angle,HCone,RCantilever, thickness_Cantilever
 990.000E-03   1.000E+00                          # Sample: eps_r, Thickness_sample
LAPACK    0  1                                    # Solving: Method{LAPACK,PARDISO,NOSOLVE}, Test?(0=No,1=Sphere,2=lever-only),Verbosiy>0)
    1      F # New grid params: Uniformly spaced points, equally spaced sample grid?
 
 
 ===S/R,C/pi.e0.R:   5.0000  0.2037693E+04
                                                             +++Separation,Capacitance, cpu time: *****  0.1700429E+04     73.14
 ===S/R,C/pi.e0.R:   5.0667  0.2300735E+23
                                                             +++Separation,Capacitance, cpu time: *****  0.1919935E+23    134.57
 ===S/R,C/pi.e0.R:   5.1333  0.2037222E+04
                                                             +++Separation,Capacitance, cpu time: *****  0.1700037E+04    204.58
 ===S/R,C/pi.e0.R:   5.2000  0.2347739E+23
                                                             +++Separation,Capacitance, cpu time: *****  0.1959159E+23    266.27
 ===S/R,C/pi.e0.R:   5.2667  0.2354385E+23
                                                             +++Separation,Capacitance, cpu time: *****  0.1964705E+23    328.19
 ===S/R,C/pi.e0.R:   5.3333  0.2339523E+23
                                                             +++Separation,Capacitance, cpu time: *****  0.1952303E+23    390.40
 ===S/R,C/pi.e0.R:   5.4000  0.2326573E+23
                                                             +++Separation,Capacitance, cpu time: *****  0.1941496E+23    452.61
 ===S/R,C/pi.e0.R:   5.4667  0.2259845E+23
                                                             +++Separation,Capacitance, cpu time: *****  0.1885813E+23    515.08
 ===S/R,C/pi.e0.R:   5.5333  0.1913102E+23
                                                             +++Separation,Capacitance, cpu time: *****  0.1596460E+23    577.80
 ===S/R,C/pi.e0.R:   5.6000  0.2254343E+23
                                                             +++Separation,Capacitance, cpu time: *****  0.1881221E+23    640.60
 ===S/R,C/pi.e0.R:   5.6667  0.2311872E+23
                                                             +++Separation,Capacitance, cpu time: *****  0.1929228E+23    703.69
 ===S/R,C/pi.e0.R:   5.7333  0.2380277E+23
                                                             +++Separation,Capacitance, cpu time: *****  0.1986312E+23    766.89
 ===S/R,C/pi.e0.R:   5.8000  0.2321411E+23
                                                             +++Separation,Capacitance, cpu time: *****  0.1937189E+23    830.31
 ===S/R,C/pi.e0.R:   5.8667  0.2316396E+23
                                                             +++Separation,Capacitance, cpu time: *****  0.1933003E+23    893.98
 ===S/R,C/pi.e0.R:   5.9333  0.2295848E+23
                                                             +++Separation,Capacitance, cpu time: *****  0.1915857E+23    957.67
 ===S/R,C/pi.e0.R:   6.0000  0.2290957E+23
                                                             +++Separation,Capacitance, cpu time: *****  0.1911775E+23   1021.64
 ===S/R,C/pi.e0.R:   6.0667  0.2235594E+23
                                                             +++Separation,Capacitance, cpu time: *****  0.1865575E+23   1085.79
 ===S/R,C/pi.e0.R:   6.1333  0.2270017E+23
                                                             +++Separation,Capacitance, cpu time: *****  0.1894301E+23   1150.06
 ===S/R,C/pi.e0.R:   6.2000  0.2033564E+04
                                                             +++Separation,Capacitance, cpu time: *****  0.1696984E+04   1219.01
 ===S/R,C/pi.e0.R:   6.2667  0.2203126E+23
                                                             +++Separation,Capacitance, cpu time: *****  0.1838481E+23   1283.68
 ===S/R,C/pi.e0.R:   6.3333  0.2184840E+23
                                                             +++Separation,Capacitance, cpu time: *****  0.1823222E+23   1348.59
 ===S/R,C/pi.e0.R:   6.4000  0.2223780E+23
                                                             +++Separation,Capacitance, cpu time: *****  0.1855717E+23   1413.82
 ===S/R,C/pi.e0.R:   6.4667  0.2250150E+23
                                                             +++Separation,Capacitance, cpu time: *****  0.1877722E+23   1479.01
 ===S/R,C/pi.e0.R:   6.5333  0.2205516E+23
                                                             +++Separation,Capacitance, cpu time: *****  0.1840476E+23   1544.48
 ===S/R,C/pi.e0.R:   6.6000  0.2206559E+23
                                                             +++Separation,Capacitance, cpu time: *****  0.1841346E+23   1610.11
 ===S/R,C/pi.e0.R:   6.6667  0.2055459E+23
                                                             +++Separation,Capacitance, cpu time: *****  0.1715255E+23   1675.90
 ===S/R,C/pi.e0.R:   6.7333  0.2132220E+23
                                                             +++Separation,Capacitance, cpu time: *****  0.1779311E+23   1741.95
 ===S/R,C/pi.e0.R:   6.8000  0.2172101E+23
                                                             +++Separation,Capacitance, cpu time: *****  0.1812591E+23   1808.12
 ===S/R,C/pi.e0.R:   6.8667  0.2232412E+23
                                                             +++Separation,Capacitance, cpu time: *****  0.1862920E+23   1874.50
 ===S/R,C/pi.e0.R:   6.9333  0.2195894E+23
                                                             +++Separation,Capacitance, cpu time: *****  0.1832446E+23   1941.13
 ===S/R,C/pi.e0.R:   7.0000  0.2245498E+23
                                                             +++Separation,Capacitance, cpu time: *****  0.1873840E+23   2007.81
 ===S/R,C/pi.e0.R:   7.0667  0.2219166E+23
                                                             +++Separation,Capacitance, cpu time: *****  0.1851866E+23   2074.77
 ===S/R,C/pi.e0.R:   7.1333  0.2099291E+23
                                                             +++Separation,Capacitance, cpu time: *****  0.1751832E+23   2141.85
 ===S/R,C/pi.e0.R:   7.2000  0.2166205E+23
                                                             +++Separation,Capacitance, cpu time: *****  0.1807671E+23   2209.23
 ===S/R,C/pi.e0.R:   7.2667  0.2273464E+23
                                                             +++Separation,Capacitance, cpu time: *****  0.1897177E+23   2276.78
 ===S/R,C/pi.e0.R:   7.3333  0.2029851E+04
                                                             +++Separation,Capacitance, cpu time: *****  0.1693886E+04   2358.07
 ===S/R,C/pi.e0.R:   7.4000  0.2139107E+23
                                                             +++Separation,Capacitance, cpu time: *****  0.1785058E+23   2425.94
 ===S/R,C/pi.e0.R:   7.4667  0.2137553E+23
                                                             +++Separation,Capacitance, cpu time: *****  0.1783761E+23   2493.97
 ===S/R,C/pi.e0.R:   7.5333  0.2215163E+23
                                                             +++Separation,Capacitance, cpu time: *****  0.1848526E+23   2562.12
 ===S/R,C/pi.e0.R:   7.6000  0.2166707E+23
                                                             +++Separation,Capacitance, cpu time: *****  0.1808090E+23   2630.61
 ===S/R,C/pi.e0.R:   7.6667  0.2212706E+23
                                                             +++Separation,Capacitance, cpu time: *****  0.1846476E+23   2699.18
 ===S/R,C/pi.e0.R:   7.7333  0.2128174E+23
                                                             +++Separation,Capacitance, cpu time: *****  0.1775935E+23   2768.01
 ===S/R,C/pi.e0.R:   7.8000  0.2148093E+23
                                                             +++Separation,Capacitance, cpu time: *****  0.1792557E+23   2837.09
 ===S/R,C/pi.e0.R:   7.8667  0.2126111E+23
                                                             +++Separation,Capacitance, cpu time: *****  0.1774213E+23   2906.22
 ===S/R,C/pi.e0.R:   7.9333  0.2155420E+23
                                                             +++Separation,Capacitance, cpu time: *****  0.1798671E+23   2975.60
 ===S/R,C/pi.e0.R:   8.0000  0.2147948E+23
                                                             +++Separation,Capacitance, cpu time: *****  0.1792436E+23   3045.13
 ===S/R,C/pi.e0.R:   8.0667  0.2121623E+23
                                                             +++Separation,Capacitance, cpu time: *****  0.1770468E+23   3114.96
 ===S/R,C/pi.e0.R:   8.1333  0.2093982E+23
                                                             +++Separation,Capacitance, cpu time: *****  0.1747402E+23   3184.95
 ===S/R,C/pi.e0.R:   8.2000  0.2010504E+23
                                                             +++Separation,Capacitance, cpu time: *****  0.1677741E+23   3254.92
 ===S/R,C/pi.e0.R:   8.2667  0.1757959E+23
                                                             +++Separation,Capacitance, cpu time: *****  0.1466995E+23   3325.17
 ===S/R,C/pi.e0.R:   8.3333  0.2127381E+23
                                                             +++Separation,Capacitance, cpu time: *****  0.1775273E+23   3395.62

                                                           G O O D   B Y E !      Time: 02.08.2021    15:29:33

