set verbose

squeue -j $SLURM_JOB_ID
squeue -j 14377926
             JOBID PARTITION     NAME     USER ST       TIME  NODES NODELIST(REASON)
          14377926    serial   CapSol maroniea  R       0:02      1 o0350









cd $TMPDIR
cd /tmp/slurmtmp.14377926
cp -p "$SLURM_SUBMIT_DIR/m_minus4-0002.in" capsol.in
cp -p /fs/ess/PSS0003/Output-Fortran/0327-m_minus4-0002/m_minus4-0002.in capsol.in



/fs/ess/PSS0003/bin/capsol > "$SLURM_SUBMIT_DIR/m_minus4-0002.in.out"
/fs/ess/PSS0003/bin/capsol
ls -al
ls -al
total 6564
drwx------  3 maroniea2023 PSS0003    4096 Aug  2 15:57 .
drwxrwxrwt 19 root         root       8192 Aug  2 15:56 ..
-rw-r--r--  1 maroniea2023 PSS0003     537 Aug  2 15:41 capsol.in
-rw-r--r--  1 maroniea2023 PSS0003 1820445 Aug  2 15:57 ElecField_gap.dat
-rw-r--r--  1 maroniea2023 PSS0003    5865 Aug  2 15:57 ElecField_mid.dat
-rw-r--r--  1 maroniea2023 PSS0003   93549 Aug  2 15:41 Fz.dat5.0000
-rw-r--r--  1 maroniea2023 PSS0003   93549 Aug  2 15:42 Fz.dat5.0667
-rw-r--r--  1 maroniea2023 PSS0003   93549 Aug  2 15:42 Fz.dat5.1333
-rw-r--r--  1 maroniea2023 PSS0003   93549 Aug  2 15:42 Fz.dat5.2000
-rw-r--r--  1 maroniea2023 PSS0003   93549 Aug  2 15:43 Fz.dat5.2667
-rw-r--r--  1 maroniea2023 PSS0003   93549 Aug  2 15:43 Fz.dat5.3333
-rw-r--r--  1 maroniea2023 PSS0003   93549 Aug  2 15:43 Fz.dat5.4000
-rw-r--r--  1 maroniea2023 PSS0003   93549 Aug  2 15:43 Fz.dat5.4667
-rw-r--r--  1 maroniea2023 PSS0003   93549 Aug  2 15:44 Fz.dat5.5333
-rw-r--r--  1 maroniea2023 PSS0003   93549 Aug  2 15:44 Fz.dat5.6000
-rw-r--r--  1 maroniea2023 PSS0003   93549 Aug  2 15:44 Fz.dat5.6667
-rw-r--r--  1 maroniea2023 PSS0003   93549 Aug  2 15:45 Fz.dat5.7333
-rw-r--r--  1 maroniea2023 PSS0003   93549 Aug  2 15:45 Fz.dat5.8000
-rw-r--r--  1 maroniea2023 PSS0003   93549 Aug  2 15:45 Fz.dat5.8667
-rw-r--r--  1 maroniea2023 PSS0003   93549 Aug  2 15:45 Fz.dat5.9333
-rw-r--r--  1 maroniea2023 PSS0003   93549 Aug  2 15:46 Fz.dat6.0000
-rw-r--r--  1 maroniea2023 PSS0003   93549 Aug  2 15:46 Fz.dat6.0667
-rw-r--r--  1 maroniea2023 PSS0003   93549 Aug  2 15:46 Fz.dat6.1333
-rw-r--r--  1 maroniea2023 PSS0003   93549 Aug  2 15:47 Fz.dat6.2000
-rw-r--r--  1 maroniea2023 PSS0003   93549 Aug  2 15:47 Fz.dat6.2667
-rw-r--r--  1 maroniea2023 PSS0003   93549 Aug  2 15:47 Fz.dat6.3333
-rw-r--r--  1 maroniea2023 PSS0003   93549 Aug  2 15:48 Fz.dat6.4000
-rw-r--r--  1 maroniea2023 PSS0003   93549 Aug  2 15:48 Fz.dat6.4667
-rw-r--r--  1 maroniea2023 PSS0003   93549 Aug  2 15:48 Fz.dat6.5333
-rw-r--r--  1 maroniea2023 PSS0003   93549 Aug  2 15:48 Fz.dat6.6000
-rw-r--r--  1 maroniea2023 PSS0003   93549 Aug  2 15:49 Fz.dat6.6667
-rw-r--r--  1 maroniea2023 PSS0003   93549 Aug  2 15:49 Fz.dat6.7333
-rw-r--r--  1 maroniea2023 PSS0003   93549 Aug  2 15:49 Fz.dat6.8000
-rw-r--r--  1 maroniea2023 PSS0003   93549 Aug  2 15:50 Fz.dat6.8667
-rw-r--r--  1 maroniea2023 PSS0003   93549 Aug  2 15:50 Fz.dat6.9333
-rw-r--r--  1 maroniea2023 PSS0003   93549 Aug  2 15:50 Fz.dat7.0000
-rw-r--r--  1 maroniea2023 PSS0003   93549 Aug  2 15:51 Fz.dat7.0667
-rw-r--r--  1 maroniea2023 PSS0003   93549 Aug  2 15:51 Fz.dat7.1333
-rw-r--r--  1 maroniea2023 PSS0003   93549 Aug  2 15:51 Fz.dat7.2000
-rw-r--r--  1 maroniea2023 PSS0003   93549 Aug  2 15:52 Fz.dat7.2667
-rw-r--r--  1 maroniea2023 PSS0003   93549 Aug  2 15:52 Fz.dat7.3333
-rw-r--r--  1 maroniea2023 PSS0003   93549 Aug  2 15:52 Fz.dat7.4000
-rw-r--r--  1 maroniea2023 PSS0003   93549 Aug  2 15:53 Fz.dat7.4667
-rw-r--r--  1 maroniea2023 PSS0003   93549 Aug  2 15:53 Fz.dat7.5333
-rw-r--r--  1 maroniea2023 PSS0003   93549 Aug  2 15:53 Fz.dat7.6000
-rw-r--r--  1 maroniea2023 PSS0003   93549 Aug  2 15:54 Fz.dat7.6667
-rw-r--r--  1 maroniea2023 PSS0003   93549 Aug  2 15:54 Fz.dat7.7333
-rw-r--r--  1 maroniea2023 PSS0003   93549 Aug  2 15:54 Fz.dat7.8000
-rw-r--r--  1 maroniea2023 PSS0003   93549 Aug  2 15:54 Fz.dat7.8667
-rw-r--r--  1 maroniea2023 PSS0003   93549 Aug  2 15:55 Fz.dat7.9333
-rw-r--r--  1 maroniea2023 PSS0003   93549 Aug  2 15:55 Fz.dat8.0000
-rw-r--r--  1 maroniea2023 PSS0003   93549 Aug  2 15:55 Fz.dat8.0667
-rw-r--r--  1 maroniea2023 PSS0003   93549 Aug  2 15:56 Fz.dat8.1333
-rw-r--r--  1 maroniea2023 PSS0003   93549 Aug  2 15:56 Fz.dat8.2000
-rw-r--r--  1 maroniea2023 PSS0003   93549 Aug  2 15:56 Fz.dat8.2667
-rw-r--r--  1 maroniea2023 PSS0003   93549 Aug  2 15:57 Fz.dat8.3333
drwxr-xr-x  2 maroniea2023 PSS0003      22 Aug  2 15:41 .jobdata
-rw-r--r--  1 maroniea2023 PSS0003   60627 Aug  2 15:41 ProbeGeometry.dat
-rw-r--r--  1 maroniea2023 PSS0003    2149 Aug  2 15:57 Z-U.dat


cp * $SLURM_SUBMIT_DIR
cp capsol.in ElecField_gap.dat ElecField_mid.dat Fz.dat5.0000 Fz.dat5.0667 Fz.dat5.1333 Fz.dat5.2000 Fz.dat5.2667 Fz.dat5.3333 Fz.dat5.4000 Fz.dat5.4667 Fz.dat5.5333 Fz.dat5.6000 Fz.dat5.6667 Fz.dat5.7333 Fz.dat5.8000 Fz.dat5.8667 Fz.dat5.9333 Fz.dat6.0000 Fz.dat6.0667 Fz.dat6.1333 Fz.dat6.2000 Fz.dat6.2667 Fz.dat6.3333 Fz.dat6.4000 Fz.dat6.4667 Fz.dat6.5333 Fz.dat6.6000 Fz.dat6.6667 Fz.dat6.7333 Fz.dat6.8000 Fz.dat6.8667 Fz.dat6.9333 Fz.dat7.0000 Fz.dat7.0667 Fz.dat7.1333 Fz.dat7.2000 Fz.dat7.2667 Fz.dat7.3333 Fz.dat7.4000 Fz.dat7.4667 Fz.dat7.5333 Fz.dat7.6000 Fz.dat7.6667 Fz.dat7.7333 Fz.dat7.8000 Fz.dat7.8667 Fz.dat7.9333 Fz.dat8.0000 Fz.dat8.0667 Fz.dat8.1333 Fz.dat8.2000 Fz.dat8.2667 Fz.dat8.3333 ProbeGeometry.dat Z-U.dat /fs/ess/PSS0003/Output-Fortran/0327-m_minus4-0002
