set verbose

squeue -j $SLURM_JOB_ID
squeue -j 14409320
             JOBID PARTITION     NAME     USER ST       TIME  NODES NODELIST(REASON)
          14409320    serial   CapSol maroniea  R       0:02      1 o0158









cd $TMPDIR
cd /tmp/slurmtmp.14409320
cp -p "$SLURM_SUBMIT_DIR/RR_originalTirmzi-0000.in" capsol.in
cp -p /fs/ess/PSS0003/Output-Fortran/0341-RR_originalTirmzi-0000/RR_originalTirmzi-0000.in capsol.in



/fs/ess/PSS0003/bin/capsol > "$SLURM_SUBMIT_DIR/RR_originalTirmzi-0000.in.out"
/fs/ess/PSS0003/bin/capsol
Bus error (core dumped)
ls -al
ls -al
total 72
drwx------  3 maroniea2023 PSS0003   147 Aug  4 14:52 .
drwxrwxrwt 25 root         root     4096 Aug  4 14:52 ..
-rw-r--r--  1 maroniea2023 PSS0003   538 Aug  4 14:52 capsol.in
-rw-------  1 maroniea2023 PSS0003     0 Aug  4 14:52 core.24790
-rw-r--r--  1 maroniea2023 PSS0003     0 Aug  4 14:52 ElecField_gap.dat
-rw-r--r--  1 maroniea2023 PSS0003     0 Aug  4 14:52 ElecField_mid.dat
drwxr-xr-x  2 maroniea2023 PSS0003    22 Aug  4 14:52 .jobdata
-rw-r--r--  1 maroniea2023 PSS0003 59255 Aug  4 14:52 ProbeGeometry.dat
-rw-r--r--  1 maroniea2023 PSS0003    58 Aug  4 14:52 Z-U.dat


cp * $SLURM_SUBMIT_DIR
cp capsol.in core.24790 ElecField_gap.dat ElecField_mid.dat ProbeGeometry.dat Z-U.dat /fs/ess/PSS0003/Output-Fortran/0341-RR_originalTirmzi-0000
