Capsol Py
[150. 152. 154. 156. 158. 160. 162. 164. 166. 168. 170. 172. 174. 176.
 178. 180. 182. 184. 186. 188. 190. 192. 194. 196. 198. 200. 202. 204.
 206. 208. 210. 212. 214. 216. 218. 220. 222. 224. 226. 228. 230. 232.
 234. 236. 238. 240. 242. 244. 246. 248. 250. 252. 254. 256. 258. 260.
 262. 264. 266. 268. 270. 272. 274. 276. 278. 280. 282. 284. 286. 288.
 290. 292. 294. 296. 298. 300. 302. 304. 306. 308. 310. 312. 314. 316.
 318. 320. 322. 324. 326. 328. 330. 332. 334. 336. 338. 340. 342. 344.
 346. 348. 350. 352. 354. 356. 358. 360. 362. 364. 366. 368. 370. 372.
 374. 376. 378. 380. 382. 384. 386. 388. 390. 392. 394. 396. 398. 400.
 402. 404. 406. 408. 410. 412. 414. 416. 418. 420. 422. 424. 426. 428.
 430. 432. 434. 436. 438. 440. 442. 444. 446. 448. 450. 452. 454. 456.
 458. 460. 462. 464. 466. 468. 470. 472. 474. 476. 478. 480. 482. 484.
 486. 488. 490. 492. 494. 496. 498. 500. 502. 504. 506. 508. 510. 512.
 514. 516. 518. 520. 522. 524. 526. 528. 530. 532. 534. 536. 538. 540.
 542. 544. 546. 548. 550. 552. 554. 556. 558. 560. 562. 564. 566. 568.
 570. 572. 574. 576. 578. 580. 582. 584. 586. 588. 590. 592. 594. 596.
 598. 600. 602. 604. 606. 608. 610. 612. 614. 616. 618. 620. 622. 624.
 626. 628. 630. 632. 634. 636. 638. 640. 642. 644. 646. 648. 650. 652.
 654. 656. 658. 660. 662. 664. 666. 668. 670. 672. 674. 676. 678. 680.
 682. 684. 686. 688. 690. 692. 694. 696. 698. 700. 702. 704. 706. 708.
 710. 712. 714. 716. 718. 720. 722. 724. 726. 728. 730. 732. 734. 736.
 738. 740. 742. 744. 746. 748.]
Distance 150.0 nm (0/300)
Grids:
r_ratio = 1.014, z_ratio = 1.014
Setting up matrices:
Solving...
C = 1.66500e-15 F
Done!
0:00:20.304831
Distance 152.0 nm (1/300)
Grids:
r_ratio = 1.014, z_ratio = 1.014
Setting up matrices:
Solving...
C = 1.66479e-15 F
Done!
0:00:20.657436
Distance 154.0 nm (2/300)
Grids:
r_ratio = 1.014, z_ratio = 1.014
Setting up matrices:
Solving...
C = 1.66459e-15 F
Done!
0:00:20.027598
Distance 156.0 nm (3/300)
Grids:
r_ratio = 1.014, z_ratio = 1.014
Setting up matrices:
Solving...
C = 1.66438e-15 F
Done!
0:00:20.094911
Distance 158.0 nm (4/300)
Grids:
r_ratio = 1.014, z_ratio = 1.014
Setting up matrices:
Solving...
C = 1.66417e-15 F
Done!
0:00:20.308166
Distance 160.0 nm (5/300)
Grids:
r_ratio = 1.014, z_ratio = 1.014
Setting up matrices:
Solving...
C = 1.66397e-15 F
Done!
0:00:20.110843
Distance 162.0 nm (6/300)
Grids:
r_ratio = 1.014, z_ratio = 1.014
Setting up matrices:
Solving...
C = 1.66377e-15 F
Done!
0:00:21.069752
Distance 164.0 nm (7/300)
Grids:
r_ratio = 1.014, z_ratio = 1.014
Setting up matrices:
Solving...
C = 1.66356e-15 F
Done!
0:00:23.082892
Distance 166.0 nm (8/300)
Grids:
r_ratio = 1.014, z_ratio = 1.014
Setting up matrices:
Solving...
C = 1.66336e-15 F
Done!
0:00:21.809158
Distance 168.0 nm (9/300)
Grids:
r_ratio = 1.014, z_ratio = 1.014
Setting up matrices:
Solving...
C = 1.66316e-15 F
Done!
0:00:20.745113
Distance 170.0 nm (10/300)
Grids:
r_ratio = 1.014, z_ratio = 1.014
Setting up matrices:
Solving...
C = 1.66296e-15 F
Done!
0:00:20.419214
Distance 172.0 nm (11/300)
Grids:
r_ratio = 1.014, z_ratio = 1.014
Setting up matrices:
Solving...
C = 1.66275e-15 F
Done!
0:00:21.325560
Distance 174.0 nm (12/300)
Grids:
r_ratio = 1.014, z_ratio = 1.014
Setting up matrices:
Solving...
C = 1.66255e-15 F
Done!
0:00:20.613551
Distance 176.0 nm (13/300)
Grids:
r_ratio = 1.014, z_ratio = 1.014
Setting up matrices:
Solving...
C = 1.66235e-15 F
Done!
0:00:21.375524
Distance 178.0 nm (14/300)
Grids:
r_ratio = 1.014, z_ratio = 1.014
Setting up matrices:
Solving...
C = 1.66215e-15 F
Done!
0:00:20.173037
Distance 180.0 nm (15/300)
Grids:
r_ratio = 1.014, z_ratio = 1.014
Setting up matrices:
Solving...
C = 1.66195e-15 F
Done!
0:00:20.361315
Distance 182.0 nm (16/300)
Grids:
r_ratio = 1.014, z_ratio = 1.014
Setting up matrices:
Solving...
C = 1.66176e-15 F
Done!
0:00:21.669445
Distance 184.0 nm (17/300)
Grids:
r_ratio = 1.014, z_ratio = 1.014
Setting up matrices:
Solving...
C = 1.66156e-15 F
Done!
0:00:20.824057
Distance 186.0 nm (18/300)
Grids:
r_ratio = 1.014, z_ratio = 1.014
Setting up matrices:
Solving...
C = 1.66136e-15 F
Done!
0:00:21.784770
Distance 188.0 nm (19/300)
Grids:
r_ratio = 1.014, z_ratio = 1.014
Setting up matrices:
Solving...
C = 1.66116e-15 F
Done!
0:00:20.947628
Distance 190.0 nm (20/300)
Grids:
r_ratio = 1.014, z_ratio = 1.014
Setting up matrices:
Solving...
C = 1.66097e-15 F
Done!
0:00:21.266953
Distance 192.0 nm (21/300)
Grids:
r_ratio = 1.014, z_ratio = 1.014
Setting up matrices:
Solving...
C = 1.66077e-15 F
Done!
0:00:20.750937
Distance 194.0 nm (22/300)
Grids:
r_ratio = 1.014, z_ratio = 1.014
Setting up matrices:
Solving...
C = 1.66057e-15 F
Done!
0:00:21.363458
Distance 196.0 nm (23/300)
Grids:
r_ratio = 1.014, z_ratio = 1.014
Setting up matrices:
Solving...
C = 1.66038e-15 F
Done!
0:00:21.670747
Distance 198.0 nm (24/300)
Grids:
r_ratio = 1.014, z_ratio = 1.014
Setting up matrices:
Solving...
C = 1.66018e-15 F
Done!
0:00:23.011421
Distance 200.0 nm (25/300)
Grids:
r_ratio = 1.014, z_ratio = 1.014
Setting up matrices:
Solving...
C = 1.65999e-15 F
Done!
0:00:22.539899
Distance 202.0 nm (26/300)
Grids:
r_ratio = 1.014, z_ratio = 1.014
Setting up matrices:
Solving...
C = 1.65980e-15 F
Done!
0:00:22.393681
Distance 204.0 nm (27/300)
Grids:
r_ratio = 1.014, z_ratio = 1.014
Setting up matrices:
Solving...
C = 1.65960e-15 F
Done!
0:00:21.862990
Distance 206.0 nm (28/300)
Grids:
r_ratio = 1.014, z_ratio = 1.014
Setting up matrices:
Solving...
C = 1.65941e-15 F
Done!
0:00:23.785888
Distance 208.0 nm (29/300)
Grids:
r_ratio = 1.014, z_ratio = 1.014
Setting up matrices:
Solving...
C = 1.65922e-15 F
Done!
0:00:23.805116
Distance 210.0 nm (30/300)
Grids:
r_ratio = 1.014, z_ratio = 1.014
Setting up matrices:
Solving...
C = 1.65903e-15 F
Done!
0:00:25.100739
Distance 212.0 nm (31/300)
Grids:
r_ratio = 1.014, z_ratio = 1.014
Setting up matrices:
Solving...
C = 1.65883e-15 F
Done!
0:00:23.565431
Distance 214.0 nm (32/300)
Grids:
r_ratio = 1.014, z_ratio = 1.014
Setting up matrices:
Solving...
C = 1.65864e-15 F
Done!
0:00:22.027779
Distance 216.0 nm (33/300)
Grids:
r_ratio = 1.014, z_ratio = 1.014
Setting up matrices:
Solving...
C = 1.65845e-15 F
Done!
0:00:22.206561
Distance 218.0 nm (34/300)
Grids:
r_ratio = 1.014, z_ratio = 1.014
Setting up matrices:
Solving...
C = 1.65826e-15 F
Done!
0:00:22.638095
Distance 220.0 nm (35/300)
Grids:
r_ratio = 1.014, z_ratio = 1.014
Setting up matrices:
Solving...
C = 1.65807e-15 F
Done!
0:00:22.893781
Distance 222.0 nm (36/300)
Grids:
r_ratio = 1.014, z_ratio = 1.014
Setting up matrices:
Solving...
C = 1.65788e-15 F
Done!
0:00:23.621521
Distance 224.0 nm (37/300)
Grids:
r_ratio = 1.014, z_ratio = 1.014
Setting up matrices:
Solving...
C = 1.65769e-15 F
Done!
0:00:22.416837
Distance 226.0 nm (38/300)
Grids:
r_ratio = 1.014, z_ratio = 1.014
Setting up matrices:
Solving...
C = 1.65750e-15 F
Done!
0:00:23.313139
Distance 228.0 nm (39/300)
Grids:
r_ratio = 1.014, z_ratio = 1.014
Setting up matrices:
Solving...
C = 1.65731e-15 F
Done!
0:00:24.809389
Distance 230.0 nm (40/300)
Grids:
r_ratio = 1.014, z_ratio = 1.014
Setting up matrices:
Solving...
C = 1.65713e-15 F
Done!
0:00:23.352034
Distance 232.0 nm (41/300)
Grids:
r_ratio = 1.014, z_ratio = 1.014
Setting up matrices:
Solving...
C = 1.65694e-15 F
Done!
0:00:24.496574
Distance 234.0 nm (42/300)
Grids:
r_ratio = 1.014, z_ratio = 1.014
Setting up matrices:
Solving...
C = 1.65675e-15 F
Done!
0:00:24.617527
Distance 236.0 nm (43/300)
Grids:
r_ratio = 1.014, z_ratio = 1.014
Setting up matrices:
Solving...
C = 1.65656e-15 F
Done!
0:00:23.179953
Distance 238.0 nm (44/300)
Grids:
r_ratio = 1.014, z_ratio = 1.014
Setting up matrices:
Solving...
C = 1.65638e-15 F
Done!
0:00:23.891187
Distance 240.0 nm (45/300)
Grids:
r_ratio = 1.014, z_ratio = 1.014
Setting up matrices:
Solving...
C = 1.65619e-15 F
Done!
0:00:27.132925
Distance 242.0 nm (46/300)
Grids:
r_ratio = 1.014, z_ratio = 1.014
Setting up matrices:
Solving...
C = 1.65601e-15 F
Done!
0:00:26.092046
Distance 244.0 nm (47/300)
Grids:
r_ratio = 1.014, z_ratio = 1.014
Setting up matrices:
Solving...
C = 1.65582e-15 F
Done!
0:00:23.382812
Distance 246.0 nm (48/300)
Grids:
r_ratio = 1.014, z_ratio = 1.014
Setting up matrices:
Solving...
C = 1.65564e-15 F
Done!
0:00:24.720273
Distance 248.0 nm (49/300)
Grids:
r_ratio = 1.014, z_ratio = 1.014
Setting up matrices:
Solving...
C = 1.65545e-15 F
Done!
0:00:25.122398
Distance 250.0 nm (50/300)
Grids:
r_ratio = 1.014, z_ratio = 1.014
Setting up matrices:
Solving...
C = 1.65527e-15 F
Done!
0:00:25.068150
Distance 252.0 nm (51/300)
Grids:
r_ratio = 1.014, z_ratio = 1.014
Setting up matrices:
Solving...
C = 1.65508e-15 F
Done!
0:00:26.102666
Distance 254.0 nm (52/300)
Grids:
r_ratio = 1.014, z_ratio = 1.014
Setting up matrices:
Solving...
C = 1.65490e-15 F
Done!
0:00:25.325098
Distance 256.0 nm (53/300)
Grids:
r_ratio = 1.014, z_ratio = 1.014
Setting up matrices:
Solving...
C = 1.65471e-15 F
Done!
0:00:25.452083
Distance 258.0 nm (54/300)
Grids:
r_ratio = 1.014, z_ratio = 1.014
Setting up matrices:
Solving...
C = 1.65453e-15 F
Done!
0:00:26.343306
Distance 260.0 nm (55/300)
Grids:
r_ratio = 1.014, z_ratio = 1.014
Setting up matrices:
Solving...
C = 1.65435e-15 F
Done!
0:00:26.812800
Distance 262.0 nm (56/300)
Grids:
r_ratio = 1.014, z_ratio = 1.014
Setting up matrices:
Solving...
C = 1.65417e-15 F
Done!
0:00:25.827569
Distance 264.0 nm (57/300)
Grids:
r_ratio = 1.014, z_ratio = 1.014
Setting up matrices:
Solving...
C = 1.65398e-15 F
Done!
0:00:25.207525
Distance 266.0 nm (58/300)
Grids:
r_ratio = 1.014, z_ratio = 1.014
Setting up matrices:
Solving...
C = 1.65380e-15 F
Done!
0:00:27.363079
Distance 268.0 nm (59/300)
Grids:
r_ratio = 1.014, z_ratio = 1.014
Setting up matrices:
Solving...
C = 1.65362e-15 F
Done!
0:00:26.259640
Distance 270.0 nm (60/300)
Grids:
r_ratio = 1.014, z_ratio = 1.014
Setting up matrices:
Solving...
C = 1.65344e-15 F
Done!
0:00:25.682971
Distance 272.0 nm (61/300)
Grids:
r_ratio = 1.014, z_ratio = 1.014
Setting up matrices:
Solving...
C = 1.65326e-15 F
Done!
0:00:28.184127
Distance 274.0 nm (62/300)
Grids:
r_ratio = 1.014, z_ratio = 1.014
Setting up matrices:
Solving...
C = 1.65308e-15 F
Done!
0:00:24.826606
Distance 276.0 nm (63/300)
Grids:
r_ratio = 1.014, z_ratio = 1.014
Setting up matrices:
Solving...
C = 1.65290e-15 F
Done!
0:00:26.405051
Distance 278.0 nm (64/300)
Grids:
r_ratio = 1.014, z_ratio = 1.014
Setting up matrices:
Solving...
C = 1.65272e-15 F
Done!
0:00:27.057504
Distance 280.0 nm (65/300)
Grids:
r_ratio = 1.014, z_ratio = 1.014
Setting up matrices:
Solving...
C = 1.65254e-15 F
Done!
0:00:25.746934
Distance 282.0 nm (66/300)
Grids:
r_ratio = 1.014, z_ratio = 1.014
Setting up matrices:
Solving...
C = 1.65236e-15 F
Done!
0:00:26.613744
Distance 284.0 nm (67/300)
Grids:
r_ratio = 1.014, z_ratio = 1.014
Setting up matrices:
Solving...
C = 1.65218e-15 F
Done!
0:00:26.208804
Distance 286.0 nm (68/300)
Grids:
r_ratio = 1.014, z_ratio = 1.014
Setting up matrices:
Solving...
C = 1.65200e-15 F
Done!
0:00:28.024274
Distance 288.0 nm (69/300)
Grids:
r_ratio = 1.014, z_ratio = 1.014
Setting up matrices:
Solving...
C = 1.65182e-15 F
Done!
0:00:26.937367
Distance 290.0 nm (70/300)
Grids:
r_ratio = 1.014, z_ratio = 1.014
Setting up matrices:
Solving...
C = 1.65165e-15 F
Done!
0:00:28.064362
Distance 292.0 nm (71/300)
Grids:
r_ratio = 1.014, z_ratio = 1.014
Setting up matrices:
Solving...
C = 1.65147e-15 F
Done!
0:00:27.457848
Distance 294.0 nm (72/300)
Grids:
r_ratio = 1.014, z_ratio = 1.014
Setting up matrices:
Solving...
C = 1.65129e-15 F
Done!
0:00:27.974181
Distance 296.0 nm (73/300)
Grids:
r_ratio = 1.014, z_ratio = 1.014
Setting up matrices:
Solving...
C = 1.65111e-15 F
Done!
0:00:27.739689
Distance 298.0 nm (74/300)
Grids:
r_ratio = 1.014, z_ratio = 1.014
Setting up matrices:
Solving...
C = 1.65094e-15 F
Done!
0:00:27.288764
Distance 300.0 nm (75/300)
Grids:
r_ratio = 1.014, z_ratio = 1.014
Setting up matrices:
Solving...
C = 1.65076e-15 F
Done!
0:00:26.425156
Distance 302.0 nm (76/300)
Grids:
r_ratio = 1.014, z_ratio = 1.014
Setting up matrices:
Solving...
C = 1.65059e-15 F
Done!
0:00:28.633473
Distance 304.0 nm (77/300)
Grids:
r_ratio = 1.014, z_ratio = 1.014
Setting up matrices:
Solving...
C = 1.65041e-15 F
Done!
0:00:26.425172
Distance 306.0 nm (78/300)
Grids:
r_ratio = 1.014, z_ratio = 1.014
Setting up matrices:
Solving...
C = 1.65023e-15 F
Done!
0:00:27.049627
Distance 308.0 nm (79/300)
Grids:
r_ratio = 1.014, z_ratio = 1.014
Setting up matrices:
Solving...
C = 1.65006e-15 F
Done!
0:00:28.201555
Distance 310.0 nm (80/300)
Grids:
r_ratio = 1.014, z_ratio = 1.014
Setting up matrices:
Solving...
C = 1.64988e-15 F
Done!
0:00:27.582109
Distance 312.0 nm (81/300)
Grids:
r_ratio = 1.014, z_ratio = 1.014
Setting up matrices:
Solving...
C = 1.64971e-15 F
Done!
0:00:29.127146
Distance 314.0 nm (82/300)
Grids:
r_ratio = 1.014, z_ratio = 1.014
Setting up matrices:
Solving...
C = 1.64953e-15 F
Done!
0:00:27.272793
Distance 316.0 nm (83/300)
Grids:
r_ratio = 1.014, z_ratio = 1.014
Setting up matrices:
Solving...
C = 1.64936e-15 F
Done!
0:00:29.257084
Distance 318.0 nm (84/300)
Grids:
r_ratio = 1.014, z_ratio = 1.014
Setting up matrices:
Solving...
C = 1.64918e-15 F
Done!
0:00:28.217019
Distance 320.0 nm (85/300)
Grids:
r_ratio = 1.014, z_ratio = 1.014
Setting up matrices:
Solving...
C = 1.64901e-15 F
Done!
0:00:28.397165
Distance 322.0 nm (86/300)
Grids:
r_ratio = 1.014, z_ratio = 1.014
Setting up matrices:
Solving...
C = 1.64884e-15 F
Done!
0:00:28.743759
Distance 324.0 nm (87/300)
Grids:
r_ratio = 1.014, z_ratio = 1.014
Setting up matrices:
Solving...
C = 1.64866e-15 F
Done!
0:00:30.092876
Distance 326.0 nm (88/300)
Grids:
r_ratio = 1.014, z_ratio = 1.014
Setting up matrices:
Solving...
C = 1.64849e-15 F
Done!
0:00:30.131171
Distance 328.0 nm (89/300)
Grids:
r_ratio = 1.014, z_ratio = 1.014
Setting up matrices:
Solving...
C = 1.64832e-15 F
Done!
0:00:31.080152
Distance 330.0 nm (90/300)
Grids:
r_ratio = 1.014, z_ratio = 1.014
Setting up matrices:
Solving...
C = 1.64815e-15 F
Done!
0:00:27.509079
Distance 332.0 nm (91/300)
Grids:
r_ratio = 1.014, z_ratio = 1.014
Setting up matrices:
Solving...
C = 1.64797e-15 F
Done!
0:00:30.030619
Distance 334.0 nm (92/300)
Grids:
r_ratio = 1.014, z_ratio = 1.014
Setting up matrices:
Solving...
C = 1.64780e-15 F
Done!
0:00:30.498929
Distance 336.0 nm (93/300)
Grids:
r_ratio = 1.014, z_ratio = 1.014
Setting up matrices:
Solving...
C = 1.64763e-15 F
Done!
0:00:29.749843
Distance 338.0 nm (94/300)
Grids:
r_ratio = 1.014, z_ratio = 1.014
Setting up matrices:
Solving...
C = 1.64746e-15 F
Done!
0:00:30.931899
Distance 340.0 nm (95/300)
Grids:
r_ratio = 1.014, z_ratio = 1.014
Setting up matrices:
Solving...
C = 1.64729e-15 F
Done!
0:00:31.312771
Distance 342.0 nm (96/300)
Grids:
r_ratio = 1.014, z_ratio = 1.014
Setting up matrices:
Solving...
C = 1.64712e-15 F
Done!
0:00:30.384121
Distance 344.0 nm (97/300)
Grids:
r_ratio = 1.014, z_ratio = 1.014
Setting up matrices:
Solving...
C = 1.64695e-15 F
Done!
0:00:30.453130
Distance 346.0 nm (98/300)
Grids:
r_ratio = 1.014, z_ratio = 1.014
Setting up matrices:
Solving...
C = 1.64678e-15 F
Done!
0:00:31.141086
Distance 348.0 nm (99/300)
Grids:
r_ratio = 1.014, z_ratio = 1.014
Setting up matrices:
Solving...
C = 1.64660e-15 F
Done!
0:00:31.389878
Distance 350.0 nm (100/300)
Grids:
r_ratio = 1.014, z_ratio = 1.014
Setting up matrices:
Solving...
C = 1.64643e-15 F
Done!
0:00:30.938534
Distance 352.0 nm (101/300)
Grids:
r_ratio = 1.014, z_ratio = 1.014
Setting up matrices:
Solving...
C = 1.64627e-15 F
Done!
0:00:32.266144
Distance 354.0 nm (102/300)
Grids:
r_ratio = 1.014, z_ratio = 1.014
Setting up matrices:
Solving...
C = 1.64610e-15 F
Done!
0:00:32.051137
Distance 356.0 nm (103/300)
Grids:
r_ratio = 1.014, z_ratio = 1.014
Setting up matrices:
Solving...
C = 1.64593e-15 F
Done!
0:00:31.894968
Distance 358.0 nm (104/300)
Grids:
r_ratio = 1.014, z_ratio = 1.014
Setting up matrices:
Solving...
C = 1.64576e-15 F
Done!
0:00:31.882432
Distance 360.0 nm (105/300)
Grids:
r_ratio = 1.014, z_ratio = 1.014
Setting up matrices:
Solving...
C = 1.64559e-15 F
Done!
0:00:29.733211
Distance 362.0 nm (106/300)
Grids:
r_ratio = 1.014, z_ratio = 1.014
Setting up matrices:
Solving...
C = 1.64542e-15 F
Done!
0:00:33.515585
Distance 364.0 nm (107/300)
Grids:
r_ratio = 1.014, z_ratio = 1.014
Setting up matrices:
Solving...
C = 1.64525e-15 F
Done!
0:00:32.601511
Distance 366.0 nm (108/300)
Grids:
r_ratio = 1.014, z_ratio = 1.014
Setting up matrices:
Solving...
C = 1.64508e-15 F
Done!
0:00:32.617931
Distance 368.0 nm (109/300)
Grids:
r_ratio = 1.014, z_ratio = 1.014
Setting up matrices:
Solving...
C = 1.64492e-15 F
Done!
0:00:34.703283
Distance 370.0 nm (110/300)
Grids:
r_ratio = 1.014, z_ratio = 1.014
Setting up matrices:
Solving...
C = 1.64475e-15 F
Done!
0:00:36.439917
Distance 372.0 nm (111/300)
Grids:
r_ratio = 1.014, z_ratio = 1.014
Setting up matrices:
Solving...
C = 1.64458e-15 F
Done!
0:00:34.454976
Distance 374.0 nm (112/300)
Grids:
r_ratio = 1.014, z_ratio = 1.014
Setting up matrices:
Solving...
C = 1.64441e-15 F
Done!
0:00:32.349761
Distance 376.0 nm (113/300)
Grids:
r_ratio = 1.014, z_ratio = 1.014
Setting up matrices:
Solving...
C = 1.64425e-15 F
Done!
0:00:33.094267
Distance 378.0 nm (114/300)
Grids:
r_ratio = 1.014, z_ratio = 1.014
Setting up matrices:
Solving...
C = 1.64408e-15 F
Done!
0:00:34.006992
Distance 380.0 nm (115/300)
Grids:
r_ratio = 1.014, z_ratio = 1.014
Setting up matrices:
Solving...
C = 1.64391e-15 F
Done!
0:00:32.164548
Distance 382.0 nm (116/300)
Grids:
r_ratio = 1.014, z_ratio = 1.014
Setting up matrices:
Solving...
C = 1.64375e-15 F
Done!
0:00:33.539656
Distance 384.0 nm (117/300)
Grids:
r_ratio = 1.014, z_ratio = 1.014
Setting up matrices:
Solving...
C = 1.64358e-15 F
Done!
0:00:33.829722
Distance 386.0 nm (118/300)
Grids:
r_ratio = 1.014, z_ratio = 1.014
Setting up matrices:
Solving...
C = 1.64341e-15 F
Done!
0:00:33.370257
Distance 388.0 nm (119/300)
Grids:
r_ratio = 1.014, z_ratio = 1.014
Setting up matrices:
Solving...
C = 1.64325e-15 F
Done!
0:00:37.251856
Distance 390.0 nm (120/300)
Grids:
r_ratio = 1.014, z_ratio = 1.014
Setting up matrices:
Solving...
C = 1.64308e-15 F
Done!
0:00:34.451396
Distance 392.0 nm (121/300)
Grids:
r_ratio = 1.014, z_ratio = 1.014
Setting up matrices:
Solving...
C = 1.64292e-15 F
Done!
0:00:33.695789
Distance 394.0 nm (122/300)
Grids:
r_ratio = 1.014, z_ratio = 1.014
Setting up matrices:
Solving...
C = 1.64275e-15 F
Done!
0:00:34.656583
Distance 396.0 nm (123/300)
Grids:
r_ratio = 1.014, z_ratio = 1.014
Setting up matrices:
Solving...
C = 1.64259e-15 F
Done!
0:00:34.943172
Distance 398.0 nm (124/300)
Grids:
r_ratio = 1.014, z_ratio = 1.014
Setting up matrices:
Solving...
C = 1.64242e-15 F
Done!
0:00:35.079541
Distance 400.0 nm (125/300)
Grids:
r_ratio = 1.014, z_ratio = 1.014
Setting up matrices:
Solving...
C = 1.64226e-15 F
Done!
0:00:34.127581
Distance 402.0 nm (126/300)
Grids:
r_ratio = 1.014, z_ratio = 1.014
Setting up matrices:
Solving...
C = 1.64210e-15 F
Done!
0:00:41.892354
Distance 404.0 nm (127/300)
Grids:
r_ratio = 1.014, z_ratio = 1.014
Setting up matrices:
Solving...
C = 1.64193e-15 F
Done!
0:00:34.726067
Distance 406.0 nm (128/300)
Grids:
r_ratio = 1.014, z_ratio = 1.014
Setting up matrices:
Solving...
C = 1.64177e-15 F
Done!
0:00:35.788633
Distance 408.0 nm (129/300)
Grids:
r_ratio = 1.014, z_ratio = 1.014
Setting up matrices:
Solving...
C = 1.64160e-15 F
Done!
0:00:35.524931
Distance 410.0 nm (130/300)
Grids:
r_ratio = 1.014, z_ratio = 1.014
Setting up matrices:
Solving...
C = 1.64144e-15 F
Done!
0:00:36.546812
Distance 412.0 nm (131/300)
Grids:
r_ratio = 1.014, z_ratio = 1.014
Setting up matrices:
Solving...
C = 1.64128e-15 F
Done!
0:00:35.407589
Distance 414.0 nm (132/300)
Grids:
r_ratio = 1.014, z_ratio = 1.014
Setting up matrices:
Solving...
C = 1.64111e-15 F
Done!
0:00:35.857567
Distance 416.0 nm (133/300)
Grids:
r_ratio = 1.014, z_ratio = 1.014
Setting up matrices:
Solving...
C = 1.64095e-15 F
Done!
0:00:33.747616
Distance 418.0 nm (134/300)
Grids:
r_ratio = 1.014, z_ratio = 1.014
Setting up matrices:
Solving...
C = 1.64079e-15 F
Done!
0:00:36.397682
Distance 420.0 nm (135/300)
Grids:
r_ratio = 1.014, z_ratio = 1.014
Setting up matrices:
Solving...
C = 1.64063e-15 F
Done!
0:00:37.360444
Distance 422.0 nm (136/300)
Grids:
r_ratio = 1.014, z_ratio = 1.014
Setting up matrices:
Solving...
C = 1.64046e-15 F
Done!
0:00:38.103383
Distance 424.0 nm (137/300)
Grids:
r_ratio = 1.014, z_ratio = 1.014
Setting up matrices:
Solving...
C = 1.64030e-15 F
Done!
0:00:35.575602
Distance 426.0 nm (138/300)
Grids:
r_ratio = 1.014, z_ratio = 1.014
Setting up matrices:
Solving...
C = 1.64014e-15 F
Done!
0:00:35.094367
Distance 428.0 nm (139/300)
Grids:
r_ratio = 1.014, z_ratio = 1.014
Setting up matrices:
Solving...
C = 1.63998e-15 F
Done!
0:00:37.998901
Distance 430.0 nm (140/300)
Grids:
r_ratio = 1.014, z_ratio = 1.014
Setting up matrices:
Solving...
C = 1.63982e-15 F
Done!
0:00:37.703177
Distance 432.0 nm (141/300)
Grids:
r_ratio = 1.014, z_ratio = 1.014
Setting up matrices:
Solving...
C = 1.63966e-15 F
Done!
0:00:38.051671
Distance 434.0 nm (142/300)
Grids:
r_ratio = 1.014, z_ratio = 1.014
Setting up matrices:
Solving...
C = 1.63950e-15 F
Done!
0:00:42.834023
Distance 436.0 nm (143/300)
Grids:
r_ratio = 1.014, z_ratio = 1.014
Setting up matrices:
Solving...
C = 1.63934e-15 F
Done!
0:00:37.003694
Distance 438.0 nm (144/300)
Grids:
r_ratio = 1.014, z_ratio = 1.014
Setting up matrices:
Solving...
C = 1.63917e-15 F
Done!
0:00:37.503927
Distance 440.0 nm (145/300)
Grids:
r_ratio = 1.014, z_ratio = 1.014
Setting up matrices:
Solving...
C = 1.63901e-15 F
Done!
0:00:38.967920
Distance 442.0 nm (146/300)
Grids:
r_ratio = 1.014, z_ratio = 1.014
Setting up matrices:
Solving...
C = 1.63885e-15 F
Done!
0:00:38.638989
Distance 444.0 nm (147/300)
Grids:
r_ratio = 1.014, z_ratio = 1.014
Setting up matrices:
Solving...
C = 1.63869e-15 F
Done!
0:00:39.224403
Distance 446.0 nm (148/300)
Grids:
r_ratio = 1.014, z_ratio = 1.014
Setting up matrices:
Solving...
C = 1.63853e-15 F
Done!
0:00:38.511354
Distance 448.0 nm (149/300)
Grids:
r_ratio = 1.014, z_ratio = 1.014
Setting up matrices:
Solving...
C = 1.63837e-15 F
Done!
0:00:38.276464
Distance 450.0 nm (150/300)
Grids:
r_ratio = 1.014, z_ratio = 1.014
Setting up matrices:
Solving...
C = 1.63821e-15 F
Done!
0:00:39.540745
Distance 452.0 nm (151/300)
Grids:
r_ratio = 1.014, z_ratio = 1.014
Setting up matrices:
Solving...
C = 1.63806e-15 F
Done!
0:00:39.678086
Distance 454.0 nm (152/300)
Grids:
r_ratio = 1.014, z_ratio = 1.014
Setting up matrices:
Solving...
C = 1.63790e-15 F
Done!
0:00:36.507603
Distance 456.0 nm (153/300)
Grids:
r_ratio = 1.014, z_ratio = 1.014
Setting up matrices:
Solving...
C = 1.63774e-15 F
Done!
0:00:38.731553
Distance 458.0 nm (154/300)
Grids:
r_ratio = 1.014, z_ratio = 1.014
Setting up matrices:
Solving...
C = 1.63758e-15 F
Done!
0:00:40.177048
Distance 460.0 nm (155/300)
Grids:
r_ratio = 1.014, z_ratio = 1.014
Setting up matrices:
Solving...
C = 1.63742e-15 F
Done!
0:00:38.054954
Distance 462.0 nm (156/300)
Grids:
r_ratio = 1.014, z_ratio = 1.014
Setting up matrices:
Solving...
C = 1.63726e-15 F
Done!
0:00:38.110655
Distance 464.0 nm (157/300)
Grids:
r_ratio = 1.014, z_ratio = 1.014
Setting up matrices:
Solving...
C = 1.63710e-15 F
Done!
0:00:37.726504
Distance 466.0 nm (158/300)
Grids:
r_ratio = 1.014, z_ratio = 1.014
Setting up matrices:
Solving...
C = 1.63695e-15 F
Done!
0:00:37.965496
Distance 468.0 nm (159/300)
Grids:
r_ratio = 1.014, z_ratio = 1.014
Setting up matrices:
Solving...
C = 1.63679e-15 F
Done!
0:00:38.636669
Distance 470.0 nm (160/300)
Grids:
r_ratio = 1.014, z_ratio = 1.014
Setting up matrices:
Solving...
C = 1.63663e-15 F
Done!
0:00:39.328841
Distance 472.0 nm (161/300)
Grids:
r_ratio = 1.014, z_ratio = 1.014
Setting up matrices:
Solving...
C = 1.63647e-15 F
Done!
0:00:40.847336
Distance 474.0 nm (162/300)
Grids:
r_ratio = 1.014, z_ratio = 1.014
Setting up matrices:
Solving...
C = 1.63632e-15 F
Done!
0:00:39.075264
Distance 476.0 nm (163/300)
Grids:
r_ratio = 1.014, z_ratio = 1.014
Setting up matrices:
Solving...
C = 1.63616e-15 F
Done!
0:00:39.572195
Distance 478.0 nm (164/300)
Grids:
r_ratio = 1.014, z_ratio = 1.014
Setting up matrices:
Solving...
C = 1.63600e-15 F
Done!
0:00:40.258807
Distance 480.0 nm (165/300)
Grids:
r_ratio = 1.014, z_ratio = 1.014
Setting up matrices:
Solving...
C = 1.63584e-15 F
Done!
0:00:38.377068
Distance 482.0 nm (166/300)
Grids:
r_ratio = 1.014, z_ratio = 1.014
Setting up matrices:
Solving...
C = 1.63569e-15 F
Done!
0:00:40.512121
Distance 484.0 nm (167/300)
Grids:
r_ratio = 1.014, z_ratio = 1.014
Setting up matrices:
Solving...
C = 1.63553e-15 F
Done!
0:00:40.540706
Distance 486.0 nm (168/300)
Grids:
r_ratio = 1.014, z_ratio = 1.014
Setting up matrices:
Solving...
C = 1.63538e-15 F
Done!
0:00:38.500418
Distance 488.0 nm (169/300)
Grids:
r_ratio = 1.014, z_ratio = 1.014
Setting up matrices:
Solving...
C = 1.63522e-15 F
Done!
0:00:39.265633
Distance 490.0 nm (170/300)
Grids:
r_ratio = 1.014, z_ratio = 1.014
Setting up matrices:
Solving...
C = 1.63506e-15 F
Done!
0:00:41.386791
Distance 492.0 nm (171/300)
Grids:
r_ratio = 1.014, z_ratio = 1.014
Setting up matrices:
Solving...
C = 1.63491e-15 F
Done!
0:00:41.893371
Distance 494.0 nm (172/300)
Grids:
r_ratio = 1.014, z_ratio = 1.014
Setting up matrices:
Solving...
C = 1.63475e-15 F
Done!
0:00:42.238531
Distance 496.0 nm (173/300)
Grids:
r_ratio = 1.014, z_ratio = 1.014
Setting up matrices:
Solving...
C = 1.63460e-15 F
Done!
0:00:39.994368
Distance 498.0 nm (174/300)
Grids:
r_ratio = 1.014, z_ratio = 1.014
Setting up matrices:
Solving...
C = 1.63444e-15 F
Done!
0:00:41.985440
Distance 500.0 nm (175/300)
Grids:
r_ratio = 1.014, z_ratio = 1.014
Setting up matrices:
Solving...
C = 1.63429e-15 F
Done!
0:00:41.729398
Distance 502.0 nm (176/300)
Grids:
r_ratio = 1.014, z_ratio = 1.014
Setting up matrices:
Solving...
C = 1.63413e-15 F
Done!
0:00:44.800328
Distance 504.0 nm (177/300)
Grids:
r_ratio = 1.014, z_ratio = 1.014
Setting up matrices:
Solving...
C = 1.63398e-15 F
Done!
0:00:44.878552
Distance 506.0 nm (178/300)
Grids:
r_ratio = 1.014, z_ratio = 1.014
Setting up matrices:
Solving...
C = 1.63382e-15 F
Done!
0:00:42.087006
Distance 508.0 nm (179/300)
Grids:
r_ratio = 1.014, z_ratio = 1.014
Setting up matrices:
Solving...
C = 1.63367e-15 F
Done!
0:00:43.677603
Distance 510.0 nm (180/300)
Grids:
r_ratio = 1.014, z_ratio = 1.014
Setting up matrices:
Solving...
C = 1.63351e-15 F
Done!
0:00:46.345160
Distance 512.0 nm (181/300)
Grids:
r_ratio = 1.014, z_ratio = 1.014
Setting up matrices:
Solving...
C = 1.63336e-15 F
Done!
0:00:46.142878
Distance 514.0 nm (182/300)
Grids:
r_ratio = 1.014, z_ratio = 1.014
Setting up matrices:
Solving...
C = 1.63321e-15 F
Done!
0:00:42.689464
Distance 516.0 nm (183/300)
Grids:
r_ratio = 1.014, z_ratio = 1.014
Setting up matrices:
Solving...
C = 1.63305e-15 F
Done!
0:00:42.041959
Distance 518.0 nm (184/300)
Grids:
r_ratio = 1.014, z_ratio = 1.014
Setting up matrices:
Solving...
C = 1.63290e-15 F
Done!
0:00:42.993089
Distance 520.0 nm (185/300)
Grids:
r_ratio = 1.014, z_ratio = 1.014
Setting up matrices:
Solving...
C = 1.63274e-15 F
Done!
0:00:41.664911
Distance 522.0 nm (186/300)
Grids:
r_ratio = 1.014, z_ratio = 1.014
Setting up matrices:
Solving...
C = 1.63259e-15 F
Done!
0:00:44.129167
Distance 524.0 nm (187/300)
Grids:
r_ratio = 1.014, z_ratio = 1.014
Setting up matrices:
Solving...
C = 1.63244e-15 F
Done!
0:00:42.727538
Distance 526.0 nm (188/300)
Grids:
r_ratio = 1.014, z_ratio = 1.014
Setting up matrices:
Solving...
C = 1.63228e-15 F
Done!
0:00:43.028114
Distance 528.0 nm (189/300)
Grids:
r_ratio = 1.014, z_ratio = 1.014
Setting up matrices:
Solving...
C = 1.63213e-15 F
Done!
0:00:44.525334
Distance 530.0 nm (190/300)
Grids:
r_ratio = 1.014, z_ratio = 1.014
Setting up matrices:
Solving...
C = 1.63198e-15 F
Done!
0:00:46.226238
Distance 532.0 nm (191/300)
Grids:
r_ratio = 1.014, z_ratio = 1.014
Setting up matrices:
Solving...
C = 1.63183e-15 F
Done!
0:00:49.319180
Distance 534.0 nm (192/300)
Grids:
r_ratio = 1.014, z_ratio = 1.014
Setting up matrices:
Solving...
C = 1.63167e-15 F
Done!
0:00:47.108342
Distance 536.0 nm (193/300)
Grids:
r_ratio = 1.014, z_ratio = 1.014
Setting up matrices:
Solving...
C = 1.63152e-15 F
Done!
0:00:47.720385
Distance 538.0 nm (194/300)
Grids:
r_ratio = 1.014, z_ratio = 1.014
Setting up matrices:
Solving...
C = 1.63137e-15 F
Done!
0:00:46.379054
Distance 540.0 nm (195/300)
Grids:
r_ratio = 1.014, z_ratio = 1.014
Setting up matrices:
Solving...
C = 1.63122e-15 F
Done!
0:00:46.339097
Distance 542.0 nm (196/300)
Grids:
r_ratio = 1.014, z_ratio = 1.014
Setting up matrices:
Solving...
C = 1.63107e-15 F
Done!
0:00:47.589647
Distance 544.0 nm (197/300)
Grids:
r_ratio = 1.014, z_ratio = 1.014
Setting up matrices:
Solving...
C = 1.63092e-15 F
Done!
0:00:48.378368
Distance 546.0 nm (198/300)
Grids:
r_ratio = 1.014, z_ratio = 1.014
Setting up matrices:
Solving...
C = 1.63076e-15 F
Done!
0:00:47.095881
Distance 548.0 nm (199/300)
Grids:
r_ratio = 1.014, z_ratio = 1.014
Setting up matrices:
Solving...
C = 1.63061e-15 F
Done!
0:00:46.876795
Distance 550.0 nm (200/300)
Grids:
r_ratio = 1.014, z_ratio = 1.014
Setting up matrices:
Solving...
C = 1.63046e-15 F
Done!
0:00:46.456334
Distance 552.0 nm (201/300)
Grids:
r_ratio = 1.014, z_ratio = 1.014
Setting up matrices:
Solving...
C = 1.63031e-15 F
Done!
0:00:49.746620
Distance 554.0 nm (202/300)
Grids:
r_ratio = 1.014, z_ratio = 1.014
Setting up matrices:
Solving...
C = 1.63016e-15 F
Done!
0:00:48.644024
Distance 556.0 nm (203/300)
Grids:
r_ratio = 1.014, z_ratio = 1.014
Setting up matrices:
Solving...
C = 1.63001e-15 F
Done!
0:00:44.846453
Distance 558.0 nm (204/300)
Grids:
r_ratio = 1.014, z_ratio = 1.014
Setting up matrices:
Solving...
C = 1.62986e-15 F
Done!
0:00:49.757655
Distance 560.0 nm (205/300)
Grids:
r_ratio = 1.014, z_ratio = 1.014
Setting up matrices:
Solving...
C = 1.62971e-15 F
Done!
0:00:51.321879
Distance 562.0 nm (206/300)
Grids:
r_ratio = 1.014, z_ratio = 1.014
Setting up matrices:
Solving...
C = 1.62956e-15 F
Done!
0:00:51.905128
Distance 564.0 nm (207/300)
Grids:
r_ratio = 1.014, z_ratio = 1.014
Setting up matrices:
Solving...
C = 1.62941e-15 F
Done!
0:00:50.248071
Distance 566.0 nm (208/300)
Grids:
r_ratio = 1.014, z_ratio = 1.014
Setting up matrices:
Solving...
C = 1.62926e-15 F
Done!
0:00:47.931245
Distance 568.0 nm (209/300)
Grids:
r_ratio = 1.014, z_ratio = 1.014
Setting up matrices:
Solving...
C = 1.62911e-15 F
Done!
0:00:49.029566
Distance 570.0 nm (210/300)
Grids:
r_ratio = 1.014, z_ratio = 1.014
Setting up matrices:
Solving...
C = 1.62896e-15 F
Done!
0:00:50.858188
Distance 572.0 nm (211/300)
Grids:
r_ratio = 1.014, z_ratio = 1.014
Setting up matrices:
Solving...
C = 1.62881e-15 F
Done!
0:00:50.582068
Distance 574.0 nm (212/300)
Grids:
r_ratio = 1.014, z_ratio = 1.014
Setting up matrices:
Solving...
C = 1.62866e-15 F
Done!
0:00:49.731006
Distance 576.0 nm (213/300)
Grids:
r_ratio = 1.014, z_ratio = 1.014
Setting up matrices:
Solving...
C = 1.62851e-15 F
Done!
0:00:51.009791
Distance 578.0 nm (214/300)
Grids:
r_ratio = 1.014, z_ratio = 1.014
Setting up matrices:
Solving...
C = 1.62836e-15 F
Done!
0:00:46.593988
Distance 580.0 nm (215/300)
Grids:
r_ratio = 1.014, z_ratio = 1.014
Setting up matrices:
Solving...
C = 1.62821e-15 F
Done!
0:00:47.377145
Distance 582.0 nm (216/300)
Grids:
r_ratio = 1.014, z_ratio = 1.014
Setting up matrices:
Solving...
C = 1.62806e-15 F
Done!
0:00:53.173542
Distance 584.0 nm (217/300)
Grids:
r_ratio = 1.014, z_ratio = 1.014
Setting up matrices:
Solving...
C = 1.62791e-15 F
Done!
0:00:53.477768
Distance 586.0 nm (218/300)
Grids:
r_ratio = 1.014, z_ratio = 1.014
Setting up matrices:
Solving...
C = 1.62777e-15 F
Done!
0:00:49.338823
Distance 588.0 nm (219/300)
Grids:
r_ratio = 1.014, z_ratio = 1.014
Setting up matrices:
Solving...
C = 1.62762e-15 F
Done!
0:00:48.078682
Distance 590.0 nm (220/300)
Grids:
r_ratio = 1.014, z_ratio = 1.014
Setting up matrices:
Solving...
C = 1.62747e-15 F
Done!
0:00:52.942977
Distance 592.0 nm (221/300)
Grids:
r_ratio = 1.014, z_ratio = 1.014
Setting up matrices:
Solving...
C = 1.62732e-15 F
Done!
0:00:51.198525
Distance 594.0 nm (222/300)
Grids:
r_ratio = 1.014, z_ratio = 1.014
Setting up matrices:
Solving...
C = 1.62717e-15 F
Done!
0:00:52.703106
Distance 596.0 nm (223/300)
Grids:
r_ratio = 1.014, z_ratio = 1.014
Setting up matrices:
Solving...
C = 1.62703e-15 F
Done!
0:00:48.915401
Distance 598.0 nm (224/300)
Grids:
r_ratio = 1.014, z_ratio = 1.014
Setting up matrices:
Solving...
C = 1.62688e-15 F
Done!
0:00:52.049592
Distance 600.0 nm (225/300)
Grids:
r_ratio = 1.014, z_ratio = 1.014
Setting up matrices:
Solving...
C = 1.62673e-15 F
Done!
0:00:50.791129
Distance 602.0 nm (226/300)
Grids:
r_ratio = 1.014, z_ratio = 1.014
Setting up matrices:
Solving...
C = 1.62658e-15 F
Done!
0:00:55.084138
Distance 604.0 nm (227/300)
Grids:
r_ratio = 1.014, z_ratio = 1.014
Setting up matrices:
Solving...
C = 1.62644e-15 F
Done!
0:00:54.799219
Distance 606.0 nm (228/300)
Grids:
r_ratio = 1.014, z_ratio = 1.014
Setting up matrices:
Solving...
C = 1.62629e-15 F
Done!
0:00:51.046544
Distance 608.0 nm (229/300)
Grids:
r_ratio = 1.014, z_ratio = 1.014
Setting up matrices:
Solving...
C = 1.62614e-15 F
Done!
0:00:53.374470
Distance 610.0 nm (230/300)
Grids:
r_ratio = 1.014, z_ratio = 1.014
Setting up matrices:
Solving...
C = 1.62600e-15 F
Done!
0:01:07.579731
Distance 612.0 nm (231/300)
Grids:
r_ratio = 1.014, z_ratio = 1.014
Setting up matrices:
Solving...
C = 1.62585e-15 F
Done!
0:00:56.694396
Distance 614.0 nm (232/300)
Grids:
r_ratio = 1.014, z_ratio = 1.014
Setting up matrices:
Solving...
C = 1.62570e-15 F
Done!
0:00:54.840491
Distance 616.0 nm (233/300)
Grids:
r_ratio = 1.014, z_ratio = 1.014
Setting up matrices:
Solving...
C = 1.62556e-15 F
Done!
0:00:49.965539
Distance 618.0 nm (234/300)
Grids:
r_ratio = 1.014, z_ratio = 1.014
Setting up matrices:
Solving...
C = 1.62541e-15 F
Done!
0:01:14.910880
Distance 620.0 nm (235/300)
Grids:
r_ratio = 1.014, z_ratio = 1.014
Setting up matrices:
Solving...
C = 1.62526e-15 F
Done!
0:00:54.348100
Distance 622.0 nm (236/300)
Grids:
r_ratio = 1.014, z_ratio = 1.014
Setting up matrices:
Solving...
C = 1.62512e-15 F
Done!
0:00:56.622116
Distance 624.0 nm (237/300)
Grids:
r_ratio = 1.014, z_ratio = 1.014
Setting up matrices:
Solving...
C = 1.62497e-15 F
Done!
0:00:54.639150
Distance 626.0 nm (238/300)
Grids:
r_ratio = 1.014, z_ratio = 1.014
Setting up matrices:
Solving...
C = 1.62483e-15 F
Done!
0:00:53.690199
Distance 628.0 nm (239/300)
Grids:
r_ratio = 1.014, z_ratio = 1.014
Setting up matrices:
Solving...
C = 1.62468e-15 F
Done!
0:00:58.933796
Distance 630.0 nm (240/300)
Grids:
r_ratio = 1.014, z_ratio = 1.014
Setting up matrices:
Solving...
C = 1.62453e-15 F
Done!
0:00:54.452745
Distance 632.0 nm (241/300)
Grids:
r_ratio = 1.014, z_ratio = 1.014
Setting up matrices:
Solving...
C = 1.62439e-15 F
Done!
0:00:57.339463
Distance 634.0 nm (242/300)
Grids:
r_ratio = 1.014, z_ratio = 1.014
Setting up matrices:
Solving...
C = 1.62424e-15 F
Done!
0:00:53.894014
Distance 636.0 nm (243/300)
Grids:
r_ratio = 1.014, z_ratio = 1.014
Setting up matrices:
Solving...
C = 1.62410e-15 F
Done!
0:00:53.545955
Distance 638.0 nm (244/300)
Grids:
r_ratio = 1.014, z_ratio = 1.014
Setting up matrices:
Solving...
C = 1.62395e-15 F
Done!
0:00:55.355409
Distance 640.0 nm (245/300)
Grids:
r_ratio = 1.014, z_ratio = 1.014
Setting up matrices:
Solving...
C = 1.62381e-15 F
Done!
0:00:53.429847
Distance 642.0 nm (246/300)
Grids:
r_ratio = 1.014, z_ratio = 1.014
Setting up matrices:
Solving...
C = 1.62366e-15 F
Done!
0:00:57.205414
Distance 644.0 nm (247/300)
Grids:
r_ratio = 1.014, z_ratio = 1.014
Setting up matrices:
Solving...
C = 1.62352e-15 F
Done!
0:00:56.603608
Distance 646.0 nm (248/300)
Grids:
r_ratio = 1.014, z_ratio = 1.014
Setting up matrices:
Solving...
C = 1.62338e-15 F
Done!
0:00:55.306047
Distance 648.0 nm (249/300)
Grids:
r_ratio = 1.014, z_ratio = 1.014
Setting up matrices:
Solving...
C = 1.62323e-15 F
Done!
0:00:53.974684
Distance 650.0 nm (250/300)
Grids:
r_ratio = 1.014, z_ratio = 1.014
Setting up matrices:
Solving...
C = 1.62309e-15 F
Done!
0:00:54.260891
Distance 652.0 nm (251/300)
Grids:
r_ratio = 1.014, z_ratio = 1.014
Setting up matrices:
Solving...
C = 1.62294e-15 F
Done!
0:00:58.384656
Distance 654.0 nm (252/300)
Grids:
r_ratio = 1.014, z_ratio = 1.014
Setting up matrices:
Solving...
C = 1.62280e-15 F
Done!
0:00:57.288690
Distance 656.0 nm (253/300)
Grids:
r_ratio = 1.014, z_ratio = 1.014
Setting up matrices:
Solving...
C = 1.62266e-15 F
Done!
0:00:56.871799
Distance 658.0 nm (254/300)
Grids:
r_ratio = 1.014, z_ratio = 1.014
Setting up matrices:
Solving...
C = 1.62251e-15 F
Done!
0:01:01.402741
Distance 660.0 nm (255/300)
Grids:
r_ratio = 1.014, z_ratio = 1.014
Setting up matrices:
Solving...
C = 1.62237e-15 F
Done!
0:00:58.558558
Distance 662.0 nm (256/300)
Grids:
r_ratio = 1.014, z_ratio = 1.014
Setting up matrices:
Solving...
C = 1.62222e-15 F
Done!
0:00:59.196869
Distance 664.0 nm (257/300)
Grids:
r_ratio = 1.014, z_ratio = 1.014
Setting up matrices:
Solving...
C = 1.62208e-15 F
Done!
0:00:53.418086
Distance 666.0 nm (258/300)
Grids:
r_ratio = 1.014, z_ratio = 1.014
Setting up matrices:
Solving...
C = 1.62194e-15 F
Done!
0:00:54.301299
Distance 668.0 nm (259/300)
Grids:
r_ratio = 1.014, z_ratio = 1.014
Setting up matrices:
Solving...
C = 1.62179e-15 F
Done!
0:00:54.872206
Distance 670.0 nm (260/300)
Grids:
r_ratio = 1.014, z_ratio = 1.014
Setting up matrices:
Solving...
C = 1.62165e-15 F
Done!
0:00:57.677123
Distance 672.0 nm (261/300)
Grids:
r_ratio = 1.014, z_ratio = 1.014
Setting up matrices:
Solving...
C = 1.62151e-15 F
Done!
0:00:58.695018
Distance 674.0 nm (262/300)
Grids:
r_ratio = 1.014, z_ratio = 1.014
Setting up matrices:
Solving...
C = 1.62137e-15 F
Done!
0:00:56.109583
Distance 676.0 nm (263/300)
Grids:
r_ratio = 1.014, z_ratio = 1.014
Setting up matrices:
Solving...
C = 1.62122e-15 F
Done!
0:00:56.475777
Distance 678.0 nm (264/300)
Grids:
r_ratio = 1.014, z_ratio = 1.014
Setting up matrices:
Solving...
C = 1.62108e-15 F
Done!
0:00:54.098648
Distance 680.0 nm (265/300)
Grids:
r_ratio = 1.014, z_ratio = 1.014
Setting up matrices:
Solving...
C = 1.62094e-15 F
Done!
0:00:54.704857
Distance 682.0 nm (266/300)
Grids:
r_ratio = 1.014, z_ratio = 1.014
Setting up matrices:
Solving...
C = 1.62080e-15 F
Done!
0:00:56.209787
Distance 684.0 nm (267/300)
Grids:
r_ratio = 1.014, z_ratio = 1.014
Setting up matrices:
Solving...
C = 1.62065e-15 F
Done!
0:01:01.102747
Distance 686.0 nm (268/300)
Grids:
r_ratio = 1.014, z_ratio = 1.014
Setting up matrices:
Solving...
C = 1.62051e-15 F
Done!
0:00:58.698369
Distance 688.0 nm (269/300)
Grids:
r_ratio = 1.014, z_ratio = 1.014
Setting up matrices:
Solving...
C = 1.62037e-15 F
Done!
0:00:57.926667
Distance 690.0 nm (270/300)
Grids:
r_ratio = 1.014, z_ratio = 1.014
Setting up matrices:
Solving...
C = 1.62023e-15 F
Done!
0:00:58.935371
Distance 692.0 nm (271/300)
Grids:
r_ratio = 1.014, z_ratio = 1.014
Setting up matrices:
Solving...
C = 1.62009e-15 F
Done!
0:01:05.052673
Distance 694.0 nm (272/300)
Grids:
r_ratio = 1.014, z_ratio = 1.014
Setting up matrices:
Solving...
C = 1.61995e-15 F
Done!
0:00:57.967484
Distance 696.0 nm (273/300)
Grids:
r_ratio = 1.014, z_ratio = 1.014
Setting up matrices:
Solving...
C = 1.61981e-15 F
Done!
0:00:54.655782
Distance 698.0 nm (274/300)
Grids:
r_ratio = 1.014, z_ratio = 1.014
Setting up matrices:
Solving...
C = 1.61966e-15 F
Done!
0:01:01.045014
Distance 700.0 nm (275/300)
Grids:
r_ratio = 1.014, z_ratio = 1.014
Setting up matrices:
Solving...
C = 1.61952e-15 F
Done!
0:00:54.887684
Distance 702.0 nm (276/300)
Grids:
r_ratio = 1.014, z_ratio = 1.014
Setting up matrices:
Solving...
C = 1.61938e-15 F
Done!
0:00:56.628430
Distance 704.0 nm (277/300)
Grids:
r_ratio = 1.014, z_ratio = 1.014
Setting up matrices:
Solving...
C = 1.61924e-15 F
Done!
0:00:55.921551
Distance 706.0 nm (278/300)
Grids:
r_ratio = 1.014, z_ratio = 1.014
Setting up matrices:
Solving...
C = 1.61910e-15 F
Done!
0:00:57.408193
Distance 708.0 nm (279/300)
Grids:
r_ratio = 1.014, z_ratio = 1.014
Setting up matrices:
Solving...
C = 1.61896e-15 F
Done!
0:00:58.148609
Distance 710.0 nm (280/300)
Grids:
r_ratio = 1.014, z_ratio = 1.014
Setting up matrices:
Solving...
C = 1.61882e-15 F
Done!
0:01:07.167376
Distance 712.0 nm (281/300)
Grids:
r_ratio = 1.014, z_ratio = 1.014
Setting up matrices:
Solving...
C = 1.61868e-15 F
Done!
0:01:05.003270
Distance 714.0 nm (282/300)
Grids:
r_ratio = 1.014, z_ratio = 1.014
Setting up matrices:
Solving...
C = 1.61854e-15 F
Done!
0:00:58.125844
Distance 716.0 nm (283/300)
Grids:
r_ratio = 1.014, z_ratio = 1.014
Setting up matrices:
Solving...
C = 1.61840e-15 F
Done!
0:00:57.701934
Distance 718.0 nm (284/300)
Grids:
r_ratio = 1.014, z_ratio = 1.014
Setting up matrices:
Solving...
C = 1.61826e-15 F
Done!
0:00:58.249570
Distance 720.0 nm (285/300)
Grids:
r_ratio = 1.014, z_ratio = 1.014
Setting up matrices:
Solving...
C = 1.61812e-15 F
Done!
0:01:00.984286
Distance 722.0 nm (286/300)
Grids:
r_ratio = 1.014, z_ratio = 1.014
Setting up matrices:
Solving...
C = 1.61798e-15 F
Done!
0:01:05.189809
Distance 724.0 nm (287/300)
Grids:
r_ratio = 1.014, z_ratio = 1.014
Setting up matrices:
Solving...
C = 1.61784e-15 F
Done!
0:00:59.455056
Distance 726.0 nm (288/300)
Grids:
r_ratio = 1.014, z_ratio = 1.014
Setting up matrices:
Solving...
C = 1.61770e-15 F
Done!
0:01:02.768501
Distance 728.0 nm (289/300)
Grids:
r_ratio = 1.014, z_ratio = 1.014
Setting up matrices:
Solving...
C = 1.61756e-15 F
Done!
0:01:03.782420
Distance 730.0 nm (290/300)
Grids:
r_ratio = 1.014, z_ratio = 1.014
Setting up matrices:
Solving...
C = 1.61742e-15 F
Done!
0:01:04.246732
Distance 732.0 nm (291/300)
Grids:
r_ratio = 1.014, z_ratio = 1.014
Setting up matrices:
Solving...
C = 1.61728e-15 F
Done!
0:01:02.752743
Distance 734.0 nm (292/300)
Grids:
r_ratio = 1.014, z_ratio = 1.014
Setting up matrices:
Solving...
C = 1.61714e-15 F
Done!
0:01:00.068682
Distance 736.0 nm (293/300)
Grids:
r_ratio = 1.014, z_ratio = 1.014
Setting up matrices:
Solving...
C = 1.61700e-15 F
Done!
0:01:01.298945
Distance 738.0 nm (294/300)
Grids:
r_ratio = 1.014, z_ratio = 1.014
Setting up matrices:
Solving...
C = 1.61686e-15 F
Done!
0:01:01.102219
Distance 740.0 nm (295/300)
Grids:
r_ratio = 1.014, z_ratio = 1.014
Setting up matrices:
Solving...
C = 1.61673e-15 F
Done!
0:01:03.203324
Distance 742.0 nm (296/300)
Grids:
r_ratio = 1.014, z_ratio = 1.014
Setting up matrices:
Solving...
C = 1.61659e-15 F
Done!
0:01:01.236556
Distance 744.0 nm (297/300)
Grids:
r_ratio = 1.014, z_ratio = 1.014
Setting up matrices:
Solving...
C = 1.61645e-15 F
Done!
0:01:01.638430
Distance 746.0 nm (298/300)
Grids:
r_ratio = 1.014, z_ratio = 1.014
Setting up matrices:
Solving...
C = 1.61631e-15 F
Done!
0:01:03.330450
Distance 748.0 nm (299/300)
Grids:
r_ratio = 1.014, z_ratio = 1.014
Setting up matrices:
Solving...
C = 1.61617e-15 F
Done!
0:01:01.271065
Exiting...
