set verbose

squeue -j $SLURM_JOB_ID
squeue -j 14376688
             JOBID PARTITION     NAME     USER ST       TIME  NODES NODELIST(REASON)
          14376688    serial   CapSol maroniea  R       0:02      1 o0478









cd $TMPDIR
cd /tmp/slurmtmp.14376688
cp -p "$SLURM_SUBMIT_DIR/er_equal_1-0000.in" capsol.in
cp -p /fs/ess/PSS0003/Output-Fortran/0319-er_equal_1-0000/er_equal_1-0000.in capsol.in



/fs/ess/PSS0003/bin/capsol > "$SLURM_SUBMIT_DIR/er_equal_1-0000.in.out"
/fs/ess/PSS0003/bin/capsol
ls -al
ls -al
total 6352
drwx------  3 maroniea2023 PSS0003    4096 Aug  2 15:29 .
drwxrwxrwt 24 root         root       4096 Aug  2 15:29 ..
-rw-r--r--  1 maroniea2023 PSS0003     536 Aug  2 15:09 capsol.in
-rw-r--r--  1 maroniea2023 PSS0003 1820445 Aug  2 15:29 ElecField_gap.dat
-rw-r--r--  1 maroniea2023 PSS0003    5865 Aug  2 15:29 ElecField_mid.dat
-rw-r--r--  1 maroniea2023 PSS0003   86754 Aug  2 15:14 Fz.dat5.0000
-rw-r--r--  1 maroniea2023 PSS0003   86754 Aug  2 15:14 Fz.dat5.0667
-rw-r--r--  1 maroniea2023 PSS0003   86754 Aug  2 15:14 Fz.dat5.1333
-rw-r--r--  1 maroniea2023 PSS0003   86754 Aug  2 15:14 Fz.dat5.2000
-rw-r--r--  1 maroniea2023 PSS0003   86754 Aug  2 15:15 Fz.dat5.2667
-rw-r--r--  1 maroniea2023 PSS0003   86754 Aug  2 15:15 Fz.dat5.3333
-rw-r--r--  1 maroniea2023 PSS0003   86754 Aug  2 15:15 Fz.dat5.4000
-rw-r--r--  1 maroniea2023 PSS0003   86754 Aug  2 15:16 Fz.dat5.4667
-rw-r--r--  1 maroniea2023 PSS0003   86754 Aug  2 15:16 Fz.dat5.5333
-rw-r--r--  1 maroniea2023 PSS0003   86754 Aug  2 15:16 Fz.dat5.6000
-rw-r--r--  1 maroniea2023 PSS0003   86754 Aug  2 15:16 Fz.dat5.6667
-rw-r--r--  1 maroniea2023 PSS0003   86754 Aug  2 15:17 Fz.dat5.7333
-rw-r--r--  1 maroniea2023 PSS0003   86754 Aug  2 15:17 Fz.dat5.8000
-rw-r--r--  1 maroniea2023 PSS0003   86754 Aug  2 15:17 Fz.dat5.8667
-rw-r--r--  1 maroniea2023 PSS0003   86754 Aug  2 15:18 Fz.dat5.9333
-rw-r--r--  1 maroniea2023 PSS0003   86754 Aug  2 15:18 Fz.dat6.0000
-rw-r--r--  1 maroniea2023 PSS0003   86754 Aug  2 15:18 Fz.dat6.0667
-rw-r--r--  1 maroniea2023 PSS0003   86754 Aug  2 15:19 Fz.dat6.1333
-rw-r--r--  1 maroniea2023 PSS0003   86754 Aug  2 15:19 Fz.dat6.2000
-rw-r--r--  1 maroniea2023 PSS0003   86754 Aug  2 15:19 Fz.dat6.2667
-rw-r--r--  1 maroniea2023 PSS0003   86754 Aug  2 15:20 Fz.dat6.3333
-rw-r--r--  1 maroniea2023 PSS0003   86754 Aug  2 15:20 Fz.dat6.4000
-rw-r--r--  1 maroniea2023 PSS0003   86754 Aug  2 15:20 Fz.dat6.4667
-rw-r--r--  1 maroniea2023 PSS0003   86754 Aug  2 15:20 Fz.dat6.5333
-rw-r--r--  1 maroniea2023 PSS0003   86754 Aug  2 15:21 Fz.dat6.6000
-rw-r--r--  1 maroniea2023 PSS0003   86754 Aug  2 15:21 Fz.dat6.6667
-rw-r--r--  1 maroniea2023 PSS0003   86754 Aug  2 15:21 Fz.dat6.7333
-rw-r--r--  1 maroniea2023 PSS0003   86754 Aug  2 15:22 Fz.dat6.8000
-rw-r--r--  1 maroniea2023 PSS0003   86754 Aug  2 15:22 Fz.dat6.8667
-rw-r--r--  1 maroniea2023 PSS0003   86754 Aug  2 15:22 Fz.dat6.9333
-rw-r--r--  1 maroniea2023 PSS0003   86754 Aug  2 15:23 Fz.dat7.0000
-rw-r--r--  1 maroniea2023 PSS0003   86754 Aug  2 15:23 Fz.dat7.0667
-rw-r--r--  1 maroniea2023 PSS0003   86754 Aug  2 15:23 Fz.dat7.1333
-rw-r--r--  1 maroniea2023 PSS0003   86754 Aug  2 15:24 Fz.dat7.2000
-rw-r--r--  1 maroniea2023 PSS0003   86754 Aug  2 15:24 Fz.dat7.2667
-rw-r--r--  1 maroniea2023 PSS0003   86754 Aug  2 15:24 Fz.dat7.3333
-rw-r--r--  1 maroniea2023 PSS0003   86754 Aug  2 15:25 Fz.dat7.4000
-rw-r--r--  1 maroniea2023 PSS0003   86754 Aug  2 15:25 Fz.dat7.4667
-rw-r--r--  1 maroniea2023 PSS0003   86754 Aug  2 15:25 Fz.dat7.5333
-rw-r--r--  1 maroniea2023 PSS0003   86754 Aug  2 15:25 Fz.dat7.6000
-rw-r--r--  1 maroniea2023 PSS0003   86754 Aug  2 15:26 Fz.dat7.6667
-rw-r--r--  1 maroniea2023 PSS0003   86754 Aug  2 15:26 Fz.dat7.7333
-rw-r--r--  1 maroniea2023 PSS0003   86754 Aug  2 15:26 Fz.dat7.8000
-rw-r--r--  1 maroniea2023 PSS0003   86754 Aug  2 15:27 Fz.dat7.8667
-rw-r--r--  1 maroniea2023 PSS0003   86754 Aug  2 15:27 Fz.dat7.9333
-rw-r--r--  1 maroniea2023 PSS0003   86754 Aug  2 15:27 Fz.dat8.0000
-rw-r--r--  1 maroniea2023 PSS0003   86754 Aug  2 15:28 Fz.dat8.0667
-rw-r--r--  1 maroniea2023 PSS0003   86754 Aug  2 15:28 Fz.dat8.1333
-rw-r--r--  1 maroniea2023 PSS0003   86754 Aug  2 15:28 Fz.dat8.2000
-rw-r--r--  1 maroniea2023 PSS0003   86754 Aug  2 15:29 Fz.dat8.2667
-rw-r--r--  1 maroniea2023 PSS0003   86754 Aug  2 15:29 Fz.dat8.3333
drwxr-xr-x  2 maroniea2023 PSS0003      22 Aug  2 15:13 .jobdata
-rw-r--r--  1 maroniea2023 PSS0003   56217 Aug  2 15:13 ProbeGeometry.dat
-rw-r--r--  1 maroniea2023 PSS0003    2149 Aug  2 15:29 Z-U.dat


cp * $SLURM_SUBMIT_DIR
cp capsol.in ElecField_gap.dat ElecField_mid.dat Fz.dat5.0000 Fz.dat5.0667 Fz.dat5.1333 Fz.dat5.2000 Fz.dat5.2667 Fz.dat5.3333 Fz.dat5.4000 Fz.dat5.4667 Fz.dat5.5333 Fz.dat5.6000 Fz.dat5.6667 Fz.dat5.7333 Fz.dat5.8000 Fz.dat5.8667 Fz.dat5.9333 Fz.dat6.0000 Fz.dat6.0667 Fz.dat6.1333 Fz.dat6.2000 Fz.dat6.2667 Fz.dat6.3333 Fz.dat6.4000 Fz.dat6.4667 Fz.dat6.5333 Fz.dat6.6000 Fz.dat6.6667 Fz.dat6.7333 Fz.dat6.8000 Fz.dat6.8667 Fz.dat6.9333 Fz.dat7.0000 Fz.dat7.0667 Fz.dat7.1333 Fz.dat7.2000 Fz.dat7.2667 Fz.dat7.3333 Fz.dat7.4000 Fz.dat7.4667 Fz.dat7.5333 Fz.dat7.6000 Fz.dat7.6667 Fz.dat7.7333 Fz.dat7.8000 Fz.dat7.8667 Fz.dat7.9333 Fz.dat8.0000 Fz.dat8.0667 Fz.dat8.1333 Fz.dat8.2000 Fz.dat8.2667 Fz.dat8.3333 ProbeGeometry.dat Z-U.dat /fs/ess/PSS0003/Output-Fortran/0319-er_equal_1-0000
