Capsol Py
[150. 152. 154. 156. 158. 160. 162. 164. 166. 168. 170. 172. 174. 176.
 178. 180. 182. 184. 186. 188. 190. 192. 194. 196. 198. 200. 202. 204.
 206. 208. 210. 212. 214. 216. 218. 220. 222. 224. 226. 228. 230. 232.
 234. 236. 238. 240. 242. 244. 246. 248.]
0:01:14.213562
0:01:15.399844
0:01:14.854324
0:01:10.008467
0:01:12.861714
0:01:12.495984
0:01:14.995337
0:01:09.365181
0:01:12.173759
0:01:14.046691
0:01:16.227299
0:01:16.392835
0:01:11.450569
0:01:13.704446
0:01:16.524364
0:01:16.691037
0:01:17.624017
0:01:17.508857
0:01:17.954538
0:01:17.018398
0:01:22.013399
0:01:18.487030
0:01:16.958657
0:01:16.991042
0:01:22.023984
0:01:20.418904
0:01:19.025385
0:01:16.839831
0:01:16.525538
0:01:19.724235
0:01:22.822770
0:01:18.789326
0:01:21.605758
0:01:21.267202
0:01:19.097269
0:01:23.206625
0:01:21.938770
0:01:22.425798
0:01:18.821131
0:01:21.140939
0:01:26.192310
0:01:22.704878
0:01:27.212481
0:01:19.958568
0:01:25.556372
0:01:28.213302
0:01:27.175806
0:01:24.575348
0:01:24.255362
0:01:24.652828
Exiting...
