Capsol Py
[150. 152. 154. 156. 158. 160. 162. 164. 166. 168. 170. 172. 174. 176.
 178. 180. 182. 184. 186. 188. 190. 192. 194. 196. 198. 200. 202. 204.
 206. 208. 210. 212. 214. 216. 218. 220. 222. 224. 226. 228. 230. 232.
 234. 236. 238. 240. 242. 244. 246. 248.]
0:01:16.060623
0:01:11.203611
0:01:10.481250
0:01:13.895366
0:01:13.324898
0:01:11.885621
0:01:15.975635
0:01:12.650810
0:01:14.696929
0:01:13.515558
0:01:14.924508
0:01:15.964719
0:01:14.381067
0:01:18.025151
0:01:13.994976
0:01:15.750438
0:01:13.670841
0:01:14.482619
0:01:18.411227
0:01:17.904867
0:01:16.316765
0:01:14.647691
0:01:15.607639
0:01:14.746860
0:01:18.851189
0:01:14.833912
0:01:18.273129
0:01:18.167524
0:01:18.850217
0:01:18.477445
0:01:21.499274
0:01:19.546416
0:01:20.362642
0:01:18.713423
0:01:19.485729
0:01:28.146171
0:01:24.857779
0:01:30.468117
0:01:29.801446
0:01:29.862441
0:01:31.847388
0:01:12.517766
0:01:09.474870
0:01:10.970483
0:01:14.236499
0:01:14.086937
0:01:11.624482
0:01:11.574711
0:01:13.317533
0:01:13.391598
Exiting...
