Capsol Py
[150. 152. 154. 156. 158. 160. 162. 164. 166. 168. 170. 172. 174. 176.
 178. 180. 182. 184. 186. 188. 190. 192. 194. 196. 198. 200. 202. 204.
 206. 208. 210. 212. 214. 216. 218. 220. 222. 224. 226. 228. 230. 232.
 234. 236. 238. 240. 242. 244. 246. 248.]
0:00:43.750083
0:00:41.043177
0:00:41.565865
0:00:41.049705
0:00:42.298597
0:00:41.729693
0:00:43.736810
0:00:43.835796
0:00:43.975647
0:00:43.019708
0:00:42.653214
0:00:44.103616
0:00:43.506753
0:00:44.245903
0:00:42.532253
0:00:46.120534
0:00:43.650688
0:00:44.578981
0:00:44.756338
0:00:43.722562
0:00:43.722208
0:00:45.749851
0:00:44.620108
0:00:44.183082
0:00:44.414842
0:00:46.681997
0:00:45.915352
0:00:45.963609
0:00:47.186854
0:00:44.232298
0:00:45.344899
0:00:45.511850
0:00:48.955878
0:00:47.756751
0:00:45.478875
0:00:46.958932
0:00:47.352180
0:00:45.581836
0:00:47.055588
0:00:48.477324
0:00:47.476444
0:00:45.597122
0:00:46.661110
0:00:48.333292
0:00:47.471617
0:00:48.432436
0:00:48.590862
0:00:46.808971
0:00:50.809114
0:00:48.873706
Exiting...
