 
    N o n u n i f o r m - m e s h   F i n i t e   D i f f e r e n c e                                         
       _____                            _  _                                _____         _                   
      / ____|                          (_)| |                              / ____|       | |                  
     | |      __ _  _ __    __ _   ___  _ | |_  __ _  _ __    ___  ___    | (___    ___  | |__   __ ___  _ __ 
     | |     / _` || '_ \  / _` | / __|| || __|/ _` || '_ \  / __|/ _ \    \___ \  / _ \ | |\ \ / // _ \| '__|
     | |____| (_| || |_) || (_| || (__ | || |_| (_| || | | || (__|  __/    ____) || (_) || | \ V /|  __/| |   
      \_____|\__,_|| .__/  \__,_| \___||_| \__|\__,_||_| |_| \___|\___|   |_____/  \___/ |_|  \_/  \___||_|   
                   | |                                                                                        
                   |_|                                    C y l i n d r i c a l   S y m m e t r y   Ver. 0.0  
                                                          (Specialized for AFM Probe over a Multilayer sample)
 
                                                                                  Time: 07.09.2021    10:10:35
 
 
 
 ------------ Echo of input file: capsol.in ----------
   900   900    90                                # Number of grids: n, m+, m-
  0.500    1.00E+06    1.00E+06                   # Resolution: h0, Box-size: Rho_max, Z_max    *** ALL LENGTHS IN NANOMETER *** 
   100.000   200.000   2                          # Tip-sample separation: min, max, istep (stepsize=istep*h0)
  20.0  15.0   15.00E+03   40.00E+03  500.00E+00  # Probe shape: Rtip,half-angle,HCone,RCantilever, thickness_Cantilever
   3.000E+00 500.010E+00                          # Sample: eps_r, Thickness_sample
LAPACK    0  0                                    # Solving: Method{LAPACK,PARDISO,NOSOLVE}, Test?(0=No,1=Sphere,2=lever-only),Verbosiy>0)
    1      F # New grid params: Uniformly spaced points, equally spaced sample grid?
 
 
 ===S/R,C/pi.e0.R:   5.0000  0.1128608E+05
                                                             +++Separation,Capacitance, cpu time: *****  0.6278729E+04     52.32
 ===S/R,C/pi.e0.R:   5.0500  0.2475950E+22
                                                             +++Separation,Capacitance, cpu time: *****  0.1377433E+22     96.13
 ===S/R,C/pi.e0.R:   5.1000  0.2452256E+22
                                                             +++Separation,Capacitance, cpu time: *****  0.1364251E+22    158.19
 ===S/R,C/pi.e0.R:   5.1500  0.2415214E+22
                                                             +++Separation,Capacitance, cpu time: *****  0.1343644E+22    219.57
 ===S/R,C/pi.e0.R:   5.2000  0.2317526E+22
                                                             +++Separation,Capacitance, cpu time: *****  0.1289298E+22    276.50
 ===S/R,C/pi.e0.R:   5.2500  0.2114195E+22
                                                             +++Separation,Capacitance, cpu time: *****  0.1176180E+22    333.61
 ===S/R,C/pi.e0.R:   5.3000  0.2093551E+22
                                                             +++Separation,Capacitance, cpu time: *****  0.1164695E+22    391.31
 ===S/R,C/pi.e0.R:   5.3500  0.2269925E+22
                                                             +++Separation,Capacitance, cpu time: *****  0.1262816E+22    449.06
 ===S/R,C/pi.e0.R:   5.4000  0.2356332E+22
                                                             +++Separation,Capacitance, cpu time: *****  0.1310887E+22    506.73
 ===S/R,C/pi.e0.R:   5.4500  0.2408388E+22
                                                             +++Separation,Capacitance, cpu time: *****  0.1339846E+22    564.70
 ===S/R,C/pi.e0.R:   5.5000  0.2360766E+22
                                                             +++Separation,Capacitance, cpu time: *****  0.1313353E+22    622.75
 ===S/R,C/pi.e0.R:   5.5500  0.2449101E+22
                                                             +++Separation,Capacitance, cpu time: *****  0.1362496E+22    680.92
 ===S/R,C/pi.e0.R:   5.6000  0.2403844E+22
                                                             +++Separation,Capacitance, cpu time: *****  0.1337318E+22    739.04
 ===S/R,C/pi.e0.R:   5.6500  0.2423369E+22
                                                             +++Separation,Capacitance, cpu time: *****  0.1348181E+22    797.18
 ===S/R,C/pi.e0.R:   5.7000  0.2339481E+22
                                                             +++Separation,Capacitance, cpu time: *****  0.1301512E+22    855.59
 ===S/R,C/pi.e0.R:   5.7500  0.2511081E+22
                                                             +++Separation,Capacitance, cpu time: *****  0.1396977E+22    913.98
 ===S/R,C/pi.e0.R:   5.8000  0.2541217E+22
                                                             +++Separation,Capacitance, cpu time: *****  0.1413743E+22    972.33
 ===S/R,C/pi.e0.R:   5.8500  0.2491469E+22
                                                             +++Separation,Capacitance, cpu time: *****  0.1386067E+22   1030.66
 ===S/R,C/pi.e0.R:   5.9000  0.2508780E+22
                                                             +++Separation,Capacitance, cpu time: *****  0.1395697E+22   1089.60
 ===S/R,C/pi.e0.R:   5.9500  0.2487409E+22
                                                             +++Separation,Capacitance, cpu time: *****  0.1383808E+22   1148.55
 ===S/R,C/pi.e0.R:   6.0000  0.2432021E+22
                                                             +++Separation,Capacitance, cpu time: *****  0.1352994E+22   1207.76
 ===S/R,C/pi.e0.R:   6.0500  0.2402647E+22
                                                             +++Separation,Capacitance, cpu time: *****  0.1336653E+22   1266.96
 ===S/R,C/pi.e0.R:   6.1000  0.2408265E+22
                                                             +++Separation,Capacitance, cpu time: *****  0.1339778E+22   1326.21
 ===S/R,C/pi.e0.R:   6.1500  0.1127523E+05
                                                             +++Separation,Capacitance, cpu time: *****  0.6272690E+04   1398.45
 ===S/R,C/pi.e0.R:   6.2000  0.2432941E+22
                                                             +++Separation,Capacitance, cpu time: *****  0.1353506E+22   1457.74
 ===S/R,C/pi.e0.R:   6.2500  0.2387453E+22
                                                             +++Separation,Capacitance, cpu time: *****  0.1328200E+22   1517.13
 ===S/R,C/pi.e0.R:   6.3000  0.2425517E+22
                                                             +++Separation,Capacitance, cpu time: *****  0.1349376E+22   1576.65
 ===S/R,C/pi.e0.R:   6.3500  0.2392680E+22
                                                             +++Separation,Capacitance, cpu time: *****  0.1331108E+22   1636.18
 ===S/R,C/pi.e0.R:   6.4000  0.2422166E+22
                                                             +++Separation,Capacitance, cpu time: *****  0.1347511E+22   1695.66
 ===S/R,C/pi.e0.R:   6.4500  0.2424003E+22
                                                             +++Separation,Capacitance, cpu time: *****  0.1348533E+22   1755.28
 ===S/R,C/pi.e0.R:   6.5000  0.2403522E+22
                                                             +++Separation,Capacitance, cpu time: *****  0.1337140E+22   1815.03
 ===S/R,C/pi.e0.R:   6.5500  0.2431458E+22
                                                             +++Separation,Capacitance, cpu time: *****  0.1352681E+22   1874.83
 ===S/R,C/pi.e0.R:   6.6000  0.2453356E+22
                                                             +++Separation,Capacitance, cpu time: *****  0.1364864E+22   1934.79
 ===S/R,C/pi.e0.R:   6.6500  0.2415270E+22
                                                             +++Separation,Capacitance, cpu time: *****  0.1343675E+22   1994.94
 ===S/R,C/pi.e0.R:   6.7000  0.2422126E+22
                                                             +++Separation,Capacitance, cpu time: *****  0.1347489E+22   2055.08
 ===S/R,C/pi.e0.R:   6.7500  0.2322707E+22
                                                             +++Separation,Capacitance, cpu time: *****  0.1292180E+22   2115.25
 ===S/R,C/pi.e0.R:   6.8000  0.2252224E+22
                                                             +++Separation,Capacitance, cpu time: *****  0.1252969E+22   2175.57
 ===S/R,C/pi.e0.R:   6.8500  0.2310798E+22
                                                             +++Separation,Capacitance, cpu time: *****  0.1285555E+22   2235.99
 ===S/R,C/pi.e0.R:   6.9000  0.2309029E+22
                                                             +++Separation,Capacitance, cpu time: *****  0.1284570E+22   2296.33
 ===S/R,C/pi.e0.R:   6.9500  0.2381728E+22
                                                             +++Separation,Capacitance, cpu time: *****  0.1325015E+22   2356.96
 ===S/R,C/pi.e0.R:   7.0000  0.2349482E+22
                                                             +++Separation,Capacitance, cpu time: *****  0.1307076E+22   2417.53
 ===S/R,C/pi.e0.R:   7.0500  0.2326209E+22
                                                             +++Separation,Capacitance, cpu time: *****  0.1294128E+22   2478.17
 ===S/R,C/pi.e0.R:   7.1000  0.2405713E+22
                                                             +++Separation,Capacitance, cpu time: *****  0.1338358E+22   2539.03
 ===S/R,C/pi.e0.R:   7.1500  0.2430362E+22
                                                             +++Separation,Capacitance, cpu time: *****  0.1352071E+22   2599.75
 ===S/R,C/pi.e0.R:   7.2000  0.2418467E+22
                                                             +++Separation,Capacitance, cpu time: *****  0.1345454E+22   2660.70
 ===S/R,C/pi.e0.R:   7.2500  0.2372291E+22
                                                             +++Separation,Capacitance, cpu time: *****  0.1319765E+22   2721.67
 ===S/R,C/pi.e0.R:   7.3000  0.2399837E+22
                                                             +++Separation,Capacitance, cpu time: *****  0.1335090E+22   2782.55
 ===S/R,C/pi.e0.R:   7.3500  0.2411843E+22
                                                             +++Separation,Capacitance, cpu time: *****  0.1341769E+22   2843.68
 ===S/R,C/pi.e0.R:   7.4000  0.2376214E+22
                                                             +++Separation,Capacitance, cpu time: *****  0.1321947E+22   2904.94
 ===S/R,C/pi.e0.R:   7.4500  0.2320358E+22
                                                             +++Separation,Capacitance, cpu time: *****  0.1290873E+22   2966.20
 ===S/R,C/pi.e0.R:   7.5000  0.2322913E+22
                                                             +++Separation,Capacitance, cpu time: *****  0.1292295E+22   3027.56
 ===S/R,C/pi.e0.R:   7.5500  0.2341027E+22
                                                             +++Separation,Capacitance, cpu time: *****  0.1302372E+22   3089.20
 ===S/R,C/pi.e0.R:   7.6000  0.2290333E+22
                                                             +++Separation,Capacitance, cpu time: *****  0.1274169E+22   3150.90
 ===S/R,C/pi.e0.R:   7.6500  0.2393871E+22
                                                             +++Separation,Capacitance, cpu time: *****  0.1331770E+22   3212.71
 ===S/R,C/pi.e0.R:   7.7000  0.2423033E+22
                                                             +++Separation,Capacitance, cpu time: *****  0.1347994E+22   3274.70
 ===S/R,C/pi.e0.R:   7.7500  0.2036266E+22
                                                             +++Separation,Capacitance, cpu time: *****  0.1132826E+22   3336.69
 ===S/R,C/pi.e0.R:   7.8000  0.2383973E+22
                                                             +++Separation,Capacitance, cpu time: *****  0.1326264E+22   3398.64
 ===S/R,C/pi.e0.R:   7.8500  0.2319255E+22
                                                             +++Separation,Capacitance, cpu time: *****  0.1290259E+22   3460.63
 ===S/R,C/pi.e0.R:   7.9000  0.2206040E+22
                                                             +++Separation,Capacitance, cpu time: *****  0.1227275E+22   3522.72
 ===S/R,C/pi.e0.R:   7.9500  0.2253583E+22
                                                             +++Separation,Capacitance, cpu time: *****  0.1253725E+22   3584.99
 ===S/R,C/pi.e0.R:   8.0000  0.1125796E+05
                                                             +++Separation,Capacitance, cpu time: *****  0.6263085E+04   3651.89
 ===S/R,C/pi.e0.R:   8.0500  0.2340793E+22
                                                             +++Separation,Capacitance, cpu time: *****  0.1302241E+22   3714.38
 ===S/R,C/pi.e0.R:   8.1000  0.2335758E+22
                                                             +++Separation,Capacitance, cpu time: *****  0.1299440E+22   3776.85
 ===S/R,C/pi.e0.R:   8.1500  0.2424231E+22
                                                             +++Separation,Capacitance, cpu time: *****  0.1348660E+22   3839.45
 ===S/R,C/pi.e0.R:   8.2000  0.2349414E+22
                                                             +++Separation,Capacitance, cpu time: *****  0.1307038E+22   3902.16
 ===S/R,C/pi.e0.R:   8.2500  0.2318417E+22
                                                             +++Separation,Capacitance, cpu time: *****  0.1289793E+22   3964.93
 ===S/R,C/pi.e0.R:   8.3000  0.2373088E+22
                                                             +++Separation,Capacitance, cpu time: *****  0.1320208E+22   4027.81
 ===S/R,C/pi.e0.R:   8.3500  0.2318547E+22
                                                             +++Separation,Capacitance, cpu time: *****  0.1289866E+22   4090.79
 ===S/R,C/pi.e0.R:   8.4000  0.2371449E+22
                                                             +++Separation,Capacitance, cpu time: *****  0.1319296E+22   4154.12
 ===S/R,C/pi.e0.R:   8.4500  0.2380876E+22
                                                             +++Separation,Capacitance, cpu time: *****  0.1324541E+22   4217.54
 ===S/R,C/pi.e0.R:   8.5000  0.2389963E+22
                                                             +++Separation,Capacitance, cpu time: *****  0.1329596E+22   4280.84
 ===S/R,C/pi.e0.R:   8.5500  0.2376926E+22
                                                             +++Separation,Capacitance, cpu time: *****  0.1322343E+22   4344.58
 ===S/R,C/pi.e0.R:   8.6000  0.2358621E+22
                                                             +++Separation,Capacitance, cpu time: *****  0.1312160E+22   4408.09
 ===S/R,C/pi.e0.R:   8.6500  0.2367558E+22
                                                             +++Separation,Capacitance, cpu time: *****  0.1317132E+22   4471.80
 ===S/R,C/pi.e0.R:   8.7000  0.2343364E+22
                                                             +++Separation,Capacitance, cpu time: *****  0.1303672E+22   4535.53
 ===S/R,C/pi.e0.R:   8.7500  0.2324356E+22
                                                             +++Separation,Capacitance, cpu time: *****  0.1293097E+22   4599.34
 ===S/R,C/pi.e0.R:   8.8000  0.2286369E+22
                                                             +++Separation,Capacitance, cpu time: *****  0.1271964E+22   4663.27
 ===S/R,C/pi.e0.R:   8.8500  0.2235772E+22
                                                             +++Separation,Capacitance, cpu time: *****  0.1243816E+22   4727.22
 ===S/R,C/pi.e0.R:   8.9000  0.2147087E+22
                                                             +++Separation,Capacitance, cpu time: *****  0.1194478E+22   4791.33
 ===S/R,C/pi.e0.R:   8.9500  0.1987763E+22
                                                             +++Separation,Capacitance, cpu time: *****  0.1105842E+22   4855.62
 ===S/R,C/pi.e0.R:   9.0000  0.1735377E+22
                                                             +++Separation,Capacitance, cpu time: *****  0.9654337E+21   4919.94
 ===S/R,C/pi.e0.R:   9.0500  0.1655209E+22
                                                             +++Separation,Capacitance, cpu time: *****  0.9208341E+21   4984.38
 ===S/R,C/pi.e0.R:   9.1000  0.1982010E+22
                                                             +++Separation,Capacitance, cpu time: *****  0.1102642E+22   5048.78
 ===S/R,C/pi.e0.R:   9.1500  0.2157037E+22
                                                             +++Separation,Capacitance, cpu time: *****  0.1200014E+22   5113.27
 ===S/R,C/pi.e0.R:   9.2000  0.2309843E+22
                                                             +++Separation,Capacitance, cpu time: *****  0.1285023E+22   5177.88
 ===S/R,C/pi.e0.R:   9.2500  0.2262727E+22
                                                             +++Separation,Capacitance, cpu time: *****  0.1258812E+22   5242.61
 ===S/R,C/pi.e0.R:   9.3000  0.2350832E+22
                                                             +++Separation,Capacitance, cpu time: *****  0.1307827E+22   5307.41
 ===S/R,C/pi.e0.R:   9.3500  0.2314509E+22
                                                             +++Separation,Capacitance, cpu time: *****  0.1287619E+22   5378.61
 ===S/R,C/pi.e0.R:   9.4000  0.2442513E+22
                                                             +++Separation,Capacitance, cpu time: *****  0.1358831E+22   5451.94
 ===S/R,C/pi.e0.R:   9.4500  0.1721847E+22
                                                             +++Separation,Capacitance, cpu time: *****  0.9579066E+21   5517.28
 ===S/R,C/pi.e0.R:   9.5000  0.2467575E+22
                                                             +++Separation,Capacitance, cpu time: *****  0.1372774E+22   5582.95
 ===S/R,C/pi.e0.R:   9.5500  0.2462364E+22
                                                             +++Separation,Capacitance, cpu time: *****  0.1369875E+22   5648.87
 ===S/R,C/pi.e0.R:   9.6000  0.2140390E+22
                                                             +++Separation,Capacitance, cpu time: *****  0.1190753E+22   5714.75
 ===S/R,C/pi.e0.R:   9.6500  0.2468866E+22
                                                             +++Separation,Capacitance, cpu time: *****  0.1373492E+22   5780.85
 ===S/R,C/pi.e0.R:   9.7000  0.2250432E+22
                                                             +++Separation,Capacitance, cpu time: *****  0.1251972E+22   5847.03
 ===S/R,C/pi.e0.R:   9.7500  0.2271902E+22
                                                             +++Separation,Capacitance, cpu time: *****  0.1263916E+22   5912.93
 ===S/R,C/pi.e0.R:   9.8000  0.1124136E+05
                                                             +++Separation,Capacitance, cpu time: *****  0.6253852E+04   5989.12
 ===S/R,C/pi.e0.R:   9.8500  0.2423445E+22
                                                             +++Separation,Capacitance, cpu time: *****  0.1348223E+22   6055.59
 ===S/R,C/pi.e0.R:   9.9000  0.2454182E+22
                                                             +++Separation,Capacitance, cpu time: *****  0.1365323E+22   6122.69
 ===S/R,C/pi.e0.R:   9.9500  0.2432055E+22
                                                             +++Separation,Capacitance, cpu time: *****  0.1353013E+22   6189.25
 ===S/R,C/pi.e0.R:  10.0000  0.2452700E+22
                                                             +++Separation,Capacitance, cpu time: *****  0.1364499E+22   6256.24

                                                           G O O D   B Y E !      Time: 07.09.2021    10:39:49

