Capsol Py
[150. 152. 154. 156. 158. 160. 162. 164. 166. 168. 170. 172. 174. 176.
 178. 180. 182. 184. 186. 188. 190. 192. 194. 196. 198. 200. 202. 204.
 206. 208. 210. 212. 214. 216. 218. 220. 222. 224. 226. 228. 230. 232.
 234. 236. 238. 240. 242. 244. 246. 248.]
0:00:50.024889
0:00:47.520338
0:00:48.486951
0:00:47.239073
0:00:47.882170
0:00:47.704808
0:00:47.626463
0:00:48.623379
0:00:48.996920
0:00:48.157223
0:00:49.095624
0:00:49.973586
0:00:49.260322
0:00:50.438322
0:00:50.791485
0:00:50.053682
0:00:51.550895
0:00:50.603804
0:00:50.658526
0:00:47.999192
0:00:51.338958
0:00:49.571506
0:00:51.244529
0:00:51.292456
0:00:49.685660
0:00:50.911263
0:00:51.250851
0:00:50.970358
0:00:53.007629
0:00:51.197820
0:00:55.147144
0:00:52.805403
0:00:52.454550
0:00:52.520741
0:00:53.706671
0:00:53.740573
0:00:53.043528
0:00:53.096171
0:00:52.478369
0:00:55.273225
0:00:55.069401
0:00:54.386502
0:00:57.312729
0:00:55.318109
0:00:55.902056
0:00:55.714701
0:00:56.908314
0:00:57.288600
0:00:56.023565
0:00:55.663243
Exiting...
