Capsol Py
[100. 102. 104. 106. 108. 110. 112. 114. 116. 118. 120. 122. 124. 126.
 128. 130. 132. 134. 136. 138. 140. 142. 144. 146. 148. 150. 152. 154.
 156. 158. 160. 162. 164. 166. 168. 170. 172. 174. 176. 178. 180. 182.
 184. 186. 188. 190. 192. 194. 196. 198. 200. 202. 204. 206. 208. 210.
 212. 214. 216. 218. 220. 222. 224. 226. 228. 230. 232. 234. 236. 238.
 240. 242. 244. 246. 248.]
Distance 100.0 nm (0/75)
Grids:
r_ratio = 1.022, z_ratio = 1.022
Setting up matrices:
Solving...
C = 1.67220e-15 F
Done!
0:00:06.681738
Distance 102.0 nm (1/75)
Grids:
r_ratio = 1.022, z_ratio = 1.022
Setting up matrices:
Solving...
C = 1.67197e-15 F
Done!
0:00:06.525334
Distance 104.0 nm (2/75)
Grids:
r_ratio = 1.022, z_ratio = 1.022
Setting up matrices:
Solving...
C = 1.67174e-15 F
Done!
0:00:06.533567
Distance 106.0 nm (3/75)
Grids:
r_ratio = 1.022, z_ratio = 1.022
Setting up matrices:
Solving...
C = 1.67152e-15 F
Done!
0:00:06.722597
Distance 108.0 nm (4/75)
Grids:
r_ratio = 1.022, z_ratio = 1.022
Setting up matrices:
Solving...
C = 1.67129e-15 F
Done!
0:00:06.916967
Distance 110.0 nm (5/75)
Grids:
r_ratio = 1.022, z_ratio = 1.022
Setting up matrices:
Solving...
C = 1.67107e-15 F
Done!
0:00:07.025291
Distance 112.0 nm (6/75)
Grids:
r_ratio = 1.022, z_ratio = 1.022
Setting up matrices:
Solving...
C = 1.67085e-15 F
Done!
0:00:06.639434
Distance 114.0 nm (7/75)
Grids:
r_ratio = 1.022, z_ratio = 1.022
Setting up matrices:
Solving...
C = 1.67062e-15 F
Done!
0:00:07.062163
Distance 116.0 nm (8/75)
Grids:
r_ratio = 1.022, z_ratio = 1.022
Setting up matrices:
Solving...
C = 1.67040e-15 F
Done!
0:00:06.956127
Distance 118.0 nm (9/75)
Grids:
r_ratio = 1.022, z_ratio = 1.022
Setting up matrices:
Solving...
C = 1.67018e-15 F
Done!
0:00:06.855773
Distance 120.0 nm (10/75)
Grids:
r_ratio = 1.022, z_ratio = 1.022
Setting up matrices:
Solving...
C = 1.66997e-15 F
Done!
0:00:07.052674
Distance 122.0 nm (11/75)
Grids:
r_ratio = 1.022, z_ratio = 1.022
Setting up matrices:
Solving...
C = 1.66975e-15 F
Done!
0:00:07.302186
Distance 124.0 nm (12/75)
Grids:
r_ratio = 1.022, z_ratio = 1.022
Setting up matrices:
Solving...
C = 1.66953e-15 F
Done!
0:00:07.066851
Distance 126.0 nm (13/75)
Grids:
r_ratio = 1.022, z_ratio = 1.022
Setting up matrices:
Solving...
C = 1.66931e-15 F
Done!
0:00:07.019868
Distance 128.0 nm (14/75)
Grids:
r_ratio = 1.022, z_ratio = 1.022
Setting up matrices:
Solving...
C = 1.66910e-15 F
Done!
0:00:07.303686
Distance 130.0 nm (15/75)
Grids:
r_ratio = 1.022, z_ratio = 1.022
Setting up matrices:
Solving...
C = 1.66888e-15 F
Done!
0:00:07.351621
Distance 132.0 nm (16/75)
Grids:
r_ratio = 1.022, z_ratio = 1.022
Setting up matrices:
Solving...
C = 1.66867e-15 F
Done!
0:00:07.621651
Distance 134.0 nm (17/75)
Grids:
r_ratio = 1.022, z_ratio = 1.022
Setting up matrices:
Solving...
C = 1.66846e-15 F
Done!
0:00:07.238664
Distance 136.0 nm (18/75)
Grids:
r_ratio = 1.022, z_ratio = 1.022
Setting up matrices:
Solving...
C = 1.66824e-15 F
Done!
0:00:07.232843
Distance 138.0 nm (19/75)
Grids:
r_ratio = 1.022, z_ratio = 1.022
Setting up matrices:
Solving...
C = 1.66803e-15 F
Done!
0:00:07.538333
Distance 140.0 nm (20/75)
Grids:
r_ratio = 1.022, z_ratio = 1.022
Setting up matrices:
Solving...
C = 1.66782e-15 F
Done!
0:00:07.515752
Distance 142.0 nm (21/75)
Grids:
r_ratio = 1.022, z_ratio = 1.022
Setting up matrices:
Solving...
C = 1.66761e-15 F
Done!
0:00:07.575234
Distance 144.0 nm (22/75)
Grids:
r_ratio = 1.022, z_ratio = 1.022
Setting up matrices:
Solving...
C = 1.66740e-15 F
Done!
0:00:07.475212
Distance 146.0 nm (23/75)
Grids:
r_ratio = 1.022, z_ratio = 1.022
Setting up matrices:
Solving...
C = 1.66719e-15 F
Done!
0:00:07.567199
Distance 148.0 nm (24/75)
Grids:
r_ratio = 1.022, z_ratio = 1.022
Setting up matrices:
Solving...
C = 1.66698e-15 F
Done!
0:00:07.853072
Distance 150.0 nm (25/75)
Grids:
r_ratio = 1.022, z_ratio = 1.022
Setting up matrices:
Solving...
C = 1.66678e-15 F
Done!
0:00:07.628692
Distance 152.0 nm (26/75)
Grids:
r_ratio = 1.022, z_ratio = 1.022
Setting up matrices:
Solving...
C = 1.66657e-15 F
Done!
0:00:07.577267
Distance 154.0 nm (27/75)
Grids:
r_ratio = 1.022, z_ratio = 1.022
Setting up matrices:
Solving...
C = 1.66636e-15 F
Done!
0:00:07.855294
Distance 156.0 nm (28/75)
Grids:
r_ratio = 1.022, z_ratio = 1.022
Setting up matrices:
Solving...
C = 1.66616e-15 F
Done!
0:00:07.891301
Distance 158.0 nm (29/75)
Grids:
r_ratio = 1.022, z_ratio = 1.022
Setting up matrices:
Solving...
C = 1.66595e-15 F
Done!
0:00:07.809417
Distance 160.0 nm (30/75)
Grids:
r_ratio = 1.022, z_ratio = 1.022
Setting up matrices:
Solving...
C = 1.66575e-15 F
Done!
0:00:07.829229
Distance 162.0 nm (31/75)
Grids:
r_ratio = 1.022, z_ratio = 1.022
Setting up matrices:
Solving...
C = 1.66554e-15 F
Done!
0:00:07.836878
Distance 164.0 nm (32/75)
Grids:
r_ratio = 1.022, z_ratio = 1.022
Setting up matrices:
Solving...
C = 1.66534e-15 F
Done!
0:00:08.027937
Distance 166.0 nm (33/75)
Grids:
r_ratio = 1.022, z_ratio = 1.022
Setting up matrices:
Solving...
C = 1.66514e-15 F
Done!
0:00:08.123478
Distance 168.0 nm (34/75)
Grids:
r_ratio = 1.022, z_ratio = 1.022
Setting up matrices:
Solving...
C = 1.66493e-15 F
Done!
0:00:08.156220
Distance 170.0 nm (35/75)
Grids:
r_ratio = 1.022, z_ratio = 1.022
Setting up matrices:
Solving...
C = 1.66473e-15 F
Done!
0:00:08.096332
Distance 172.0 nm (36/75)
Grids:
r_ratio = 1.022, z_ratio = 1.022
Setting up matrices:
Solving...
C = 1.66453e-15 F
Done!
0:00:08.501994
Distance 174.0 nm (37/75)
Grids:
r_ratio = 1.022, z_ratio = 1.022
Setting up matrices:
Solving...
C = 1.66433e-15 F
Done!
0:00:08.272565
Distance 176.0 nm (38/75)
Grids:
r_ratio = 1.022, z_ratio = 1.022
Setting up matrices:
Solving...
C = 1.66413e-15 F
Done!
0:00:08.022593
Distance 178.0 nm (39/75)
Grids:
r_ratio = 1.022, z_ratio = 1.022
Setting up matrices:
Solving...
C = 1.66393e-15 F
Done!
0:00:08.422100
Distance 180.0 nm (40/75)
Grids:
r_ratio = 1.022, z_ratio = 1.022
Setting up matrices:
Solving...
C = 1.66373e-15 F
Done!
0:00:08.674484
Distance 182.0 nm (41/75)
Grids:
r_ratio = 1.022, z_ratio = 1.022
Setting up matrices:
Solving...
C = 1.66353e-15 F
Done!
0:00:08.226238
Distance 184.0 nm (42/75)
Grids:
r_ratio = 1.022, z_ratio = 1.022
Setting up matrices:
Solving...
C = 1.66333e-15 F
Done!
0:00:08.077440
Distance 186.0 nm (43/75)
Grids:
r_ratio = 1.022, z_ratio = 1.022
Setting up matrices:
Solving...
C = 1.66314e-15 F
Done!
0:00:08.659395
Distance 188.0 nm (44/75)
Grids:
r_ratio = 1.022, z_ratio = 1.022
Setting up matrices:
Solving...
C = 1.66294e-15 F
Done!
0:00:08.950799
Distance 190.0 nm (45/75)
Grids:
r_ratio = 1.022, z_ratio = 1.022
Setting up matrices:
Solving...
C = 1.66274e-15 F
Done!
0:00:08.551891
Distance 192.0 nm (46/75)
Grids:
r_ratio = 1.022, z_ratio = 1.022
Setting up matrices:
Solving...
C = 1.66254e-15 F
Done!
0:00:08.699100
Distance 194.0 nm (47/75)
Grids:
r_ratio = 1.022, z_ratio = 1.022
Setting up matrices:
Solving...
C = 1.66235e-15 F
Done!
0:00:08.728473
Distance 196.0 nm (48/75)
Grids:
r_ratio = 1.022, z_ratio = 1.022
Setting up matrices:
Solving...
C = 1.66215e-15 F
Done!
0:00:08.940030
Distance 198.0 nm (49/75)
Grids:
r_ratio = 1.022, z_ratio = 1.022
Setting up matrices:
Solving...
C = 1.66196e-15 F
Done!
0:00:09.029940
Distance 200.0 nm (50/75)
Grids:
r_ratio = 1.022, z_ratio = 1.022
Setting up matrices:
Solving...
C = 1.66176e-15 F
Done!
0:00:09.239773
Distance 202.0 nm (51/75)
Grids:
r_ratio = 1.022, z_ratio = 1.022
Setting up matrices:
Solving...
C = 1.66157e-15 F
Done!
0:00:09.157337
Distance 204.0 nm (52/75)
Grids:
r_ratio = 1.022, z_ratio = 1.022
Setting up matrices:
Solving...
C = 1.66138e-15 F
Done!
0:00:08.680889
Distance 206.0 nm (53/75)
Grids:
r_ratio = 1.022, z_ratio = 1.022
Setting up matrices:
Solving...
C = 1.66118e-15 F
Done!
0:00:09.220286
Distance 208.0 nm (54/75)
Grids:
r_ratio = 1.022, z_ratio = 1.022
Setting up matrices:
Solving...
C = 1.66099e-15 F
Done!
0:00:09.495257
Distance 210.0 nm (55/75)
Grids:
r_ratio = 1.022, z_ratio = 1.022
Setting up matrices:
Solving...
C = 1.66080e-15 F
Done!
0:00:09.410524
Distance 212.0 nm (56/75)
Grids:
r_ratio = 1.022, z_ratio = 1.022
Setting up matrices:
Solving...
C = 1.66061e-15 F
Done!
0:00:09.443522
Distance 214.0 nm (57/75)
Grids:
r_ratio = 1.022, z_ratio = 1.022
Setting up matrices:
Solving...
C = 1.66042e-15 F
Done!
0:00:09.329334
Distance 216.0 nm (58/75)
Grids:
r_ratio = 1.022, z_ratio = 1.022
Setting up matrices:
Solving...
C = 1.66022e-15 F
Done!
0:00:09.517493
Distance 218.0 nm (59/75)
Grids:
r_ratio = 1.022, z_ratio = 1.022
Setting up matrices:
Solving...
C = 1.66003e-15 F
Done!
0:00:09.431786
Distance 220.0 nm (60/75)
Grids:
r_ratio = 1.022, z_ratio = 1.022
Setting up matrices:
Solving...
C = 1.65984e-15 F
Done!
0:00:10.005326
Distance 222.0 nm (61/75)
Grids:
r_ratio = 1.022, z_ratio = 1.022
Setting up matrices:
Solving...
C = 1.65965e-15 F
Done!
0:00:09.601688
Distance 224.0 nm (62/75)
Grids:
r_ratio = 1.022, z_ratio = 1.022
Setting up matrices:
Solving...
C = 1.65947e-15 F
Done!
0:00:09.816181
Distance 226.0 nm (63/75)
Grids:
r_ratio = 1.022, z_ratio = 1.022
Setting up matrices:
Solving...
C = 1.65928e-15 F
Done!
0:00:09.977190
Distance 228.0 nm (64/75)
Grids:
r_ratio = 1.022, z_ratio = 1.022
Setting up matrices:
Solving...
C = 1.65909e-15 F
Done!
0:00:09.598973
Distance 230.0 nm (65/75)
Grids:
r_ratio = 1.022, z_ratio = 1.022
Setting up matrices:
Solving...
C = 1.65890e-15 F
Done!
0:00:10.140955
Distance 232.0 nm (66/75)
Grids:
r_ratio = 1.022, z_ratio = 1.022
Setting up matrices:
Solving...
C = 1.65871e-15 F
Done!
0:00:10.120226
Distance 234.0 nm (67/75)
Grids:
r_ratio = 1.022, z_ratio = 1.022
Setting up matrices:
Solving...
C = 1.65852e-15 F
Done!
0:00:09.753875
Distance 236.0 nm (68/75)
Grids:
r_ratio = 1.022, z_ratio = 1.022
Setting up matrices:
Solving...
C = 1.65834e-15 F
Done!
0:00:10.242287
Distance 238.0 nm (69/75)
Grids:
r_ratio = 1.022, z_ratio = 1.022
Setting up matrices:
Solving...
C = 1.65815e-15 F
Done!
0:00:09.859508
Distance 240.0 nm (70/75)
Grids:
r_ratio = 1.022, z_ratio = 1.022
Setting up matrices:
Solving...
C = 1.65796e-15 F
Done!
0:00:09.696897
Distance 242.0 nm (71/75)
Grids:
r_ratio = 1.022, z_ratio = 1.022
Setting up matrices:
Solving...
C = 1.65778e-15 F
Done!
0:00:10.561173
Distance 244.0 nm (72/75)
Grids:
r_ratio = 1.022, z_ratio = 1.022
Setting up matrices:
Solving...
C = 1.65759e-15 F
Done!
0:00:09.970448
Distance 246.0 nm (73/75)
Grids:
r_ratio = 1.022, z_ratio = 1.022
Setting up matrices:
Solving...
C = 1.65741e-15 F
Done!
0:00:10.633824
Distance 248.0 nm (74/75)
Grids:
r_ratio = 1.022, z_ratio = 1.022
Setting up matrices:
Solving...
C = 1.65722e-15 F
Done!
0:00:10.717210
Exiting...
