Capsol Py
[150. 152. 154. 156. 158. 160. 162. 164. 166. 168. 170. 172. 174. 176.
 178. 180. 182. 184. 186. 188. 190. 192. 194. 196. 198. 200. 202. 204.
 206. 208. 210. 212. 214. 216. 218. 220. 222. 224. 226. 228. 230. 232.
 234. 236. 238. 240. 242. 244. 246. 248.]
0:01:10.578679
0:01:07.812380
0:01:06.280622
0:01:10.254639
0:01:07.773580
0:01:07.229982
0:01:08.369178
0:01:07.465625
0:01:08.246757
0:01:07.070267
0:01:10.485859
0:01:11.320378
0:01:08.439670
0:01:08.237557
0:01:09.007648
0:01:12.626116
0:01:11.088919
0:01:10.585108
0:01:09.359617
0:01:11.878909
0:01:13.233221
0:01:11.874967
0:01:09.738570
0:01:12.675307
0:01:13.265179
0:01:13.218829
0:01:14.634799
0:01:14.353725
0:01:12.100570
0:01:12.528920
0:01:15.857892
0:01:14.429298
0:01:14.268357
0:01:14.294469
0:01:14.277478
0:01:17.241691
0:01:15.511767
0:01:14.427364
0:01:14.260800
0:01:15.428869
0:01:17.626266
0:01:15.422959
0:01:17.237655
0:01:16.067533
0:01:17.224021
0:01:17.792020
0:01:18.749146
0:01:16.302607
0:01:18.969993
0:01:17.486496
Exiting...
