 
    N o n u n i f o r m - m e s h   F i n i t e   D i f f e r e n c e                                         
       _____                            _  _                                _____         _                   
      / ____|                          (_)| |                              / ____|       | |                  
     | |      __ _  _ __    __ _   ___  _ | |_  __ _  _ __    ___  ___    | (___    ___  | |__   __ ___  _ __ 
     | |     / _` || '_ \  / _` | / __|| || __|/ _` || '_ \  / __|/ _ \    \___ \  / _ \ | |\ \ / // _ \| '__|
     | |____| (_| || |_) || (_| || (__ | || |_| (_| || | | || (__|  __/    ____) || (_) || | \ V /|  __/| |   
      \_____|\__,_|| .__/  \__,_| \___||_| \__|\__,_||_| |_| \___|\___|   |_____/  \___/ |_|  \_/  \___||_|   
                   | |                                                                                        
                   |_|                                    C y l i n d r i c a l   S y m m e t r y   Ver. 0.0  
                                                          (Specialized for AFM Probe over a Multilayer sample)
 
                                                                                  Time: 02.08.2021    15:41:38
 
 
 
 ------------ Echo of input file: capsol.in ----------
  1000  1000     4                                # Number of grids: n, m+, m-
  0.500    1.00E+06    1.00E+06                   # Resolution: h0, Box-size: Rho_max, Z_max    *** ALL LENGTHS IN NANOMETER *** 
   150.000   250.000   4                          # Tip-sample separation: min, max, istep (stepsize=istep*h0)
  30.0  20.0   15.00E+03   13.75E+03  999.99E+00  # Probe shape: Rtip,half-angle,HCone,RCantilever, thickness_Cantilever
   1.000E+00   1.000E+00                          # Sample: eps_r, Thickness_sample
LAPACK    0  0                                    # Solving: Method{LAPACK,PARDISO,NOSOLVE}, Test?(0=No,1=Sphere,2=lever-only),Verbosiy>0)
    1      F # New grid params: Uniformly spaced points, equally spaced sample grid?
 
 
 ===S/R,C/pi.e0.R:   5.0000  0.2037694E+04
                                                             +++Separation,Capacitance, cpu time: *****  0.1700430E+04     79.31
 ===S/R,C/pi.e0.R:   5.0667  0.4843162E+23
                                                             +++Separation,Capacitance, cpu time: *****  0.4041559E+23    142.19
 ===S/R,C/pi.e0.R:   5.1333  0.2037224E+04
                                                             +++Separation,Capacitance, cpu time: *****  0.1700038E+04    209.79
 ===S/R,C/pi.e0.R:   5.2000  0.4657944E+23
                                                             +++Separation,Capacitance, cpu time: *****  0.3886996E+23    273.37
 ===S/R,C/pi.e0.R:   5.2667  0.4759554E+23
                                                             +++Separation,Capacitance, cpu time: *****  0.3971789E+23    337.11
 ===S/R,C/pi.e0.R:   5.3333  0.4757469E+23
                                                             +++Separation,Capacitance, cpu time: *****  0.3970049E+23    401.14
 ===S/R,C/pi.e0.R:   5.4000  0.4657593E+23
                                                             +++Separation,Capacitance, cpu time: *****  0.3886704E+23    465.35
 ===S/R,C/pi.e0.R:   5.4667  0.4309680E+23
                                                             +++Separation,Capacitance, cpu time: *****  0.3596374E+23    529.69
 ===S/R,C/pi.e0.R:   5.5333  0.4244716E+23
                                                             +++Separation,Capacitance, cpu time: *****  0.3542163E+23    594.16
 ===S/R,C/pi.e0.R:   5.6000  0.4596923E+23
                                                             +++Separation,Capacitance, cpu time: *****  0.3836075E+23    657.83
 ===S/R,C/pi.e0.R:   5.6667  0.4854836E+23
                                                             +++Separation,Capacitance, cpu time: *****  0.4051300E+23    721.90
 ===S/R,C/pi.e0.R:   5.7333  0.4737405E+23
                                                             +++Separation,Capacitance, cpu time: *****  0.3953305E+23    786.31
 ===S/R,C/pi.e0.R:   5.8000  0.4680770E+23
                                                             +++Separation,Capacitance, cpu time: *****  0.3906044E+23    850.15
 ===S/R,C/pi.e0.R:   5.8667  0.4588266E+23
                                                             +++Separation,Capacitance, cpu time: *****  0.3828850E+23    914.76
 ===S/R,C/pi.e0.R:   5.9333  0.4592728E+23
                                                             +++Separation,Capacitance, cpu time: *****  0.3832575E+23    979.52
 ===S/R,C/pi.e0.R:   6.0000  0.4619095E+23
                                                             +++Separation,Capacitance, cpu time: *****  0.3854577E+23   1044.62
 ===S/R,C/pi.e0.R:   6.0667  0.4485326E+23
                                                             +++Separation,Capacitance, cpu time: *****  0.3742948E+23   1109.21
 ===S/R,C/pi.e0.R:   6.1333  0.4560000E+23
                                                             +++Separation,Capacitance, cpu time: *****  0.3805263E+23   1173.74
 ===S/R,C/pi.e0.R:   6.2000  0.2033565E+04
                                                             +++Separation,Capacitance, cpu time: *****  0.1696985E+04   1247.26
 ===S/R,C/pi.e0.R:   6.2667  0.4450692E+23
                                                             +++Separation,Capacitance, cpu time: *****  0.3714047E+23   1311.28
 ===S/R,C/pi.e0.R:   6.3333  0.4483585E+23
                                                             +++Separation,Capacitance, cpu time: *****  0.3741496E+23   1376.10
 ===S/R,C/pi.e0.R:   6.4000  0.4452231E+23
                                                             +++Separation,Capacitance, cpu time: *****  0.3715331E+23   1441.47
 ===S/R,C/pi.e0.R:   6.4667  0.4436863E+23
                                                             +++Separation,Capacitance, cpu time: *****  0.3702507E+23   1506.61
 ===S/R,C/pi.e0.R:   6.5333  0.4463056E+23
                                                             +++Separation,Capacitance, cpu time: *****  0.3724364E+23   1572.40
 ===S/R,C/pi.e0.R:   6.6000  0.4241711E+23
                                                             +++Separation,Capacitance, cpu time: *****  0.3539655E+23   1638.54
 ===S/R,C/pi.e0.R:   6.6667  0.4284409E+23
                                                             +++Separation,Capacitance, cpu time: *****  0.3575286E+23   1704.80
 ===S/R,C/pi.e0.R:   6.7333  0.4384411E+23
                                                             +++Separation,Capacitance, cpu time: *****  0.3658737E+23   1771.20
 ===S/R,C/pi.e0.R:   6.8000  0.4230279E+23
                                                             +++Separation,Capacitance, cpu time: *****  0.3530115E+23   1838.25
 ===S/R,C/pi.e0.R:   6.8667  0.4498055E+23
                                                             +++Separation,Capacitance, cpu time: *****  0.3753571E+23   1904.53
 ===S/R,C/pi.e0.R:   6.9333  0.4432282E+23
                                                             +++Separation,Capacitance, cpu time: *****  0.3698684E+23   1971.28
 ===S/R,C/pi.e0.R:   7.0000  0.4439197E+23
                                                             +++Separation,Capacitance, cpu time: *****  0.3704455E+23   2038.08
 ===S/R,C/pi.e0.R:   7.0667  0.4453030E+23
                                                             +++Separation,Capacitance, cpu time: *****  0.3715998E+23   2105.47
 ===S/R,C/pi.e0.R:   7.1333  0.4350182E+23
                                                             +++Separation,Capacitance, cpu time: *****  0.3630172E+23   2173.04
 ===S/R,C/pi.e0.R:   7.2000  0.4589227E+23
                                                             +++Separation,Capacitance, cpu time: *****  0.3829653E+23   2240.88
 ===S/R,C/pi.e0.R:   7.2667  0.2030066E+04
                                                             +++Separation,Capacitance, cpu time: *****  0.1694065E+04   2313.81
 ===S/R,C/pi.e0.R:   7.3333  0.4474955E+23
                                                             +++Separation,Capacitance, cpu time: *****  0.3734294E+23   2381.34
 ===S/R,C/pi.e0.R:   7.4000  0.4300997E+23
                                                             +++Separation,Capacitance, cpu time: *****  0.3589129E+23   2448.28
 ===S/R,C/pi.e0.R:   7.4667  0.4465351E+23
                                                             +++Separation,Capacitance, cpu time: *****  0.3726279E+23   2515.58
 ===S/R,C/pi.e0.R:   7.5333  0.4348627E+23
                                                             +++Separation,Capacitance, cpu time: *****  0.3628875E+23   2583.12
 ===S/R,C/pi.e0.R:   7.6000  0.4278386E+23
                                                             +++Separation,Capacitance, cpu time: *****  0.3570260E+23   2651.19
 ===S/R,C/pi.e0.R:   7.6667  0.4332620E+23
                                                             +++Separation,Capacitance, cpu time: *****  0.3615518E+23   2719.56
 ===S/R,C/pi.e0.R:   7.7333  0.4390929E+23
                                                             +++Separation,Capacitance, cpu time: *****  0.3664176E+23   2787.41
 ===S/R,C/pi.e0.R:   7.8000  0.4392668E+23
                                                             +++Separation,Capacitance, cpu time: *****  0.3665627E+23   2855.47
 ===S/R,C/pi.e0.R:   7.8667  0.4357858E+23
                                                             +++Separation,Capacitance, cpu time: *****  0.3636578E+23   2924.31
 ===S/R,C/pi.e0.R:   7.9333  0.4348986E+23
                                                             +++Separation,Capacitance, cpu time: *****  0.3629175E+23   2992.73
 ===S/R,C/pi.e0.R:   8.0000  0.4287911E+23
                                                             +++Separation,Capacitance, cpu time: *****  0.3578208E+23   3061.28
 ===S/R,C/pi.e0.R:   8.0667  0.4288503E+23
                                                             +++Separation,Capacitance, cpu time: *****  0.3578702E+23   3131.88
 ===S/R,C/pi.e0.R:   8.1333  0.4168382E+23
                                                             +++Separation,Capacitance, cpu time: *****  0.3478463E+23   3201.06
 ===S/R,C/pi.e0.R:   8.2000  0.3873903E+23
                                                             +++Separation,Capacitance, cpu time: *****  0.3232724E+23   3270.19
 ===S/R,C/pi.e0.R:   8.2667  0.4660479E+23
                                                             +++Separation,Capacitance, cpu time: *****  0.3889112E+23   3339.63
 ===S/R,C/pi.e0.R:   8.3333  0.4929224E+23
                                                             +++Separation,Capacitance, cpu time: *****  0.4113376E+23   3409.24

                                                           G O O D   B Y E !      Time: 02.08.2021    15:57:32

