Capsol Py
[150. 152. 154. 156. 158. 160. 162. 164. 166. 168. 170. 172. 174. 176.
 178. 180. 182. 184. 186. 188. 190. 192. 194. 196. 198. 200. 202. 204.
 206. 208. 210. 212. 214. 216. 218. 220. 222. 224. 226. 228. 230. 232.
 234. 236. 238. 240. 242. 244. 246. 248.]
0:00:52.860007
0:00:50.101748
0:00:50.785999
0:00:48.823397
0:00:50.300353
0:00:50.313726
0:00:51.142829
0:00:50.362835
0:00:50.159530
0:00:48.755716
0:00:49.126356
0:00:49.854756
0:00:48.875417
0:00:49.601974
0:00:52.339373
0:00:50.208146
0:00:51.177658
0:00:56.843062
0:00:51.370997
0:00:50.582700
0:00:53.115408
0:00:51.144954
0:00:52.890659
0:00:53.543803
0:00:51.733659
0:00:53.733040
0:00:53.928799
0:00:52.983400
0:00:53.559881
0:00:49.694891
0:00:56.599844
0:00:50.119437
0:00:54.337015
0:00:53.095019
0:00:56.316221
0:00:54.268540
0:00:54.751512
0:00:54.241055
0:00:55.075932
0:00:56.686395
0:00:56.286660
0:00:55.474127
0:00:58.154764
0:00:56.156024
0:00:56.150190
0:00:56.125051
0:00:55.018786
0:00:58.850648
0:00:57.092488
0:00:56.736153
Exiting...
