set verbose

squeue -j $SLURM_JOB_ID
squeue -j 14307180
             JOBID PARTITION     NAME     USER ST       TIME  NODES NODELIST(REASON)
          14307180    serial   CapSol maroniea  R       0:02      1 o0040




module load python/3.7-2019.10
eval `$LMOD_CMD tcsh  load python/3.7-2019.10`
/usr/local/lmod/lmod/libexec/lmod tcsh load python/3.7-2019.10
setenv __LMOD_REF_COUNT_LD_LIBRARY_PATH /usr/local/python/3.7-2019.10/lib:1\;/opt/mvapich2/intel/19.0/2.3.3/lib:1\;/usr/local/gnu/8.4.0/lib64:1\;/usr/local/gnu/8.4.0/lib:1\;/opt/intel/debugger_2019/libipt/intel64/lib:1\;/opt/intel/compilers_and_libraries_2019.5.281/linux/compiler/lib/intel64_lin:1\;/opt/intel/compilers_and_libraries_2019.5.281/linux/daal/lib/intel64_lin:1\;/opt/intel/compilers_and_libraries_2019.5.281/linux/ipp/lib/intel64_lin:1\;/opt/intel/compilers_and_libraries_2019.5.281/linux/mkl/lib/intel64_lin:1\;/opt/intel/compilers_and_libraries_2019.5.281/linux/tbb/lib/intel64_lin/gcc4.4:1 ; setenv LD_LIBRARY_PATH /usr/local/python/3.7-2019.10/lib:/opt/mvapich2/intel/19.0/2.3.3/lib:/usr/local/gnu/8.4.0/lib64:/usr/local/gnu/8.4.0/lib:/opt/intel/debugger_2019/libipt/intel64/lib:/opt/intel/compilers_and_libraries_2019.5.281/linux/compiler/lib/intel64_lin:/opt/intel/compilers_and_libraries_2019.5.281/linux/daal/lib/intel64_lin:/opt/intel/compilers_and_libraries_2019.5.281/linux/ipp/lib/intel64_lin:/opt/intel/compilers_and_libraries_2019.5.281/linux/mkl/lib/intel64_lin:/opt/intel/compilers_and_libraries_2019.5.281/linux/tbb/lib/intel64_lin/gcc4.4 ; setenv __LMOD_REF_COUNT_LOADEDMODULES xalt/latest:1\;gcc-compatibility/8.4.0:1\;intel/19.0.5:1\;mvapich2/2.3.3:1\;modules/sp2020:1\;python/3.7-2019.10:1 ; setenv LOADEDMODULES xalt/latest:gcc-compatibility/8.4.0:intel/19.0.5:mvapich2/2.3.3:modules/sp2020:python/3.7-2019.10 ; setenv __LMOD_REF_COUNT_MANPATH /usr/local/python/3.7-2019.10/share/man:1\;/opt/mvapich2/intel/19.0/2.3.3/share/man:1\;/opt/intel/itac/2019.5.041/man:1\;/opt/intel/documentation_2019/en/debugger/gdb-igfx/man:1\;/opt/intel/inspector_2019/man:1\;/opt/intel/compilers_and_libraries_2019.5.281/linux/man/common:1\;/usr/local/lmod/lmod/share/man:1\;/usr/local/share/man:1\;/usr/share/man/overrides:1\;/usr/share/man:1\;/opt/ibutils/share/man:1\;/opt/ddn/ime/share/man:3\;/opt/puppetlabs/puppet/share/man:1\;/opt/intel/vtune_amplifier_2019/man:1\;/opt/intel/advisor_2019/man:1 ; setenv MANPATH /usr/local/python/3.7-2019.10/share/man:/opt/mvapich2/intel/19.0/2.3.3/share/man:/opt/intel/itac/2019.5.041/man:/opt/intel/documentation_2019/en/debugger/gdb-igfx/man:/opt/intel/inspector_2019/man:/opt/intel/compilers_and_libraries_2019.5.281/linux/man/common:/usr/local/lmod/lmod/share/man:/usr/local/share/man:/usr/share/man/overrides:/usr/share/man:/opt/ibutils/share/man:/opt/ddn/ime/share/man:/opt/puppetlabs/puppet/share/man:/opt/intel/vtune_amplifier_2019/man:/opt/intel/advisor_2019/man ; setenv MODULEPATH /usr/local/share/lmodfiles/MPI/intel/19.0/mvapich2/2.3:/usr/local/share/lmodfiles/Compiler/intel/19.0:/usr/local/share/lmodfiles/Linux:/usr/local/share/lmodfiles/Core:/usr/local/lmod/lmod/modulefiles/Core ; setenv OSC_PYTHON_DIR /usr/local/python/3.7-2019.10 ; setenv __LMOD_REF_COUNT_PATH /usr/local/xalt/xalt/bin:1\;/usr/local/python/3.7-2019.10/bin:2\;/opt/osc/bin:3\;/fs/ess/PSS0003/bin:2\;/usr/local/python/3.7-2019.10/condabin:1\;/opt/mvapich2/intel/19.0/2.3.3/bin:1\;/usr/local/gnu/8.4.0/bin:1\;/opt/intel/itac/2019.5.041/bin:1\;/opt/intel/advisor_2019/bin64:1\;/opt/intel/vtune_amplifier_2019/bin64:1\;/opt/intel/inspector_2019/bin64:1\;/opt/intel/compilers_and_libraries_2019.5.281/linux/bin/intel64:1\;/usr/local/software_usage:1\;/usr/lib64/qt-3.3/bin:1\;/usr/local/bin:1\;/usr/bin:1\;/opt/ibutils/bin:1\;/opt/ddn/ime/bin:2\;/opt/puppetlabs/bin:2\;/usr/local/sbin:1\;/usr/sbin:1 ; setenv PATH /usr/local/xalt/xalt/bin:/usr/local/python/3.7-2019.10/bin:/opt/osc/bin:/fs/ess/PSS0003/bin:/usr/local/python/3.7-2019.10/condabin:/opt/mvapich2/intel/19.0/2.3.3/bin:/usr/local/gnu/8.4.0/bin:/opt/intel/itac/2019.5.041/bin:/opt/intel/advisor_2019/bin64:/opt/intel/vtune_amplifier_2019/bin64:/opt/intel/inspector_2019/bin64:/opt/intel/compilers_and_libraries_2019.5.281/linux/bin/intel64:/usr/local/software_usage:/usr/lib64/qt-3.3/bin:/usr/local/bin:/usr/bin:/opt/ibutils/bin:/opt/ddn/ime/bin:/opt/puppetlabs/bin:/usr/local/sbin:/usr/sbin ; setenv PYTHON_HOME /usr/local/python/3.7-2019.10 ; setenv TCL_LIBRARY /usr/local/python/3.7-2019.10/lib/tcl8.5 ; setenv TK_LIBRARY /usr/local/python/3.7-2019.10/lib/tk8.5 ; setenv __LMOD_REF_COUNT__LMFILES_ /usr/local/share/lmodfiles/Core/xalt/latest.lua:1\;/usr/local/share/lmodfiles/Core/gcc-compatibility/8.4.0.lua:1\;/usr/local/share/lmodfiles/Core/intel/19.0.5.lua:1\;/usr/local/share/lmodfiles/Compiler/intel/19.0/mvapich2/2.3.3.lua:1\;/usr/local/share/lmodfiles/Core/modules/sp2020.lua:1\;/usr/local/share/lmodfiles/Core/python/3.7-2019.10.lua:1 ; setenv _LMFILES_ /usr/local/share/lmodfiles/Core/xalt/latest.lua:/usr/local/share/lmodfiles/Core/gcc-compatibility/8.4.0.lua:/usr/local/share/lmodfiles/Core/intel/19.0.5.lua:/usr/local/share/lmodfiles/Compiler/intel/19.0/mvapich2/2.3.3.lua:/usr/local/share/lmodfiles/Core/modules/sp2020.lua:/usr/local/share/lmodfiles/Core/python/3.7-2019.10.lua ; setenv _ModuleTable001_ X01vZHVsZVRhYmxlXz17WyJNVHZlcnNpb24iXT0zLFsiY19yZWJ1aWxkVGltZSJdPTg2NDAwLFsiY19zaG9ydFRpbWUiXT1mYWxzZSxkZXB0aFQ9e30sZmFtaWx5PXtbImNvbXBhdGliaWxpdHkiXT0iZ2NjLWNvbXBhdGliaWxpdHkiLFsiY29tcGlsZXIiXT0iaW50ZWwiLFsibXBpIl09Im12YXBpY2gyIix9LG1UPXtbImdjYy1jb21wYXRpYmlsaXR5Il09e1siZm4iXT0iL3Vzci9sb2NhbC9zaGFyZS9sbW9kZmlsZXMvQ29yZS9nY2MtY29tcGF0aWJpbGl0eS84LjQuMC5sdWEiLFsiZnVsbE5hbWUiXT0iZ2NjLWNvbXBhdGliaWxpdHkvOC40LjAiLFsibG9hZE9yZGVyIl09Mixwcm9wVD17fSxbInN0YWNrRGVwdGgiXT0yLFsic3RhdHVzIl09ImFjdGl2ZSIsWyJ1c2VyTmFtZSJd ; setenv _ModuleTable002_ PSJnY2MtY29tcGF0aWJpbGl0eS84LjQuMCIsfSxpbnRlbD17WyJmbiJdPSIvdXNyL2xvY2FsL3NoYXJlL2xtb2RmaWxlcy9Db3JlL2ludGVsLzE5LjAuNS5sdWEiLFsiZnVsbE5hbWUiXT0iaW50ZWwvMTkuMC41IixbImxvYWRPcmRlciJdPTMscHJvcFQ9e30sWyJzdGFja0RlcHRoIl09MSxbInN0YXR1cyJdPSJhY3RpdmUiLFsidXNlck5hbWUiXT0iaW50ZWwiLH0sbW9kdWxlcz17WyJmbiJdPSIvdXNyL2xvY2FsL3NoYXJlL2xtb2RmaWxlcy9Db3JlL21vZHVsZXMvc3AyMDIwLmx1YSIsWyJmdWxsTmFtZSJdPSJtb2R1bGVzL3NwMjAyMCIsWyJsb2FkT3JkZXIiXT01LHByb3BUPXt9LFsic3RhY2tEZXB0aCJdPTAsWyJzdGF0dXMiXT0iYWN0aXZlIixbInVzZXJOYW1lIl09Im1v ; setenv _ModuleTable003_ ZHVsZXMiLH0sbXZhcGljaDI9e1siZm4iXT0iL3Vzci9sb2NhbC9zaGFyZS9sbW9kZmlsZXMvQ29tcGlsZXIvaW50ZWwvMTkuMC9tdmFwaWNoMi8yLjMuMy5sdWEiLFsiZnVsbE5hbWUiXT0ibXZhcGljaDIvMi4zLjMiLFsibG9hZE9yZGVyIl09NCxwcm9wVD17fSxbInN0YWNrRGVwdGgiXT0xLFsic3RhdHVzIl09ImFjdGl2ZSIsWyJ1c2VyTmFtZSJdPSJtdmFwaWNoMiIsfSxweXRob249e1siZm4iXT0iL3Vzci9sb2NhbC9zaGFyZS9sbW9kZmlsZXMvQ29yZS9weXRob24vMy43LTIwMTkuMTAubHVhIixbImZ1bGxOYW1lIl09InB5dGhvbi8zLjctMjAxOS4xMCIsWyJsb2FkT3JkZXIiXT02LHByb3BUPXt9LFsic3RhY2tEZXB0aCJdPTAsWyJzdGF0dXMiXT0iYWN0aXZlIixbInVz ; setenv _ModuleTable004_ ZXJOYW1lIl09InB5dGhvbi8zLjctMjAxOS4xMCIsfSx4YWx0PXtbImZuIl09Ii91c3IvbG9jYWwvc2hhcmUvbG1vZGZpbGVzL0NvcmUveGFsdC9sYXRlc3QubHVhIixbImZ1bGxOYW1lIl09InhhbHQvbGF0ZXN0IixbImxvYWRPcmRlciJdPTEscHJvcFQ9e30sWyJzdGFja0RlcHRoIl09MSxbInN0YXR1cyJdPSJhY3RpdmUiLFsidXNlck5hbWUiXT0ieGFsdCIsfSx9LG1wYXRoQT17Ii91c3IvbG9jYWwvc2hhcmUvbG1vZGZpbGVzL01QSS9pbnRlbC8xOS4wL212YXBpY2gyLzIuMyIsIi91c3IvbG9jYWwvc2hhcmUvbG1vZGZpbGVzL0NvbXBpbGVyL2ludGVsLzE5LjAiLCIvdXNyL2xvY2FsL3NoYXJlL2xtb2RmaWxlcy9MaW51eCIsIi91c3IvbG9jYWwvc2hhcmUvbG1vZGZpbGVz ; setenv _ModuleTable005_ L0NvcmUiLCIvdXNyL2xvY2FsL2xtb2QvbG1vZC9tb2R1bGVmaWxlcy9Db3JlIix9LFsic3lzdGVtQmFzZU1QQVRIIl09Ii91c3IvbG9jYWwvc2hhcmUvbG1vZGZpbGVzL0xpbnV4Oi91c3IvbG9jYWwvc2hhcmUvbG1vZGZpbGVzL0NvcmU6L3Vzci9sb2NhbC9sbW9kL2xtb2QvbW9kdWxlZmlsZXMvQ29yZSIsfQ== ; setenv _ModuleTable_Sz_ 5 ;
setenv __LMOD_REF_COUNT_LD_LIBRARY_PATH /usr/local/python/3.7-2019.10/lib:1;/opt/mvapich2/intel/19.0/2.3.3/lib:1;/usr/local/gnu/8.4.0/lib64:1;/usr/local/gnu/8.4.0/lib:1;/opt/intel/debugger_2019/libipt/intel64/lib:1;/opt/intel/compilers_and_libraries_2019.5.281/linux/compiler/lib/intel64_lin:1;/opt/intel/compilers_and_libraries_2019.5.281/linux/daal/lib/intel64_lin:1;/opt/intel/compilers_and_libraries_2019.5.281/linux/ipp/lib/intel64_lin:1;/opt/intel/compilers_and_libraries_2019.5.281/linux/mkl/lib/intel64_lin:1;/opt/intel/compilers_and_libraries_2019.5.281/linux/tbb/lib/intel64_lin/gcc4.4:1
setenv LD_LIBRARY_PATH /usr/local/python/3.7-2019.10/lib:/opt/mvapich2/intel/19.0/2.3.3/lib:/usr/local/gnu/8.4.0/lib64:/usr/local/gnu/8.4.0/lib:/opt/intel/debugger_2019/libipt/intel64/lib:/opt/intel/compilers_and_libraries_2019.5.281/linux/compiler/lib/intel64_lin:/opt/intel/compilers_and_libraries_2019.5.281/linux/daal/lib/intel64_lin:/opt/intel/compilers_and_libraries_2019.5.281/linux/ipp/lib/intel64_lin:/opt/intel/compilers_and_libraries_2019.5.281/linux/mkl/lib/intel64_lin:/opt/intel/compilers_and_libraries_2019.5.281/linux/tbb/lib/intel64_lin/gcc4.4
setenv __LMOD_REF_COUNT_LOADEDMODULES xalt/latest:1;gcc-compatibility/8.4.0:1;intel/19.0.5:1;mvapich2/2.3.3:1;modules/sp2020:1;python/3.7-2019.10:1
setenv LOADEDMODULES xalt/latest:gcc-compatibility/8.4.0:intel/19.0.5:mvapich2/2.3.3:modules/sp2020:python/3.7-2019.10
setenv __LMOD_REF_COUNT_MANPATH /usr/local/python/3.7-2019.10/share/man:1;/opt/mvapich2/intel/19.0/2.3.3/share/man:1;/opt/intel/itac/2019.5.041/man:1;/opt/intel/documentation_2019/en/debugger/gdb-igfx/man:1;/opt/intel/inspector_2019/man:1;/opt/intel/compilers_and_libraries_2019.5.281/linux/man/common:1;/usr/local/lmod/lmod/share/man:1;/usr/local/share/man:1;/usr/share/man/overrides:1;/usr/share/man:1;/opt/ibutils/share/man:1;/opt/ddn/ime/share/man:3;/opt/puppetlabs/puppet/share/man:1;/opt/intel/vtune_amplifier_2019/man:1;/opt/intel/advisor_2019/man:1
setenv MANPATH /usr/local/python/3.7-2019.10/share/man:/opt/mvapich2/intel/19.0/2.3.3/share/man:/opt/intel/itac/2019.5.041/man:/opt/intel/documentation_2019/en/debugger/gdb-igfx/man:/opt/intel/inspector_2019/man:/opt/intel/compilers_and_libraries_2019.5.281/linux/man/common:/usr/local/lmod/lmod/share/man:/usr/local/share/man:/usr/share/man/overrides:/usr/share/man:/opt/ibutils/share/man:/opt/ddn/ime/share/man:/opt/puppetlabs/puppet/share/man:/opt/intel/vtune_amplifier_2019/man:/opt/intel/advisor_2019/man
setenv MODULEPATH /usr/local/share/lmodfiles/MPI/intel/19.0/mvapich2/2.3:/usr/local/share/lmodfiles/Compiler/intel/19.0:/usr/local/share/lmodfiles/Linux:/usr/local/share/lmodfiles/Core:/usr/local/lmod/lmod/modulefiles/Core
setenv OSC_PYTHON_DIR /usr/local/python/3.7-2019.10
setenv __LMOD_REF_COUNT_PATH /usr/local/xalt/xalt/bin:1;/usr/local/python/3.7-2019.10/bin:2;/opt/osc/bin:3;/fs/ess/PSS0003/bin:2;/usr/local/python/3.7-2019.10/condabin:1;/opt/mvapich2/intel/19.0/2.3.3/bin:1;/usr/local/gnu/8.4.0/bin:1;/opt/intel/itac/2019.5.041/bin:1;/opt/intel/advisor_2019/bin64:1;/opt/intel/vtune_amplifier_2019/bin64:1;/opt/intel/inspector_2019/bin64:1;/opt/intel/compilers_and_libraries_2019.5.281/linux/bin/intel64:1;/usr/local/software_usage:1;/usr/lib64/qt-3.3/bin:1;/usr/local/bin:1;/usr/bin:1;/opt/ibutils/bin:1;/opt/ddn/ime/bin:2;/opt/puppetlabs/bin:2;/usr/local/sbin:1;/usr/sbin:1
setenv PATH /usr/local/xalt/xalt/bin:/usr/local/python/3.7-2019.10/bin:/opt/osc/bin:/fs/ess/PSS0003/bin:/usr/local/python/3.7-2019.10/condabin:/opt/mvapich2/intel/19.0/2.3.3/bin:/usr/local/gnu/8.4.0/bin:/opt/intel/itac/2019.5.041/bin:/opt/intel/advisor_2019/bin64:/opt/intel/vtune_amplifier_2019/bin64:/opt/intel/inspector_2019/bin64:/opt/intel/compilers_and_libraries_2019.5.281/linux/bin/intel64:/usr/local/software_usage:/usr/lib64/qt-3.3/bin:/usr/local/bin:/usr/bin:/opt/ibutils/bin:/opt/ddn/ime/bin:/opt/puppetlabs/bin:/usr/local/sbin:/usr/sbin
setenv PYTHON_HOME /usr/local/python/3.7-2019.10
setenv TCL_LIBRARY /usr/local/python/3.7-2019.10/lib/tcl8.5
setenv TK_LIBRARY /usr/local/python/3.7-2019.10/lib/tk8.5
setenv __LMOD_REF_COUNT__LMFILES_ /usr/local/share/lmodfiles/Core/xalt/latest.lua:1;/usr/local/share/lmodfiles/Core/gcc-compatibility/8.4.0.lua:1;/usr/local/share/lmodfiles/Core/intel/19.0.5.lua:1;/usr/local/share/lmodfiles/Compiler/intel/19.0/mvapich2/2.3.3.lua:1;/usr/local/share/lmodfiles/Core/modules/sp2020.lua:1;/usr/local/share/lmodfiles/Core/python/3.7-2019.10.lua:1
setenv _LMFILES_ /usr/local/share/lmodfiles/Core/xalt/latest.lua:/usr/local/share/lmodfiles/Core/gcc-compatibility/8.4.0.lua:/usr/local/share/lmodfiles/Core/intel/19.0.5.lua:/usr/local/share/lmodfiles/Compiler/intel/19.0/mvapich2/2.3.3.lua:/usr/local/share/lmodfiles/Core/modules/sp2020.lua:/usr/local/share/lmodfiles/Core/python/3.7-2019.10.lua
setenv _ModuleTable001_ X01vZHVsZVRhYmxlXz17WyJNVHZlcnNpb24iXT0zLFsiY19yZWJ1aWxkVGltZSJdPTg2NDAwLFsiY19zaG9ydFRpbWUiXT1mYWxzZSxkZXB0aFQ9e30sZmFtaWx5PXtbImNvbXBhdGliaWxpdHkiXT0iZ2NjLWNvbXBhdGliaWxpdHkiLFsiY29tcGlsZXIiXT0iaW50ZWwiLFsibXBpIl09Im12YXBpY2gyIix9LG1UPXtbImdjYy1jb21wYXRpYmlsaXR5Il09e1siZm4iXT0iL3Vzci9sb2NhbC9zaGFyZS9sbW9kZmlsZXMvQ29yZS9nY2MtY29tcGF0aWJpbGl0eS84LjQuMC5sdWEiLFsiZnVsbE5hbWUiXT0iZ2NjLWNvbXBhdGliaWxpdHkvOC40LjAiLFsibG9hZE9yZGVyIl09Mixwcm9wVD17fSxbInN0YWNrRGVwdGgiXT0yLFsic3RhdHVzIl09ImFjdGl2ZSIsWyJ1c2VyTmFtZSJd
setenv _ModuleTable002_ PSJnY2MtY29tcGF0aWJpbGl0eS84LjQuMCIsfSxpbnRlbD17WyJmbiJdPSIvdXNyL2xvY2FsL3NoYXJlL2xtb2RmaWxlcy9Db3JlL2ludGVsLzE5LjAuNS5sdWEiLFsiZnVsbE5hbWUiXT0iaW50ZWwvMTkuMC41IixbImxvYWRPcmRlciJdPTMscHJvcFQ9e30sWyJzdGFja0RlcHRoIl09MSxbInN0YXR1cyJdPSJhY3RpdmUiLFsidXNlck5hbWUiXT0iaW50ZWwiLH0sbW9kdWxlcz17WyJmbiJdPSIvdXNyL2xvY2FsL3NoYXJlL2xtb2RmaWxlcy9Db3JlL21vZHVsZXMvc3AyMDIwLmx1YSIsWyJmdWxsTmFtZSJdPSJtb2R1bGVzL3NwMjAyMCIsWyJsb2FkT3JkZXIiXT01LHByb3BUPXt9LFsic3RhY2tEZXB0aCJdPTAsWyJzdGF0dXMiXT0iYWN0aXZlIixbInVzZXJOYW1lIl09Im1v
setenv _ModuleTable003_ ZHVsZXMiLH0sbXZhcGljaDI9e1siZm4iXT0iL3Vzci9sb2NhbC9zaGFyZS9sbW9kZmlsZXMvQ29tcGlsZXIvaW50ZWwvMTkuMC9tdmFwaWNoMi8yLjMuMy5sdWEiLFsiZnVsbE5hbWUiXT0ibXZhcGljaDIvMi4zLjMiLFsibG9hZE9yZGVyIl09NCxwcm9wVD17fSxbInN0YWNrRGVwdGgiXT0xLFsic3RhdHVzIl09ImFjdGl2ZSIsWyJ1c2VyTmFtZSJdPSJtdmFwaWNoMiIsfSxweXRob249e1siZm4iXT0iL3Vzci9sb2NhbC9zaGFyZS9sbW9kZmlsZXMvQ29yZS9weXRob24vMy43LTIwMTkuMTAubHVhIixbImZ1bGxOYW1lIl09InB5dGhvbi8zLjctMjAxOS4xMCIsWyJsb2FkT3JkZXIiXT02LHByb3BUPXt9LFsic3RhY2tEZXB0aCJdPTAsWyJzdGF0dXMiXT0iYWN0aXZlIixbInVz
setenv _ModuleTable004_ ZXJOYW1lIl09InB5dGhvbi8zLjctMjAxOS4xMCIsfSx4YWx0PXtbImZuIl09Ii91c3IvbG9jYWwvc2hhcmUvbG1vZGZpbGVzL0NvcmUveGFsdC9sYXRlc3QubHVhIixbImZ1bGxOYW1lIl09InhhbHQvbGF0ZXN0IixbImxvYWRPcmRlciJdPTEscHJvcFQ9e30sWyJzdGFja0RlcHRoIl09MSxbInN0YXR1cyJdPSJhY3RpdmUiLFsidXNlck5hbWUiXT0ieGFsdCIsfSx9LG1wYXRoQT17Ii91c3IvbG9jYWwvc2hhcmUvbG1vZGZpbGVzL01QSS9pbnRlbC8xOS4wL212YXBpY2gyLzIuMyIsIi91c3IvbG9jYWwvc2hhcmUvbG1vZGZpbGVzL0NvbXBpbGVyL2ludGVsLzE5LjAiLCIvdXNyL2xvY2FsL3NoYXJlL2xtb2RmaWxlcy9MaW51eCIsIi91c3IvbG9jYWwvc2hhcmUvbG1vZGZpbGVz
setenv _ModuleTable005_ L0NvcmUiLCIvdXNyL2xvY2FsL2xtb2QvbG1vZC9tb2R1bGVmaWxlcy9Db3JlIix9LFsic3lzdGVtQmFzZU1QQVRIIl09Ii91c3IvbG9jYWwvc2hhcmUvbG1vZGZpbGVzL0xpbnV4Oi91c3IvbG9jYWwvc2hhcmUvbG1vZGZpbGVzL0NvcmU6L3Vzci9sb2NhbC9sbW9kL2xtb2QvbW9kdWxlZmlsZXMvQ29yZSIsfQ==
setenv _ModuleTable_Sz_ 5
eval `$LMOD_SETTARG_CMD -s csh`
: -s csh

conda activate fenics
conda activate fenics

CommandNotFoundError: Your shell has not been properly configured to use 'conda activate'.
To initialize your shell, run

    $ conda init <SHELL_NAME>

Currently supported shells are:
  - bash
  - fish
  - tcsh
  - xonsh
  - zsh
  - powershell

See 'conda init --help' for more information and options.

IMPORTANT: You may need to close and restart your shell after running 'conda init'.







cd $TMPDIR
cd /tmp/slurmtmp.14307180
cp -p "$SLURM_SUBMIT_DIR/capsol.in" capsol.in
cp -p /users/PSS0003/maroniea2023/xsede-spm/capsol-fortran/0298-capsol/capsol.in capsol.in



capsol_from_file.py > "$SLURM_SUBMIT_DIR/capsol.in.out"
capsol_from_file.py
capsol_from_file.py: Command not found.
ls -al
ls -al
total 8
drwx------  3 maroniea2023 PSS0003   39 Jul 27 15:35 .
drwxrwxrwt 21 root         root    4096 Jul 27 15:35 ..
-rw-r--r--  1 maroniea2023 PSS0003  750 Jul 27 15:08 capsol.in
drwxr-xr-x  2 maroniea2023 PSS0003   22 Jul 27 15:35 .jobdata


cp * $SLURM_SUBMIT_DIR
cp capsol.in /users/PSS0003/maroniea2023/xsede-spm/capsol-fortran/0298-capsol
