 
    N o n u n i f o r m - m e s h   F i n i t e   D i f f e r e n c e                                         
       _____                            _  _                                _____         _                   
      / ____|                          (_)| |                              / ____|       | |                  
     | |      __ _  _ __    __ _   ___  _ | |_  __ _  _ __    ___  ___    | (___    ___  | |__   __ ___  _ __ 
     | |     / _` || '_ \  / _` | / __|| || __|/ _` || '_ \  / __|/ _ \    \___ \  / _ \ | |\ \ / // _ \| '__|
     | |____| (_| || |_) || (_| || (__ | || |_| (_| || | | || (__|  __/    ____) || (_) || | \ V /|  __/| |   
      \_____|\__,_|| .__/  \__,_| \___||_| \__|\__,_||_| |_| \___|\___|   |_____/  \___/ |_|  \_/  \___||_|   
                   | |                                                                                        
                   |_|                                    C y l i n d r i c a l   S y m m e t r y   Ver. 0.0  
                                                          (Specialized for AFM Probe over a Multilayer sample)
 
                                                                                  Time: 02.08.2021    15:41:38
 
 
 
 ------------ Echo of input file: capsol.in ----------
  1000  1000     4                                # Number of grids: n, m+, m-
  0.500    1.00E+06    1.00E+06                   # Resolution: h0, Box-size: Rho_max, Z_max    *** ALL LENGTHS IN NANOMETER *** 
   150.000   250.000   4                          # Tip-sample separation: min, max, istep (stepsize=istep*h0)
  30.0  20.0   15.00E+03   13.75E+03  999.99E+00  # Probe shape: Rtip,half-angle,HCone,RCantilever, thickness_Cantilever
   1.000E+00   1.000E+00                          # Sample: eps_r, Thickness_sample
LAPACK    0  0                                    # Solving: Method{LAPACK,PARDISO,NOSOLVE}, Test?(0=No,1=Sphere,2=lever-only),Verbosiy>0)
   50      F # New grid params: Uniformly spaced points, equally spaced sample grid?
 
 
 ===S/R,C/pi.e0.R:   5.0000  0.2036860E+04
                                                             +++Separation,Capacitance, cpu time: *****  0.1699734E+04     75.15
 ===S/R,C/pi.e0.R:   5.0667  0.5002921E+23
                                                             +++Separation,Capacitance, cpu time: *****  0.4174875E+23    138.27
 ===S/R,C/pi.e0.R:   5.1333  0.2036389E+04
                                                             +++Separation,Capacitance, cpu time: *****  0.1699341E+04    210.01
 ===S/R,C/pi.e0.R:   5.2000  0.4809361E+23
                                                             +++Separation,Capacitance, cpu time: *****  0.4013351E+23    272.90
 ===S/R,C/pi.e0.R:   5.2667  0.4910666E+23
                                                             +++Separation,Capacitance, cpu time: *****  0.4097889E+23    336.16
 ===S/R,C/pi.e0.R:   5.3333  0.4919021E+23
                                                             +++Separation,Capacitance, cpu time: *****  0.4104862E+23    399.42
 ===S/R,C/pi.e0.R:   5.4000  0.4841204E+23
                                                             +++Separation,Capacitance, cpu time: *****  0.4039924E+23    463.04
 ===S/R,C/pi.e0.R:   5.4667  0.4565080E+23
                                                             +++Separation,Capacitance, cpu time: *****  0.3809502E+23    526.82
 ===S/R,C/pi.e0.R:   5.5333  0.4300554E+23
                                                             +++Separation,Capacitance, cpu time: *****  0.3588759E+23    590.80
 ===S/R,C/pi.e0.R:   5.6000  0.4687061E+23
                                                             +++Separation,Capacitance, cpu time: *****  0.3911294E+23    655.17
 ===S/R,C/pi.e0.R:   5.6667  0.4986039E+23
                                                             +++Separation,Capacitance, cpu time: *****  0.4160788E+23    719.52
 ===S/R,C/pi.e0.R:   5.7333  0.4879858E+23
                                                             +++Separation,Capacitance, cpu time: *****  0.4072181E+23    783.52
 ===S/R,C/pi.e0.R:   5.8000  0.4825930E+23
                                                             +++Separation,Capacitance, cpu time: *****  0.4027179E+23    847.26
 ===S/R,C/pi.e0.R:   5.8667  0.4737246E+23
                                                             +++Separation,Capacitance, cpu time: *****  0.3953173E+23    911.77
 ===S/R,C/pi.e0.R:   5.9333  0.4740280E+23
                                                             +++Separation,Capacitance, cpu time: *****  0.3955704E+23    976.60
 ===S/R,C/pi.e0.R:   6.0000  0.4793019E+23
                                                             +++Separation,Capacitance, cpu time: *****  0.3999714E+23   1041.35
 ===S/R,C/pi.e0.R:   6.0667  0.4633383E+23
                                                             +++Separation,Capacitance, cpu time: *****  0.3866500E+23   1106.14
 ===S/R,C/pi.e0.R:   6.1333  0.4728243E+23
                                                             +++Separation,Capacitance, cpu time: *****  0.3945660E+23   1170.78
 ===S/R,C/pi.e0.R:   6.2000  0.2032726E+04
                                                             +++Separation,Capacitance, cpu time: *****  0.1696284E+04   1241.07
 ===S/R,C/pi.e0.R:   6.2667  0.4593799E+23
                                                             +++Separation,Capacitance, cpu time: *****  0.3833468E+23   1307.54
 ===S/R,C/pi.e0.R:   6.3333  0.4639624E+23
                                                             +++Separation,Capacitance, cpu time: *****  0.3871709E+23   1374.16
 ===S/R,C/pi.e0.R:   6.4000  0.4602787E+23
                                                             +++Separation,Capacitance, cpu time: *****  0.3840968E+23   1441.04
 ===S/R,C/pi.e0.R:   6.4667  0.4593696E+23
                                                             +++Separation,Capacitance, cpu time: *****  0.3833382E+23   1508.17
 ===S/R,C/pi.e0.R:   6.5333  0.4631298E+23
                                                             +++Separation,Capacitance, cpu time: *****  0.3864761E+23   1575.46
 ===S/R,C/pi.e0.R:   6.6000  0.4461084E+23
                                                             +++Separation,Capacitance, cpu time: *****  0.3722719E+23   1642.84
 ===S/R,C/pi.e0.R:   6.6667  0.4396212E+23
                                                             +++Separation,Capacitance, cpu time: *****  0.3668584E+23   1710.50
 ===S/R,C/pi.e0.R:   6.7333  0.4515853E+23
                                                             +++Separation,Capacitance, cpu time: *****  0.3768423E+23   1778.31
 ===S/R,C/pi.e0.R:   6.8000  0.4368695E+23
                                                             +++Separation,Capacitance, cpu time: *****  0.3645622E+23   1846.43
 ===S/R,C/pi.e0.R:   6.8667  0.4647120E+23
                                                             +++Separation,Capacitance, cpu time: *****  0.3877964E+23   1914.66
 ===S/R,C/pi.e0.R:   6.9333  0.4571978E+23
                                                             +++Separation,Capacitance, cpu time: *****  0.3815259E+23   1983.06
 ===S/R,C/pi.e0.R:   7.0000  0.4583846E+23
                                                             +++Separation,Capacitance, cpu time: *****  0.3825162E+23   2051.67
 ===S/R,C/pi.e0.R:   7.0667  0.4621429E+23
                                                             +++Separation,Capacitance, cpu time: *****  0.3856525E+23   2120.52
 ===S/R,C/pi.e0.R:   7.1333  0.4472833E+23
                                                             +++Separation,Capacitance, cpu time: *****  0.3732524E+23   2189.50
 ===S/R,C/pi.e0.R:   7.2000  0.4744676E+23
                                                             +++Separation,Capacitance, cpu time: *****  0.3959373E+23   2258.64
 ===S/R,C/pi.e0.R:   7.2667  0.2029222E+04
                                                             +++Separation,Capacitance, cpu time: *****  0.1693360E+04   2337.25
 ===S/R,C/pi.e0.R:   7.3333  0.4630342E+23
                                                             +++Separation,Capacitance, cpu time: *****  0.3863963E+23   2406.90
 ===S/R,C/pi.e0.R:   7.4000  0.4428369E+23
                                                             +++Separation,Capacitance, cpu time: *****  0.3695419E+23   2476.67
 ===S/R,C/pi.e0.R:   7.4667  0.4603430E+23
                                                             +++Separation,Capacitance, cpu time: *****  0.3841505E+23   2545.84
 ===S/R,C/pi.e0.R:   7.5333  0.4483989E+23
                                                             +++Separation,Capacitance, cpu time: *****  0.3741833E+23   2615.80
 ===S/R,C/pi.e0.R:   7.6000  0.4413667E+23
                                                             +++Separation,Capacitance, cpu time: *****  0.3683150E+23   2685.55
 ===S/R,C/pi.e0.R:   7.6667  0.4469597E+23
                                                             +++Separation,Capacitance, cpu time: *****  0.3729823E+23   2753.90
 ===S/R,C/pi.e0.R:   7.7333  0.4530904E+23
                                                             +++Separation,Capacitance, cpu time: *****  0.3780983E+23   2822.53
 ===S/R,C/pi.e0.R:   7.8000  0.4534654E+23
                                                             +++Separation,Capacitance, cpu time: *****  0.3784112E+23   2891.42
 ===S/R,C/pi.e0.R:   7.8667  0.4503796E+23
                                                             +++Separation,Capacitance, cpu time: *****  0.3758362E+23   2959.37
 ===S/R,C/pi.e0.R:   7.9333  0.4502135E+23
                                                             +++Separation,Capacitance, cpu time: *****  0.3756975E+23   3027.86
 ===S/R,C/pi.e0.R:   8.0000  0.4449296E+23
                                                             +++Separation,Capacitance, cpu time: *****  0.3712882E+23   3096.92
 ===S/R,C/pi.e0.R:   8.0667  0.4464091E+23
                                                             +++Separation,Capacitance, cpu time: *****  0.3725229E+23   3167.13
 ===S/R,C/pi.e0.R:   8.1333  0.4372388E+23
                                                             +++Separation,Capacitance, cpu time: *****  0.3648703E+23   3236.45
 ===S/R,C/pi.e0.R:   8.2000  0.4140614E+23
                                                             +++Separation,Capacitance, cpu time: *****  0.3455291E+23   3305.99
 ===S/R,C/pi.e0.R:   8.2667  0.4770605E+23
                                                             +++Separation,Capacitance, cpu time: *****  0.3981011E+23   3375.57
 ===S/R,C/pi.e0.R:   8.3333  0.4972997E+23
                                                             +++Separation,Capacitance, cpu time: *****  0.4149904E+23   3445.91

                                                           G O O D   B Y E !      Time: 02.08.2021    15:57:43

