Capsol Py
[150. 152. 154. 156. 158. 160. 162. 164. 166. 168. 170. 172. 174. 176.
 178. 180. 182. 184. 186. 188. 190. 192. 194. 196. 198. 200. 202. 204.
 206. 208. 210. 212. 214. 216. 218. 220. 222. 224. 226. 228. 230. 232.
 234. 236. 238. 240. 242. 244. 246. 248.]
0:01:21.178997
0:01:18.925019
0:01:18.558505
0:01:19.129604
0:01:21.371381
0:01:24.063623
0:01:23.230240
0:01:23.745939
0:01:22.848575
0:01:24.153120
0:01:17.999042
0:01:10.111582
0:01:11.127892
0:01:09.087128
0:01:09.330625
0:01:10.035409
0:01:10.431906
0:01:09.891854
0:01:11.004837
0:01:12.788339
0:01:11.825317
0:01:10.853893
0:01:12.588235
0:01:12.495030
0:01:14.128230
0:01:11.245765
0:01:13.965762
0:01:11.731708
0:01:13.353748
0:01:12.230633
0:01:16.046694
0:01:13.275573
0:01:13.639890
0:01:14.892771
0:01:14.240342
0:01:16.510846
0:01:13.279766
0:01:17.447848
0:01:16.138378
0:01:15.291191
0:01:20.055686
0:01:17.416771
0:01:17.058057
0:01:15.962767
0:01:17.475796
0:01:15.775923
0:01:17.434958
0:01:15.745405
0:01:16.653981
0:01:17.758705
Exiting...
