Capsol Py
[150. 156. 162. 168. 174. 180. 186. 192. 198. 204. 210. 216. 222. 228.
 234. 240. 246. 252. 258. 264. 270. 276. 282. 288. 294. 300. 306. 312.
 318. 324. 330. 336. 342. 348. 354. 360. 366. 372. 378. 384. 390. 396.
 402. 408. 414. 420. 426. 432. 438. 444. 450. 456. 462. 468. 474. 480.
 486. 492. 498. 504. 510. 516. 522. 528. 534. 540. 546. 552. 558. 564.
 570. 576. 582. 588. 594. 600. 606. 612. 618. 624. 630. 636. 642. 648.]
0:00:22.935916
0:00:23.355303
0:00:22.812081
0:00:23.937502
0:00:23.905321
0:00:24.105066
0:00:24.236665
0:00:25.432676
0:00:26.055585
0:00:25.460367
0:00:26.210207
0:00:26.481463
0:00:26.387376
0:00:26.600505
0:00:28.191152
0:00:27.675977
0:00:27.944195
0:00:28.133612
0:00:28.591442
0:00:28.781771
0:00:30.227252
0:00:29.628514
0:00:30.461455
0:00:31.320476
0:00:30.732788
0:00:31.861918
0:00:31.529982
0:00:31.090735
0:00:33.647263
0:00:32.904314
0:00:34.872492
0:00:36.399775
0:00:34.292810
0:00:35.516087
0:00:35.089804
0:00:37.574150
0:00:40.704231
0:00:40.086982
0:00:41.567715
0:00:42.308269
0:00:39.347324
0:00:39.115874
0:00:38.158566
0:00:38.663525
0:00:38.570811
0:00:39.884975
0:00:41.553533
0:00:41.391039
0:00:40.232045
0:00:42.152912
0:00:44.058017
0:00:47.318027
0:00:46.434677
0:00:43.828822
0:00:46.582547
0:00:45.436665
0:00:47.651910
0:00:47.213345
0:00:47.329603
0:00:44.393801
0:00:45.907189
0:00:46.574067
0:00:49.243447
0:00:48.866580
0:00:46.672296
0:00:50.490139
0:00:53.723557
0:00:55.383236
0:00:52.813216
0:00:50.790148
0:00:50.128573
0:00:52.175664
0:00:50.849112
0:00:53.039637
0:00:50.246521
0:00:53.962657
0:00:54.810818
0:00:55.709085
0:00:58.193688
0:00:53.656941
0:00:56.105383
0:00:58.325608
0:00:59.475333
0:01:00.673488
Exiting...
