Capsol Py
[150. 156. 162. 168. 174. 180. 186. 192. 198. 204. 210. 216. 222. 228.
 234. 240. 246. 252. 258. 264. 270. 276. 282. 288. 294. 300. 306. 312.
 318. 324. 330. 336. 342. 348. 354. 360. 366. 372. 378. 384. 390. 396.
 402. 408. 414. 420. 426. 432. 438. 444. 450. 456. 462. 468. 474. 480.
 486. 492. 498. 504. 510. 516. 522. 528. 534. 540. 546. 552. 558. 564.
 570. 576. 582. 588. 594. 600. 606. 612. 618. 624. 630. 636. 642. 648.]
0:00:24.321026
0:00:24.436893
0:00:24.138000
0:00:25.590280
0:00:25.861470
0:00:25.548113
0:00:26.505717
0:00:26.839437
0:00:26.748784
0:00:27.069002
0:00:27.971584
0:00:28.132950
0:00:27.628247
0:00:28.343851
0:00:29.221663
0:00:28.603787
0:00:30.112191
0:00:30.537945
0:00:30.542201
0:00:30.450496
0:00:31.141577
0:00:32.548035
0:00:32.392583
0:00:31.408147
0:00:32.923340
0:00:34.954311
0:00:33.487181
0:00:35.585958
0:00:34.246066
0:00:33.927425
0:00:37.585160
0:00:36.242686
0:00:36.193260
0:00:35.940995
0:00:36.322936
0:00:38.086702
0:00:36.542256
0:00:37.510916
0:00:38.280563
0:00:39.726871
0:00:41.638625
0:00:40.480798
0:00:41.915348
0:00:40.640363
0:00:41.660364
0:00:42.520999
0:00:42.044712
0:00:43.176408
0:00:42.523312
0:00:43.209312
0:00:46.287675
0:00:42.836222
0:00:44.875119
0:00:45.682337
0:00:45.650792
0:00:45.559589
0:00:46.455367
0:00:48.309970
0:00:49.056162
0:00:48.073969
0:00:49.937249
0:00:47.675750
0:00:48.858877
0:00:49.742935
0:00:49.117442
0:00:53.202492
0:00:52.073366
0:00:52.000701
0:00:50.256318
0:00:53.103201
0:00:52.499806
0:00:51.878358
0:00:54.579257
0:00:53.308265
0:00:54.620049
0:00:56.506694
0:00:53.396121
0:00:55.901049
0:00:56.810790
0:00:57.095724
0:00:58.702090
0:00:57.126711
0:00:59.498086
0:00:57.209364
Exiting...
