 
    N o n u n i f o r m - m e s h   F i n i t e   D i f f e r e n c e                                         
       _____                            _  _                                _____         _                   
      / ____|                          (_)| |                              / ____|       | |                  
     | |      __ _  _ __    __ _   ___  _ | |_  __ _  _ __    ___  ___    | (___    ___  | |__   __ ___  _ __ 
     | |     / _` || '_ \  / _` | / __|| || __|/ _` || '_ \  / __|/ _ \    \___ \  / _ \ | |\ \ / // _ \| '__|
     | |____| (_| || |_) || (_| || (__ | || |_| (_| || | | || (__|  __/    ____) || (_) || | \ V /|  __/| |   
      \_____|\__,_|| .__/  \__,_| \___||_| \__|\__,_||_| |_| \___|\___|   |_____/  \___/ |_|  \_/  \___||_|   
                   | |                                                                                        
                   |_|                                    C y l i n d r i c a l   S y m m e t r y   Ver. 0.0  
                                                          (Specialized for AFM Probe over a Multilayer sample)
 
                                                                                  Time: 06.09.2021    21:07:30
 
 
 
 ------------ Echo of input file: capsol.in ----------
   750   750    88                                # Number of grids: n, m+, m-
  0.500    1.00E+06    1.00E+06                   # Resolution: h0, Box-size: Rho_max, Z_max    *** ALL LENGTHS IN NANOMETER *** 
   100.000   249.990   4                          # Tip-sample separation: min, max, istep (stepsize=istep*h0)
  30.0  20.0   12.00E+03   13.75E+03    1.00E+03  # Probe shape: Rtip,half-angle,HCone,RCantilever, thickness_Cantilever
  30.000E+00   9.980E+00                          # Sample: eps_r, Thickness_sample
LAPACK    0  0                                    # Solving: Method{LAPACK,PARDISO,NOSOLVE}, Test?(0=No,1=Sphere,2=lever-only),Verbosiy>0)
    1      T # New grid params: Uniformly spaced points, equally spaced sample grid?
 
 
 ===S/R,C/pi.e0.R:   3.3333  0.2105724E+04
                                                             +++Separation,Capacitance, cpu time: *****  0.1757200E+04     27.26
 ===S/R,C/pi.e0.R:   3.4000  0.2105430E+04
                                                             +++Separation,Capacitance, cpu time: *****  0.1756955E+04     55.24
 ===S/R,C/pi.e0.R:   3.4667  0.2105139E+04
                                                             +++Separation,Capacitance, cpu time: *****  0.1756712E+04     89.63
 ===S/R,C/pi.e0.R:   3.5333  0.2104848E+04
                                                             +++Separation,Capacitance, cpu time: *****  0.1756469E+04    124.35
 ===S/R,C/pi.e0.R:   3.6000  0.2104559E+04
                                                             +++Separation,Capacitance, cpu time: *****  0.1756228E+04    156.69
 ===S/R,C/pi.e0.R:   3.6667  0.2104271E+04
                                                             +++Separation,Capacitance, cpu time: *****  0.1755988E+04    185.00
 ===S/R,C/pi.e0.R:   3.7333  0.2103984E+04
                                                             +++Separation,Capacitance, cpu time: *****  0.1755748E+04    220.00
 ===S/R,C/pi.e0.R:   3.8000  0.2103698E+04
                                                             +++Separation,Capacitance, cpu time: *****  0.1755510E+04    250.90
 ===S/R,C/pi.e0.R:   3.8667  0.2103414E+04
                                                             +++Separation,Capacitance, cpu time: *****  0.1755273E+04    288.42
 ===S/R,C/pi.e0.R:   3.9333  0.2103131E+04
                                                             +++Separation,Capacitance, cpu time: *****  0.1755036E+04    317.30
 ===S/R,C/pi.e0.R:   4.0000  0.2102848E+04
                                                             +++Separation,Capacitance, cpu time: *****  0.1754801E+04    346.17
 ===S/R,C/pi.e0.R:   4.0667  0.2102567E+04
                                                             +++Separation,Capacitance, cpu time: *****  0.1754566E+04    379.68
 ===S/R,C/pi.e0.R:   4.1333  0.2102287E+04
                                                             +++Separation,Capacitance, cpu time: *****  0.1754333E+04    408.78
 ===S/R,C/pi.e0.R:   4.2000  0.2102008E+04
                                                             +++Separation,Capacitance, cpu time: *****  0.1754100E+04    438.06
 ===S/R,C/pi.e0.R:   4.2667  0.2101730E+04
                                                             +++Separation,Capacitance, cpu time: *****  0.1753868E+04    467.33
 ===S/R,C/pi.e0.R:   4.3333  0.2101454E+04
                                                             +++Separation,Capacitance, cpu time: *****  0.1753637E+04    496.68
 ===S/R,C/pi.e0.R:   4.4000  0.2101178E+04
                                                             +++Separation,Capacitance, cpu time: *****  0.1753407E+04    526.10
 ===S/R,C/pi.e0.R:   4.4667  0.2100903E+04
                                                             +++Separation,Capacitance, cpu time: *****  0.1753177E+04    558.04
 ===S/R,C/pi.e0.R:   4.5333  0.2100629E+04
                                                             +++Separation,Capacitance, cpu time: *****  0.1752948E+04    589.78
 ===S/R,C/pi.e0.R:   4.6000  0.2100356E+04
                                                             +++Separation,Capacitance, cpu time: *****  0.1752721E+04    619.44
 ===S/R,C/pi.e0.R:   4.6667  0.2100083E+04
                                                             +++Separation,Capacitance, cpu time: *****  0.1752493E+04    651.50
 ===S/R,C/pi.e0.R:   4.7333  0.2099812E+04
                                                             +++Separation,Capacitance, cpu time: *****  0.1752267E+04    688.64
 ===S/R,C/pi.e0.R:   4.8000  0.2099542E+04
                                                             +++Separation,Capacitance, cpu time: *****  0.1752041E+04    718.77
 ===S/R,C/pi.e0.R:   4.8667  0.2099272E+04
                                                             +++Separation,Capacitance, cpu time: *****  0.1751817E+04    749.15
 ===S/R,C/pi.e0.R:   4.9333  0.2099004E+04
                                                             +++Separation,Capacitance, cpu time: *****  0.1751592E+04    781.74
 ===S/R,C/pi.e0.R:   5.0000  0.2098736E+04
                                                             +++Separation,Capacitance, cpu time: *****  0.1751369E+04    814.46
 ===S/R,C/pi.e0.R:   5.0667  0.2098469E+04
                                                             +++Separation,Capacitance, cpu time: *****  0.1751146E+04    849.43
 ===S/R,C/pi.e0.R:   5.1333  0.2098203E+04
                                                             +++Separation,Capacitance, cpu time: *****  0.1750924E+04    879.97
 ===S/R,C/pi.e0.R:   5.2000  0.2097937E+04
                                                             +++Separation,Capacitance, cpu time: *****  0.1750702E+04    915.18
 ===S/R,C/pi.e0.R:   5.2667  0.2097673E+04
                                                             +++Separation,Capacitance, cpu time: *****  0.1750482E+04    945.86
 ===S/R,C/pi.e0.R:   5.3333  0.2097409E+04
                                                             +++Separation,Capacitance, cpu time: *****  0.1750261E+04    976.57
 ===S/R,C/pi.e0.R:   5.4000  0.2097146E+04
                                                             +++Separation,Capacitance, cpu time: *****  0.1750042E+04   1009.92
 ===S/R,C/pi.e0.R:   5.4667  0.2096883E+04
                                                             +++Separation,Capacitance, cpu time: *****  0.1749823E+04   1045.60
 ===S/R,C/pi.e0.R:   5.5333  0.2096622E+04
                                                             +++Separation,Capacitance, cpu time: *****  0.1749605E+04   1076.69
 ===S/R,C/pi.e0.R:   5.6000  0.2096361E+04
                                                             +++Separation,Capacitance, cpu time: *****  0.1749387E+04   1107.72
 ===S/R,C/pi.e0.R:   5.6667  0.2096101E+04
                                                             +++Separation,Capacitance, cpu time: *****  0.1749170E+04   1138.99
 ===S/R,C/pi.e0.R:   5.7333  0.2095841E+04
                                                             +++Separation,Capacitance, cpu time: *****  0.1748954E+04   1170.27
 ===S/R,C/pi.e0.R:   5.8000  0.2095583E+04
                                                             +++Separation,Capacitance, cpu time: *****  0.1748738E+04   1204.24
 ===S/R,C/pi.e0.R:   5.8667  0.2095325E+04
                                                             +++Separation,Capacitance, cpu time: *****  0.1748522E+04   1235.66
 ===S/R,C/pi.e0.R:   5.9333  0.2095067E+04
                                                             +++Separation,Capacitance, cpu time: *****  0.1748307E+04   1272.31
 ===S/R,C/pi.e0.R:   6.0000  0.2094811E+04
                                                             +++Separation,Capacitance, cpu time: *****  0.1748093E+04   1306.49
 ===S/R,C/pi.e0.R:   6.0667  0.2094554E+04
                                                             +++Separation,Capacitance, cpu time: *****  0.1747880E+04   1340.91
 ===S/R,C/pi.e0.R:   6.1333  0.2094299E+04
                                                             +++Separation,Capacitance, cpu time: *****  0.1747666E+04   1372.82
 ===S/R,C/pi.e0.R:   6.2000  0.2094044E+04
                                                             +++Separation,Capacitance, cpu time: *****  0.1747454E+04   1404.98
 ===S/R,C/pi.e0.R:   6.2667  0.2093790E+04
                                                             +++Separation,Capacitance, cpu time: *****  0.1747242E+04   1442.07
 ===S/R,C/pi.e0.R:   6.3333  0.2093537E+04
                                                             +++Separation,Capacitance, cpu time: *****  0.1747030E+04   1474.44
 ===S/R,C/pi.e0.R:   6.4000  0.2093284E+04
                                                             +++Separation,Capacitance, cpu time: *****  0.1746819E+04   1506.77
 ===S/R,C/pi.e0.R:   6.4667  0.2093032E+04
                                                             +++Separation,Capacitance, cpu time: *****  0.1746609E+04   1541.88
 ===S/R,C/pi.e0.R:   6.5333  0.2092780E+04
                                                             +++Separation,Capacitance, cpu time: *****  0.1746399E+04   1576.89
 ===S/R,C/pi.e0.R:   6.6000  0.2092529E+04
                                                             +++Separation,Capacitance, cpu time: *****  0.1746189E+04   1609.64
 ===S/R,C/pi.e0.R:   6.6667  0.2092278E+04
                                                             +++Separation,Capacitance, cpu time: *****  0.1745980E+04   1644.98
 ===S/R,C/pi.e0.R:   6.7333  0.2092028E+04
                                                             +++Separation,Capacitance, cpu time: *****  0.1745772E+04   1683.10
 ===S/R,C/pi.e0.R:   6.8000  0.2091779E+04
                                                             +++Separation,Capacitance, cpu time: *****  0.1745564E+04   1716.09
 ===S/R,C/pi.e0.R:   6.8667  0.2091530E+04
                                                             +++Separation,Capacitance, cpu time: *****  0.1745356E+04   1751.86
 ===S/R,C/pi.e0.R:   6.9333  0.2091282E+04
                                                             +++Separation,Capacitance, cpu time: *****  0.1745149E+04   1785.08
 ===S/R,C/pi.e0.R:   7.0000  0.2091035E+04
                                                             +++Separation,Capacitance, cpu time: *****  0.1744942E+04   1821.07
 ===S/R,C/pi.e0.R:   7.0667  0.2090787E+04
                                                             +++Separation,Capacitance, cpu time: *****  0.1744736E+04   1854.48
 ===S/R,C/pi.e0.R:   7.1333  0.2090541E+04
                                                             +++Separation,Capacitance, cpu time: *****  0.1744530E+04   1888.10
 ===S/R,C/pi.e0.R:   7.2000  0.2090295E+04
                                                             +++Separation,Capacitance, cpu time: *****  0.1744325E+04   1927.00
 ===S/R,C/pi.e0.R:   7.2667  0.2090049E+04
                                                             +++Separation,Capacitance, cpu time: *****  0.1744120E+04   1963.44
 ===S/R,C/pi.e0.R:   7.3333  0.2089804E+04
                                                             +++Separation,Capacitance, cpu time: *****  0.1743916E+04   1999.77
 ===S/R,C/pi.e0.R:   7.4000  0.2089560E+04
                                                             +++Separation,Capacitance, cpu time: *****  0.1743712E+04   2044.27
 ===S/R,C/pi.e0.R:   7.4667  0.2089316E+04
                                                             +++Separation,Capacitance, cpu time: *****  0.1743508E+04   2078.31
 ===S/R,C/pi.e0.R:   7.5333  0.2089073E+04
                                                             +++Separation,Capacitance, cpu time: *****  0.1743305E+04   2112.38
 ===S/R,C/pi.e0.R:   7.6000  0.2088830E+04
                                                             +++Separation,Capacitance, cpu time: *****  0.1743102E+04   2151.95
 ===S/R,C/pi.e0.R:   7.6667  0.2088587E+04
                                                             +++Separation,Capacitance, cpu time: *****  0.1742900E+04   2194.26
 ===S/R,C/pi.e0.R:   7.7333  0.2088345E+04
                                                             +++Separation,Capacitance, cpu time: *****  0.1742698E+04   2234.13
 ===S/R,C/pi.e0.R:   7.8000  0.2088104E+04
                                                             +++Separation,Capacitance, cpu time: *****  0.1742497E+04   2268.67
 ===S/R,C/pi.e0.R:   7.8667  0.2087863E+04
                                                             +++Separation,Capacitance, cpu time: *****  0.1742296E+04   2308.78
 ===S/R,C/pi.e0.R:   7.9333  0.2087623E+04
                                                             +++Separation,Capacitance, cpu time: *****  0.1742095E+04   2346.26
 ===S/R,C/pi.e0.R:   8.0000  0.2087383E+04
                                                             +++Separation,Capacitance, cpu time: *****  0.1741895E+04   2386.69
 ===S/R,C/pi.e0.R:   8.0667  0.2087143E+04
                                                             +++Separation,Capacitance, cpu time: *****  0.1741695E+04   2427.22
 ===S/R,C/pi.e0.R:   8.1333  0.2086904E+04
                                                             +++Separation,Capacitance, cpu time: *****  0.1741495E+04   2462.42
 ===S/R,C/pi.e0.R:   8.2000  0.2086665E+04
                                                             +++Separation,Capacitance, cpu time: *****  0.1741296E+04   2503.18
 ===S/R,C/pi.e0.R:   8.2667  0.2086427E+04
                                                             +++Separation,Capacitance, cpu time: *****  0.1741098E+04   2541.25

                                                           G O O D   B Y E !      Time: 06.09.2021    21:19:17

